[ 2023-01-08 01:40:56,470 ] 16 root - INFO - >>>>>>>>>>>>>>>>>>>>>>>>>>>>>>>>>>>>>>>> Data Ingestion <<<<<<<<<<<<<<<<<<<<<<<<<<<<<<<<<<<<<<<<
[ 2023-01-08 01:40:56,471 ] 23 root - INFO - Exporting collection data as pandas dataframe
[ 2023-01-08 01:40:56,471 ] 22 root - INFO - Reading data from database: aps and collection: sensor
[ 2023-01-08 01:41:00,404 ] 24 root - INFO - Found columns: Index(['_id', 'class', 'aa_000', 'ab_000', 'ac_000', 'ad_000', 'ae_000',
       'af_000', 'ag_000', 'ag_001',
       ...
       'ee_002', 'ee_003', 'ee_004', 'ee_005', 'ee_006', 'ee_007', 'ee_008',
       'ee_009', 'ef_000', 'eg_000'],
      dtype='object', length=172)
[ 2023-01-08 01:41:00,405 ] 26 root - INFO - Dropping column: _id 
[ 2023-01-08 01:41:00,621 ] 28 root - INFO - Row and columns in df: (36188, 171)
[ 2023-01-08 01:41:00,621 ] 29 root - INFO - Save data in feature store
[ 2023-01-08 01:41:01,430 ] 35 root - INFO - Create feature store folder if not available
[ 2023-01-08 01:41:01,431 ] 39 root - INFO - Save df to feature store folder
[ 2023-01-08 01:41:04,144 ] 44 root - INFO - Split dataset into train and test set
[ 2023-01-08 01:41:04,739 ] 48 root - INFO - Create dataset directory folder if not available
[ 2023-01-08 01:41:04,740 ] 53 root - INFO - Save df to feature store folder
[ 2023-01-08 01:41:06,968 ] 65 root - INFO - Data ingestion artifact: DataIngestionArtifact(feature_store_file_path='/config/workspace/artifact/01082023__014056/data_ingestion/feature_store/sensor.csv', train_file_path='/config/workspace/artifact/01082023__014056/data_ingestion/dataset/train.csv', test_file_path='/config/workspace/artifact/01082023__014056/data_ingestion/dataset/test.csv')
[ 2023-01-08 01:41:07,385 ] 22 root - INFO - >>>>>>>>>>>>>>>>>>>>>>>>>>>>>>>>>>>>>>>> Data Validation <<<<<<<<<<<<<<<<<<<<<<<<<<<<<<<<<<<<<<<<
[ 2023-01-08 01:41:07,385 ] 110 root - INFO - Reading base dataframe
[ 2023-01-08 01:41:10,310 ] 113 root - INFO - Replace na value in base df
[ 2023-01-08 01:41:10,310 ] 115 root - INFO - Drop null values colums from base df
[ 2023-01-08 01:41:11,294 ] 44 root - INFO - selecting column name which contains null above the 0.2
[ 2023-01-08 01:41:11,295 ] 47 root - INFO - Columns to drop: ['ab_000', 'ad_000', 'bk_000', 'bl_000', 'bm_000', 'bn_000', 'bo_000', 'bp_000', 'bq_000', 'br_000', 'cf_000', 'cg_000', 'ch_000', 'co_000', 'cr_000', 'ct_000', 'cu_000', 'cv_000', 'cx_000', 'cy_000', 'cz_000', 'da_000', 'db_000', 'dc_000']
[ 2023-01-08 01:41:11,381 ] 118 root - INFO - Reading train dataframe
[ 2023-01-08 01:41:11,772 ] 120 root - INFO - Reading test dataframe
[ 2023-01-08 01:41:11,872 ] 123 root - INFO - Drop null values colums from train df
[ 2023-01-08 01:41:11,883 ] 44 root - INFO - selecting column name which contains null above the 0.2
[ 2023-01-08 01:41:11,884 ] 47 root - INFO - Columns to drop: ['ab_000', 'ad_000', 'bk_000', 'bl_000', 'bm_000', 'bn_000', 'bo_000', 'bp_000', 'bq_000', 'br_000', 'cf_000', 'cg_000', 'ch_000', 'co_000', 'cr_000', 'ct_000', 'cu_000', 'cv_000', 'cx_000', 'cy_000', 'cz_000', 'da_000', 'db_000', 'dc_000']
[ 2023-01-08 01:41:11,896 ] 125 root - INFO - Drop null values colums from test df
[ 2023-01-08 01:41:11,900 ] 44 root - INFO - selecting column name which contains null above the 0.2
[ 2023-01-08 01:41:11,900 ] 47 root - INFO - Columns to drop: ['ab_000', 'ad_000', 'bk_000', 'bl_000', 'bm_000', 'bn_000', 'bo_000', 'bp_000', 'bq_000', 'br_000', 'cf_000', 'cg_000', 'ch_000', 'co_000', 'cr_000', 'ct_000', 'cu_000', 'cv_000', 'cx_000', 'cy_000', 'cz_000', 'da_000', 'db_000', 'dc_000']
[ 2023-01-08 01:41:17,970 ] 134 root - INFO - Is all required columns present in train df
[ 2023-01-08 01:41:17,970 ] 136 root - INFO - Is all required columns present in test df
[ 2023-01-08 01:41:17,971 ] 140 root - INFO - As all column are available in train df hence detecting data drift
[ 2023-01-08 01:41:17,971 ] 88 root - INFO - Hypothesis class: object, object 
[ 2023-01-08 01:41:18,104 ] 88 root - INFO - Hypothesis aa_000: float64, float64 
[ 2023-01-08 01:41:18,114 ] 88 root - INFO - Hypothesis ac_000: float64, float64 
[ 2023-01-08 01:41:18,122 ] 88 root - INFO - Hypothesis ae_000: float64, float64 
[ 2023-01-08 01:41:18,161 ] 88 root - INFO - Hypothesis af_000: float64, float64 
[ 2023-01-08 01:41:18,198 ] 88 root - INFO - Hypothesis ag_000: float64, float64 
[ 2023-01-08 01:41:18,235 ] 88 root - INFO - Hypothesis ag_001: float64, float64 
[ 2023-01-08 01:41:18,272 ] 88 root - INFO - Hypothesis ag_002: float64, float64 
[ 2023-01-08 01:41:18,309 ] 88 root - INFO - Hypothesis ag_003: float64, float64 
[ 2023-01-08 01:41:18,351 ] 88 root - INFO - Hypothesis ag_004: float64, float64 
[ 2023-01-08 01:41:18,362 ] 88 root - INFO - Hypothesis ag_005: float64, float64 
[ 2023-01-08 01:41:18,406 ] 88 root - INFO - Hypothesis ag_006: float64, float64 
[ 2023-01-08 01:41:18,417 ] 88 root - INFO - Hypothesis ag_007: float64, float64 
[ 2023-01-08 01:41:18,426 ] 88 root - INFO - Hypothesis ag_008: float64, float64 
[ 2023-01-08 01:41:18,434 ] 88 root - INFO - Hypothesis ag_009: float64, float64 
[ 2023-01-08 01:41:18,475 ] 88 root - INFO - Hypothesis ah_000: float64, float64 
[ 2023-01-08 01:41:18,486 ] 88 root - INFO - Hypothesis ai_000: float64, float64 
[ 2023-01-08 01:41:18,525 ] 88 root - INFO - Hypothesis aj_000: float64, float64 
[ 2023-01-08 01:41:18,531 ] 88 root - INFO - Hypothesis ak_000: float64, float64 
[ 2023-01-08 01:41:18,568 ] 88 root - INFO - Hypothesis al_000: float64, float64 
[ 2023-01-08 01:41:18,609 ] 88 root - INFO - Hypothesis am_0: float64, float64 
[ 2023-01-08 01:41:18,649 ] 88 root - INFO - Hypothesis an_000: float64, float64 
[ 2023-01-08 01:41:18,660 ] 88 root - INFO - Hypothesis ao_000: float64, float64 
[ 2023-01-08 01:41:18,670 ] 88 root - INFO - Hypothesis ap_000: float64, float64 
[ 2023-01-08 01:41:18,681 ] 88 root - INFO - Hypothesis aq_000: float64, float64 
[ 2023-01-08 01:41:18,692 ] 88 root - INFO - Hypothesis ar_000: float64, float64 
[ 2023-01-08 01:41:18,729 ] 88 root - INFO - Hypothesis as_000: float64, float64 
[ 2023-01-08 01:41:18,766 ] 88 root - INFO - Hypothesis at_000: float64, float64 
[ 2023-01-08 01:41:18,805 ] 88 root - INFO - Hypothesis au_000: float64, float64 
[ 2023-01-08 01:41:18,843 ] 88 root - INFO - Hypothesis av_000: float64, float64 
[ 2023-01-08 01:41:18,852 ] 88 root - INFO - Hypothesis ax_000: float64, float64 
[ 2023-01-08 01:41:18,894 ] 88 root - INFO - Hypothesis ay_000: float64, float64 
[ 2023-01-08 01:41:18,931 ] 88 root - INFO - Hypothesis ay_001: float64, float64 
[ 2023-01-08 01:41:18,968 ] 88 root - INFO - Hypothesis ay_002: float64, float64 
[ 2023-01-08 01:41:19,006 ] 88 root - INFO - Hypothesis ay_003: float64, float64 
[ 2023-01-08 01:41:19,043 ] 88 root - INFO - Hypothesis ay_004: float64, float64 
[ 2023-01-08 01:41:19,081 ] 88 root - INFO - Hypothesis ay_005: float64, float64 
[ 2023-01-08 01:41:19,122 ] 88 root - INFO - Hypothesis ay_006: float64, float64 
[ 2023-01-08 01:41:19,165 ] 88 root - INFO - Hypothesis ay_007: float64, float64 
[ 2023-01-08 01:41:19,175 ] 88 root - INFO - Hypothesis ay_008: float64, float64 
[ 2023-01-08 01:41:19,218 ] 88 root - INFO - Hypothesis ay_009: float64, float64 
[ 2023-01-08 01:41:19,254 ] 88 root - INFO - Hypothesis az_000: float64, float64 
[ 2023-01-08 01:41:19,264 ] 88 root - INFO - Hypothesis az_001: float64, float64 
[ 2023-01-08 01:41:19,274 ] 88 root - INFO - Hypothesis az_002: float64, float64 
[ 2023-01-08 01:41:19,283 ] 88 root - INFO - Hypothesis az_003: float64, float64 
[ 2023-01-08 01:41:19,293 ] 88 root - INFO - Hypothesis az_004: float64, float64 
[ 2023-01-08 01:41:19,303 ] 88 root - INFO - Hypothesis az_005: float64, float64 
[ 2023-01-08 01:41:19,314 ] 88 root - INFO - Hypothesis az_006: float64, float64 
[ 2023-01-08 01:41:19,323 ] 88 root - INFO - Hypothesis az_007: float64, float64 
[ 2023-01-08 01:41:19,361 ] 88 root - INFO - Hypothesis az_008: float64, float64 
[ 2023-01-08 01:41:19,398 ] 88 root - INFO - Hypothesis az_009: float64, float64 
[ 2023-01-08 01:41:19,435 ] 88 root - INFO - Hypothesis ba_000: float64, float64 
[ 2023-01-08 01:41:19,480 ] 88 root - INFO - Hypothesis ba_001: float64, float64 
[ 2023-01-08 01:41:19,490 ] 88 root - INFO - Hypothesis ba_002: float64, float64 
[ 2023-01-08 01:41:19,501 ] 88 root - INFO - Hypothesis ba_003: float64, float64 
[ 2023-01-08 01:41:19,512 ] 88 root - INFO - Hypothesis ba_004: float64, float64 
[ 2023-01-08 01:41:19,522 ] 88 root - INFO - Hypothesis ba_005: float64, float64 
[ 2023-01-08 01:41:19,532 ] 88 root - INFO - Hypothesis ba_006: float64, float64 
[ 2023-01-08 01:41:19,542 ] 88 root - INFO - Hypothesis ba_007: float64, float64 
[ 2023-01-08 01:41:19,586 ] 88 root - INFO - Hypothesis ba_008: float64, float64 
[ 2023-01-08 01:41:19,594 ] 88 root - INFO - Hypothesis ba_009: float64, float64 
[ 2023-01-08 01:41:19,635 ] 88 root - INFO - Hypothesis bb_000: float64, float64 
[ 2023-01-08 01:41:19,645 ] 88 root - INFO - Hypothesis bc_000: float64, float64 
[ 2023-01-08 01:41:19,686 ] 88 root - INFO - Hypothesis bd_000: float64, float64 
[ 2023-01-08 01:41:19,694 ] 88 root - INFO - Hypothesis be_000: float64, float64 
[ 2023-01-08 01:41:19,702 ] 88 root - INFO - Hypothesis bf_000: float64, float64 
[ 2023-01-08 01:41:19,742 ] 88 root - INFO - Hypothesis bg_000: float64, float64 
[ 2023-01-08 01:41:19,753 ] 88 root - INFO - Hypothesis bh_000: float64, float64 
[ 2023-01-08 01:41:19,763 ] 88 root - INFO - Hypothesis bi_000: float64, float64 
[ 2023-01-08 01:41:19,774 ] 88 root - INFO - Hypothesis bj_000: float64, float64 
[ 2023-01-08 01:41:19,786 ] 88 root - INFO - Hypothesis bs_000: float64, float64 
[ 2023-01-08 01:41:19,797 ] 88 root - INFO - Hypothesis bt_000: float64, float64 
[ 2023-01-08 01:41:19,808 ] 88 root - INFO - Hypothesis bu_000: float64, float64 
[ 2023-01-08 01:41:19,818 ] 88 root - INFO - Hypothesis bv_000: float64, float64 
[ 2023-01-08 01:41:19,829 ] 88 root - INFO - Hypothesis bx_000: float64, float64 
[ 2023-01-08 01:41:19,839 ] 88 root - INFO - Hypothesis by_000: float64, float64 
[ 2023-01-08 01:41:19,849 ] 88 root - INFO - Hypothesis bz_000: float64, float64 
[ 2023-01-08 01:41:19,858 ] 88 root - INFO - Hypothesis ca_000: float64, float64 
[ 2023-01-08 01:41:19,868 ] 88 root - INFO - Hypothesis cb_000: float64, float64 
[ 2023-01-08 01:41:19,917 ] 88 root - INFO - Hypothesis cc_000: float64, float64 
[ 2023-01-08 01:41:19,928 ] 88 root - INFO - Hypothesis cd_000: float64, float64 
[ 2023-01-08 01:41:19,965 ] 88 root - INFO - Hypothesis ce_000: float64, float64 
[ 2023-01-08 01:41:19,975 ] 88 root - INFO - Hypothesis ci_000: float64, float64 
[ 2023-01-08 01:41:19,985 ] 88 root - INFO - Hypothesis cj_000: float64, float64 
[ 2023-01-08 01:41:20,025 ] 88 root - INFO - Hypothesis ck_000: float64, float64 
[ 2023-01-08 01:41:20,035 ] 88 root - INFO - Hypothesis cl_000: float64, float64 
[ 2023-01-08 01:41:20,042 ] 88 root - INFO - Hypothesis cm_000: float64, float64 
[ 2023-01-08 01:41:20,048 ] 88 root - INFO - Hypothesis cn_000: float64, float64 
[ 2023-01-08 01:41:20,086 ] 88 root - INFO - Hypothesis cn_001: float64, float64 
[ 2023-01-08 01:41:20,125 ] 88 root - INFO - Hypothesis cn_002: float64, float64 
[ 2023-01-08 01:41:20,167 ] 88 root - INFO - Hypothesis cn_003: float64, float64 
[ 2023-01-08 01:41:20,210 ] 88 root - INFO - Hypothesis cn_004: float64, float64 
[ 2023-01-08 01:41:20,221 ] 88 root - INFO - Hypothesis cn_005: float64, float64 
[ 2023-01-08 01:41:20,232 ] 88 root - INFO - Hypothesis cn_006: float64, float64 
[ 2023-01-08 01:41:20,242 ] 88 root - INFO - Hypothesis cn_007: float64, float64 
[ 2023-01-08 01:41:20,252 ] 88 root - INFO - Hypothesis cn_008: float64, float64 
[ 2023-01-08 01:41:20,295 ] 88 root - INFO - Hypothesis cn_009: float64, float64 
[ 2023-01-08 01:41:20,302 ] 88 root - INFO - Hypothesis cp_000: float64, float64 
[ 2023-01-08 01:41:20,344 ] 88 root - INFO - Hypothesis cq_000: float64, float64 
[ 2023-01-08 01:41:20,355 ] 88 root - INFO - Hypothesis cs_000: float64, float64 
[ 2023-01-08 01:41:20,398 ] 88 root - INFO - Hypothesis cs_001: float64, float64 
[ 2023-01-08 01:41:20,441 ] 88 root - INFO - Hypothesis cs_002: float64, float64 
[ 2023-01-08 01:41:20,451 ] 88 root - INFO - Hypothesis cs_003: float64, float64 
[ 2023-01-08 01:41:20,461 ] 88 root - INFO - Hypothesis cs_004: float64, float64 
[ 2023-01-08 01:41:20,472 ] 88 root - INFO - Hypothesis cs_005: float64, float64 
[ 2023-01-08 01:41:20,482 ] 88 root - INFO - Hypothesis cs_006: float64, float64 
[ 2023-01-08 01:41:20,493 ] 88 root - INFO - Hypothesis cs_007: float64, float64 
[ 2023-01-08 01:41:20,537 ] 88 root - INFO - Hypothesis cs_008: float64, float64 
[ 2023-01-08 01:41:20,577 ] 88 root - INFO - Hypothesis cs_009: float64, float64 
[ 2023-01-08 01:41:20,614 ] 88 root - INFO - Hypothesis dd_000: float64, float64 
[ 2023-01-08 01:41:20,624 ] 88 root - INFO - Hypothesis de_000: float64, float64 
[ 2023-01-08 01:41:20,665 ] 88 root - INFO - Hypothesis df_000: float64, float64 
[ 2023-01-08 01:41:20,704 ] 88 root - INFO - Hypothesis dg_000: float64, float64 
[ 2023-01-08 01:41:20,741 ] 88 root - INFO - Hypothesis dh_000: float64, float64 
[ 2023-01-08 01:41:20,780 ] 88 root - INFO - Hypothesis di_000: float64, float64 
[ 2023-01-08 01:41:20,820 ] 88 root - INFO - Hypothesis dj_000: float64, float64 
[ 2023-01-08 01:41:20,858 ] 88 root - INFO - Hypothesis dk_000: float64, float64 
[ 2023-01-08 01:41:20,895 ] 88 root - INFO - Hypothesis dl_000: float64, float64 
[ 2023-01-08 01:41:20,933 ] 88 root - INFO - Hypothesis dm_000: float64, float64 
[ 2023-01-08 01:41:20,971 ] 88 root - INFO - Hypothesis dn_000: float64, float64 
[ 2023-01-08 01:41:20,981 ] 88 root - INFO - Hypothesis do_000: float64, float64 
[ 2023-01-08 01:41:20,990 ] 88 root - INFO - Hypothesis dp_000: float64, float64 
[ 2023-01-08 01:41:21,000 ] 88 root - INFO - Hypothesis dq_000: float64, float64 
[ 2023-01-08 01:41:21,006 ] 88 root - INFO - Hypothesis dr_000: float64, float64 
[ 2023-01-08 01:41:21,013 ] 88 root - INFO - Hypothesis ds_000: float64, float64 
[ 2023-01-08 01:41:21,023 ] 88 root - INFO - Hypothesis dt_000: float64, float64 
[ 2023-01-08 01:41:21,033 ] 88 root - INFO - Hypothesis du_000: float64, float64 
[ 2023-01-08 01:41:21,043 ] 88 root - INFO - Hypothesis dv_000: float64, float64 
[ 2023-01-08 01:41:21,053 ] 88 root - INFO - Hypothesis dx_000: float64, float64 
[ 2023-01-08 01:41:21,060 ] 88 root - INFO - Hypothesis dy_000: float64, float64 
[ 2023-01-08 01:41:21,067 ] 88 root - INFO - Hypothesis dz_000: float64, float64 
[ 2023-01-08 01:41:21,104 ] 88 root - INFO - Hypothesis ea_000: float64, float64 
[ 2023-01-08 01:41:21,141 ] 88 root - INFO - Hypothesis eb_000: float64, float64 
[ 2023-01-08 01:41:21,182 ] 88 root - INFO - Hypothesis ec_00: float64, float64 
[ 2023-01-08 01:41:21,192 ] 88 root - INFO - Hypothesis ed_000: float64, float64 
[ 2023-01-08 01:41:21,233 ] 88 root - INFO - Hypothesis ee_000: float64, float64 
[ 2023-01-08 01:41:21,277 ] 88 root - INFO - Hypothesis ee_001: float64, float64 
[ 2023-01-08 01:41:21,321 ] 88 root - INFO - Hypothesis ee_002: float64, float64 
[ 2023-01-08 01:41:21,332 ] 88 root - INFO - Hypothesis ee_003: float64, float64 
[ 2023-01-08 01:41:21,342 ] 88 root - INFO - Hypothesis ee_004: float64, float64 
[ 2023-01-08 01:41:21,352 ] 88 root - INFO - Hypothesis ee_005: float64, float64 
[ 2023-01-08 01:41:21,362 ] 88 root - INFO - Hypothesis ee_006: float64, float64 
[ 2023-01-08 01:41:21,372 ] 88 root - INFO - Hypothesis ee_007: float64, float64 
[ 2023-01-08 01:41:21,382 ] 88 root - INFO - Hypothesis ee_008: float64, float64 
[ 2023-01-08 01:41:21,425 ] 88 root - INFO - Hypothesis ee_009: float64, float64 
[ 2023-01-08 01:41:21,435 ] 88 root - INFO - Hypothesis ef_000: float64, float64 
[ 2023-01-08 01:41:21,472 ] 88 root - INFO - Hypothesis eg_000: float64, float64 
[ 2023-01-08 01:41:21,509 ] 143 root - INFO - As all column are available in test df hence detecting data drift
[ 2023-01-08 01:41:21,510 ] 88 root - INFO - Hypothesis class: object, object 
[ 2023-01-08 01:41:21,585 ] 88 root - INFO - Hypothesis aa_000: float64, float64 
[ 2023-01-08 01:41:21,592 ] 88 root - INFO - Hypothesis ac_000: float64, float64 
[ 2023-01-08 01:41:21,597 ] 88 root - INFO - Hypothesis ae_000: float64, float64 
[ 2023-01-08 01:41:21,601 ] 88 root - INFO - Hypothesis af_000: float64, float64 
[ 2023-01-08 01:41:21,604 ] 88 root - INFO - Hypothesis ag_000: float64, float64 
[ 2023-01-08 01:41:21,619 ] 88 root - INFO - Hypothesis ag_001: float64, float64 
[ 2023-01-08 01:41:21,634 ] 88 root - INFO - Hypothesis ag_002: float64, float64 
[ 2023-01-08 01:41:21,651 ] 88 root - INFO - Hypothesis ag_003: float64, float64 
[ 2023-01-08 01:41:21,668 ] 88 root - INFO - Hypothesis ag_004: float64, float64 
[ 2023-01-08 01:41:21,674 ] 88 root - INFO - Hypothesis ag_005: float64, float64 
[ 2023-01-08 01:41:21,681 ] 88 root - INFO - Hypothesis ag_006: float64, float64 
[ 2023-01-08 01:41:21,689 ] 88 root - INFO - Hypothesis ag_007: float64, float64 
[ 2023-01-08 01:41:21,695 ] 88 root - INFO - Hypothesis ag_008: float64, float64 
[ 2023-01-08 01:41:21,700 ] 88 root - INFO - Hypothesis ag_009: float64, float64 
[ 2023-01-08 01:41:21,705 ] 88 root - INFO - Hypothesis ah_000: float64, float64 
[ 2023-01-08 01:41:21,712 ] 88 root - INFO - Hypothesis ai_000: float64, float64 
[ 2023-01-08 01:41:21,729 ] 88 root - INFO - Hypothesis aj_000: float64, float64 
[ 2023-01-08 01:41:21,733 ] 88 root - INFO - Hypothesis ak_000: float64, float64 
[ 2023-01-08 01:41:21,736 ] 88 root - INFO - Hypothesis al_000: float64, float64 
[ 2023-01-08 01:41:21,741 ] 88 root - INFO - Hypothesis am_0: float64, float64 
[ 2023-01-08 01:41:21,746 ] 88 root - INFO - Hypothesis an_000: float64, float64 
[ 2023-01-08 01:41:21,753 ] 88 root - INFO - Hypothesis ao_000: float64, float64 
[ 2023-01-08 01:41:21,760 ] 88 root - INFO - Hypothesis ap_000: float64, float64 
[ 2023-01-08 01:41:21,767 ] 88 root - INFO - Hypothesis aq_000: float64, float64 
[ 2023-01-08 01:41:21,774 ] 88 root - INFO - Hypothesis ar_000: float64, float64 
[ 2023-01-08 01:41:21,777 ] 88 root - INFO - Hypothesis as_000: float64, float64 
[ 2023-01-08 01:41:21,793 ] 88 root - INFO - Hypothesis at_000: float64, float64 
[ 2023-01-08 01:41:21,798 ] 88 root - INFO - Hypothesis au_000: float64, float64 
[ 2023-01-08 01:41:21,813 ] 88 root - INFO - Hypothesis av_000: float64, float64 
[ 2023-01-08 01:41:21,819 ] 88 root - INFO - Hypothesis ax_000: float64, float64 
[ 2023-01-08 01:41:21,824 ] 88 root - INFO - Hypothesis ay_000: float64, float64 
[ 2023-01-08 01:41:21,840 ] 88 root - INFO - Hypothesis ay_001: float64, float64 
[ 2023-01-08 01:41:21,856 ] 88 root - INFO - Hypothesis ay_002: float64, float64 
[ 2023-01-08 01:41:21,871 ] 88 root - INFO - Hypothesis ay_003: float64, float64 
[ 2023-01-08 01:41:21,887 ] 88 root - INFO - Hypothesis ay_004: float64, float64 
[ 2023-01-08 01:41:21,902 ] 88 root - INFO - Hypothesis ay_005: float64, float64 
[ 2023-01-08 01:41:21,908 ] 88 root - INFO - Hypothesis ay_006: float64, float64 
[ 2023-01-08 01:41:21,914 ] 88 root - INFO - Hypothesis ay_007: float64, float64 
[ 2023-01-08 01:41:21,921 ] 88 root - INFO - Hypothesis ay_008: float64, float64 
[ 2023-01-08 01:41:21,927 ] 88 root - INFO - Hypothesis ay_009: float64, float64 
[ 2023-01-08 01:41:21,943 ] 88 root - INFO - Hypothesis az_000: float64, float64 
[ 2023-01-08 01:41:21,949 ] 88 root - INFO - Hypothesis az_001: float64, float64 
[ 2023-01-08 01:41:21,956 ] 88 root - INFO - Hypothesis az_002: float64, float64 
[ 2023-01-08 01:41:21,962 ] 88 root - INFO - Hypothesis az_003: float64, float64 
[ 2023-01-08 01:41:21,969 ] 88 root - INFO - Hypothesis az_004: float64, float64 
[ 2023-01-08 01:41:21,976 ] 88 root - INFO - Hypothesis az_005: float64, float64 
[ 2023-01-08 01:41:21,983 ] 88 root - INFO - Hypothesis az_006: float64, float64 
[ 2023-01-08 01:41:21,989 ] 88 root - INFO - Hypothesis az_007: float64, float64 
[ 2023-01-08 01:41:22,006 ] 88 root - INFO - Hypothesis az_008: float64, float64 
[ 2023-01-08 01:41:22,022 ] 88 root - INFO - Hypothesis az_009: float64, float64 
[ 2023-01-08 01:41:22,037 ] 88 root - INFO - Hypothesis ba_000: float64, float64 
[ 2023-01-08 01:41:22,045 ] 88 root - INFO - Hypothesis ba_001: float64, float64 
[ 2023-01-08 01:41:22,052 ] 88 root - INFO - Hypothesis ba_002: float64, float64 
[ 2023-01-08 01:41:22,059 ] 88 root - INFO - Hypothesis ba_003: float64, float64 
[ 2023-01-08 01:41:22,065 ] 88 root - INFO - Hypothesis ba_004: float64, float64 
[ 2023-01-08 01:41:22,072 ] 88 root - INFO - Hypothesis ba_005: float64, float64 
[ 2023-01-08 01:41:22,079 ] 88 root - INFO - Hypothesis ba_006: float64, float64 
[ 2023-01-08 01:41:22,086 ] 88 root - INFO - Hypothesis ba_007: float64, float64 
[ 2023-01-08 01:41:22,092 ] 88 root - INFO - Hypothesis ba_008: float64, float64 
[ 2023-01-08 01:41:22,098 ] 88 root - INFO - Hypothesis ba_009: float64, float64 
[ 2023-01-08 01:41:22,102 ] 88 root - INFO - Hypothesis bb_000: float64, float64 
[ 2023-01-08 01:41:22,109 ] 88 root - INFO - Hypothesis bc_000: float64, float64 
[ 2023-01-08 01:41:22,114 ] 88 root - INFO - Hypothesis bd_000: float64, float64 
[ 2023-01-08 01:41:22,120 ] 88 root - INFO - Hypothesis be_000: float64, float64 
[ 2023-01-08 01:41:22,126 ] 88 root - INFO - Hypothesis bf_000: float64, float64 
[ 2023-01-08 01:41:22,131 ] 88 root - INFO - Hypothesis bg_000: float64, float64 
[ 2023-01-08 01:41:22,138 ] 88 root - INFO - Hypothesis bh_000: float64, float64 
[ 2023-01-08 01:41:22,145 ] 88 root - INFO - Hypothesis bi_000: float64, float64 
[ 2023-01-08 01:41:22,152 ] 88 root - INFO - Hypothesis bj_000: float64, float64 
[ 2023-01-08 01:41:22,159 ] 88 root - INFO - Hypothesis bs_000: float64, float64 
[ 2023-01-08 01:41:22,166 ] 88 root - INFO - Hypothesis bt_000: float64, float64 
[ 2023-01-08 01:41:22,173 ] 88 root - INFO - Hypothesis bu_000: float64, float64 
[ 2023-01-08 01:41:22,180 ] 88 root - INFO - Hypothesis bv_000: float64, float64 
[ 2023-01-08 01:41:22,187 ] 88 root - INFO - Hypothesis bx_000: float64, float64 
[ 2023-01-08 01:41:22,194 ] 88 root - INFO - Hypothesis by_000: float64, float64 
[ 2023-01-08 01:41:22,200 ] 88 root - INFO - Hypothesis bz_000: float64, float64 
[ 2023-01-08 01:41:22,207 ] 88 root - INFO - Hypothesis ca_000: float64, float64 
[ 2023-01-08 01:41:22,214 ] 88 root - INFO - Hypothesis cb_000: float64, float64 
[ 2023-01-08 01:41:22,221 ] 88 root - INFO - Hypothesis cc_000: float64, float64 
[ 2023-01-08 01:41:22,228 ] 88 root - INFO - Hypothesis cd_000: float64, float64 
[ 2023-01-08 01:41:22,243 ] 88 root - INFO - Hypothesis ce_000: float64, float64 
[ 2023-01-08 01:41:22,250 ] 88 root - INFO - Hypothesis ci_000: float64, float64 
[ 2023-01-08 01:41:22,257 ] 88 root - INFO - Hypothesis cj_000: float64, float64 
[ 2023-01-08 01:41:22,261 ] 88 root - INFO - Hypothesis ck_000: float64, float64 
[ 2023-01-08 01:41:22,268 ] 88 root - INFO - Hypothesis cl_000: float64, float64 
[ 2023-01-08 01:41:22,272 ] 88 root - INFO - Hypothesis cm_000: float64, float64 
[ 2023-01-08 01:41:22,276 ] 88 root - INFO - Hypothesis cn_000: float64, float64 
[ 2023-01-08 01:41:22,292 ] 88 root - INFO - Hypothesis cn_001: float64, float64 
[ 2023-01-08 01:41:22,295 ] 88 root - INFO - Hypothesis cn_002: float64, float64 
[ 2023-01-08 01:41:22,301 ] 88 root - INFO - Hypothesis cn_003: float64, float64 
[ 2023-01-08 01:41:22,307 ] 88 root - INFO - Hypothesis cn_004: float64, float64 
[ 2023-01-08 01:41:22,314 ] 88 root - INFO - Hypothesis cn_005: float64, float64 
[ 2023-01-08 01:41:22,321 ] 88 root - INFO - Hypothesis cn_006: float64, float64 
[ 2023-01-08 01:41:22,328 ] 88 root - INFO - Hypothesis cn_007: float64, float64 
[ 2023-01-08 01:41:22,335 ] 88 root - INFO - Hypothesis cn_008: float64, float64 
[ 2023-01-08 01:41:22,341 ] 88 root - INFO - Hypothesis cn_009: float64, float64 
[ 2023-01-08 01:41:22,346 ] 88 root - INFO - Hypothesis cp_000: float64, float64 
[ 2023-01-08 01:41:22,351 ] 88 root - INFO - Hypothesis cq_000: float64, float64 
[ 2023-01-08 01:41:22,358 ] 88 root - INFO - Hypothesis cs_000: float64, float64 
[ 2023-01-08 01:41:22,365 ] 88 root - INFO - Hypothesis cs_001: float64, float64 
[ 2023-01-08 01:41:22,371 ] 88 root - INFO - Hypothesis cs_002: float64, float64 
[ 2023-01-08 01:41:22,377 ] 88 root - INFO - Hypothesis cs_003: float64, float64 
[ 2023-01-08 01:41:22,384 ] 88 root - INFO - Hypothesis cs_004: float64, float64 
[ 2023-01-08 01:41:22,391 ] 88 root - INFO - Hypothesis cs_005: float64, float64 
[ 2023-01-08 01:41:22,398 ] 88 root - INFO - Hypothesis cs_006: float64, float64 
[ 2023-01-08 01:41:22,405 ] 88 root - INFO - Hypothesis cs_007: float64, float64 
[ 2023-01-08 01:41:22,412 ] 88 root - INFO - Hypothesis cs_008: float64, float64 
[ 2023-01-08 01:41:22,417 ] 88 root - INFO - Hypothesis cs_009: float64, float64 
[ 2023-01-08 01:41:22,432 ] 88 root - INFO - Hypothesis dd_000: float64, float64 
[ 2023-01-08 01:41:22,439 ] 88 root - INFO - Hypothesis de_000: float64, float64 
[ 2023-01-08 01:41:22,444 ] 88 root - INFO - Hypothesis df_000: float64, float64 
[ 2023-01-08 01:41:22,447 ] 88 root - INFO - Hypothesis dg_000: float64, float64 
[ 2023-01-08 01:41:22,463 ] 88 root - INFO - Hypothesis dh_000: float64, float64 
[ 2023-01-08 01:41:22,467 ] 88 root - INFO - Hypothesis di_000: float64, float64 
[ 2023-01-08 01:41:22,471 ] 88 root - INFO - Hypothesis dj_000: float64, float64 
[ 2023-01-08 01:41:22,487 ] 88 root - INFO - Hypothesis dk_000: float64, float64 
[ 2023-01-08 01:41:22,503 ] 88 root - INFO - Hypothesis dl_000: float64, float64 
[ 2023-01-08 01:41:22,519 ] 88 root - INFO - Hypothesis dm_000: float64, float64 
[ 2023-01-08 01:41:22,535 ] 88 root - INFO - Hypothesis dn_000: float64, float64 
[ 2023-01-08 01:41:22,541 ] 88 root - INFO - Hypothesis do_000: float64, float64 
[ 2023-01-08 01:41:22,548 ] 88 root - INFO - Hypothesis dp_000: float64, float64 
[ 2023-01-08 01:41:22,554 ] 88 root - INFO - Hypothesis dq_000: float64, float64 
[ 2023-01-08 01:41:22,558 ] 88 root - INFO - Hypothesis dr_000: float64, float64 
[ 2023-01-08 01:41:22,562 ] 88 root - INFO - Hypothesis ds_000: float64, float64 
[ 2023-01-08 01:41:22,569 ] 88 root - INFO - Hypothesis dt_000: float64, float64 
[ 2023-01-08 01:41:22,576 ] 88 root - INFO - Hypothesis du_000: float64, float64 
[ 2023-01-08 01:41:22,582 ] 88 root - INFO - Hypothesis dv_000: float64, float64 
[ 2023-01-08 01:41:22,589 ] 88 root - INFO - Hypothesis dx_000: float64, float64 
[ 2023-01-08 01:41:22,594 ] 88 root - INFO - Hypothesis dy_000: float64, float64 
[ 2023-01-08 01:41:22,598 ] 88 root - INFO - Hypothesis dz_000: float64, float64 
[ 2023-01-08 01:41:22,601 ] 88 root - INFO - Hypothesis ea_000: float64, float64 
[ 2023-01-08 01:41:22,604 ] 88 root - INFO - Hypothesis eb_000: float64, float64 
[ 2023-01-08 01:41:22,610 ] 88 root - INFO - Hypothesis ec_00: float64, float64 
[ 2023-01-08 01:41:22,617 ] 88 root - INFO - Hypothesis ed_000: float64, float64 
[ 2023-01-08 01:41:22,623 ] 88 root - INFO - Hypothesis ee_000: float64, float64 
[ 2023-01-08 01:41:22,630 ] 88 root - INFO - Hypothesis ee_001: float64, float64 
[ 2023-01-08 01:41:22,637 ] 88 root - INFO - Hypothesis ee_002: float64, float64 
[ 2023-01-08 01:41:22,643 ] 88 root - INFO - Hypothesis ee_003: float64, float64 
[ 2023-01-08 01:41:22,650 ] 88 root - INFO - Hypothesis ee_004: float64, float64 
[ 2023-01-08 01:41:22,657 ] 88 root - INFO - Hypothesis ee_005: float64, float64 
[ 2023-01-08 01:41:22,664 ] 88 root - INFO - Hypothesis ee_006: float64, float64 
[ 2023-01-08 01:41:22,670 ] 88 root - INFO - Hypothesis ee_007: float64, float64 
[ 2023-01-08 01:41:22,677 ] 88 root - INFO - Hypothesis ee_008: float64, float64 
[ 2023-01-08 01:41:22,683 ] 88 root - INFO - Hypothesis ee_009: float64, float64 
[ 2023-01-08 01:41:22,688 ] 88 root - INFO - Hypothesis ef_000: float64, float64 
[ 2023-01-08 01:41:22,704 ] 88 root - INFO - Hypothesis eg_000: float64, float64 
[ 2023-01-08 01:41:22,720 ] 147 root - INFO - Write reprt in yaml file
[ 2023-01-08 01:41:22,789 ] 152 root - INFO - Data validation artifact: DataValidationArtifact(report_file_path='/config/workspace/artifact/01082023__014056/data_validation/report.yaml')
[ 2023-01-08 01:41:22,792 ] 21 root - INFO - >>>>>>>>>>>>>>>>>>>>>>>>>>>>>>>>>>>>>>>> Data Transformation <<<<<<<<<<<<<<<<<<<<<<<<<<<<<<<<<<<<<<<<
[ 2023-01-08 01:41:23,681 ] 70 root - INFO - Before resampling in training set Input: (28950, 170) Target:(28950,)
[ 2023-01-08 01:41:29,198 ] 72 root - INFO - After resampling in training set Input: (56084, 170) Target:(56084,)
[ 2023-01-08 01:41:29,198 ] 74 root - INFO - Before resampling in testing set Input: (7238, 170) Target:(7238,)
[ 2023-01-08 01:41:29,790 ] 76 root - INFO - After resampling in testing set Input: (14100, 170) Target:(14100,)
[ 2023-01-08 01:41:29,897 ] 56 root - INFO - Entered the save_object method of utils
[ 2023-01-08 01:41:29,900 ] 60 root - INFO - Exited the save_object method of utils
[ 2023-01-08 01:41:29,900 ] 56 root - INFO - Entered the save_object method of utils
[ 2023-01-08 01:41:29,901 ] 60 root - INFO - Exited the save_object method of utils
[ 2023-01-08 01:41:29,901 ] 107 root - INFO - Data transformation object DataTransformationArtifact(transform_object_path='/config/workspace/artifact/01082023__014056/data_transformation/transformer/transformer.pkl', transformed_train_path='/config/workspace/artifact/01082023__014056/data_transformation/transformed/train.npz', transformed_test_path='/config/workspace/artifact/01082023__014056/data_transformation/transformed/test.npz', target_encoder_path='/config/workspace/artifact/01082023__014056/data_transformation/target_encoder/target_encoder.pkl')
[ 2023-01-08 01:41:29,902 ] 18 root - INFO - >>>>>>>>>>>>>>>>>>>>>>>>>>>>>>>>>>>>>>>> Model Trainer <<<<<<<<<<<<<<<<<<<<<<<<<<<<<<<<<<<<<<<<
[ 2023-01-08 01:41:29,902 ] 45 root - INFO - Loading train and test array.
[ 2023-01-08 01:41:29,931 ] 49 root - INFO - Splitting input and target feature from both train and test arr.
[ 2023-01-08 01:41:29,931 ] 53 root - INFO - Train the model
[ 2023-01-08 01:41:39,684 ] 56 root - INFO - Calculating f1 train score
[ 2023-01-08 01:41:39,741 ] 60 root - INFO - Calculating f1 test score
[ 2023-01-08 01:41:39,758 ] 64 root - INFO - train score:0.9999821692848101 and tests score 0.9887496439760752
[ 2023-01-08 01:41:39,758 ] 66 root - INFO - Checking if our model is underfitting or not
[ 2023-01-08 01:41:39,758 ] 71 root - INFO - Checking if our model is overfiiting or not
[ 2023-01-08 01:41:39,758 ] 78 root - INFO - Saving mode object
[ 2023-01-08 01:41:39,759 ] 56 root - INFO - Entered the save_object method of utils
[ 2023-01-08 01:41:39,764 ] 60 root - INFO - Exited the save_object method of utils
[ 2023-01-08 01:41:39,765 ] 82 root - INFO - Prepare the artifact
[ 2023-01-08 01:41:39,765 ] 85 root - INFO - Model trainer artifact: ModelTrainerArtifact(model_path='/config/workspace/artifact/01082023__014056/model_trainer/model/model.pkl', f1_train_score=0.9999821692848101, f1_test_score=0.9887496439760752)
[ 2023-01-08 01:41:39,766 ] 19 root - INFO - >>>>>>>>>>>>>>>>>>>>>>>>>>>>>>>>>>>>>>>>  Model Evaluation <<<<<<<<<<<<<<<<<<<<<<<<<<<<<<<<<<<<<<<<
[ 2023-01-08 01:41:39,766 ] 35 root - INFO - if saved model folder has model the we will compare which model is best trained or the model from saved model folder
[ 2023-01-08 01:41:39,766 ] 41 root - INFO - Model evaluation artifact: ModelEvaluationArtifact(is_model_accepted=True, improved_accuracy=None)
[ 2023-01-08 01:41:39,767 ] 14 root - INFO - >>>>>>>>>>>>>>>>>>>>>>>>>>>>>>>>>>>>>>>> Data Transformation <<<<<<<<<<<<<<<<<<<<<<<<<<<<<<<<<<<<<<<<
