[ 2023-01-08 01:17:45,828 ] 16 root - INFO - >>>>>>>>>>>>>>>>>>>>>>>>>>>>>>>>>>>>>>>> Data Ingestion <<<<<<<<<<<<<<<<<<<<<<<<<<<<<<<<<<<<<<<<
[ 2023-01-08 01:17:45,828 ] 23 root - INFO - Exporting collection data as pandas dataframe
[ 2023-01-08 01:17:45,829 ] 22 root - INFO - Reading data from database: aps and collection: sensor
[ 2023-01-08 01:17:49,542 ] 24 root - INFO - Found columns: Index(['_id', 'class', 'aa_000', 'ab_000', 'ac_000', 'ad_000', 'ae_000',
       'af_000', 'ag_000', 'ag_001',
       ...
       'ee_002', 'ee_003', 'ee_004', 'ee_005', 'ee_006', 'ee_007', 'ee_008',
       'ee_009', 'ef_000', 'eg_000'],
      dtype='object', length=172)
[ 2023-01-08 01:17:49,542 ] 26 root - INFO - Dropping column: _id 
[ 2023-01-08 01:17:49,745 ] 28 root - INFO - Row and columns in df: (36188, 171)
[ 2023-01-08 01:17:49,745 ] 29 root - INFO - Save data in feature store
[ 2023-01-08 01:17:50,270 ] 35 root - INFO - Create feature store folder if not available
[ 2023-01-08 01:17:50,271 ] 39 root - INFO - Save df to feature store folder
[ 2023-01-08 01:17:52,671 ] 44 root - INFO - Split dataset into train and test set
[ 2023-01-08 01:17:53,222 ] 48 root - INFO - Create dataset directory folder if not available
[ 2023-01-08 01:17:53,223 ] 53 root - INFO - Save df to feature store folder
[ 2023-01-08 01:17:55,393 ] 65 root - INFO - Data ingestion artifact: DataIngestionArtifact(feature_store_file_path='/config/workspace/artifact/010823_011745/data_ingestion/feature_store/sensor.csv', train_file_path='/config/workspace/artifact/010823_011745/data_ingestion/dataset/train.csv', test_file_path='/config/workspace/artifact/010823_011745/data_ingestion/dataset/test.csv')
[ 2023-01-08 01:17:55,824 ] 22 root - INFO - >>>>>>>>>>>>>>>>>>>>>>>>>>>>>>>>>>>>>>>> Data Validation <<<<<<<<<<<<<<<<<<<<<<<<<<<<<<<<<<<<<<<<
[ 2023-01-08 01:17:55,824 ] 110 root - INFO - Reading base dataframe
[ 2023-01-08 01:17:58,726 ] 113 root - INFO - Replace na value in base df
[ 2023-01-08 01:17:58,726 ] 115 root - INFO - Drop null values colums from base df
[ 2023-01-08 01:17:59,652 ] 44 root - INFO - selecting column name which contains null above the 0.2
[ 2023-01-08 01:17:59,653 ] 47 root - INFO - Columns to drop: ['ab_000', 'ad_000', 'bk_000', 'bl_000', 'bm_000', 'bn_000', 'bo_000', 'bp_000', 'bq_000', 'br_000', 'cf_000', 'cg_000', 'ch_000', 'co_000', 'cr_000', 'ct_000', 'cu_000', 'cv_000', 'cx_000', 'cy_000', 'cz_000', 'da_000', 'db_000', 'dc_000']
[ 2023-01-08 01:17:59,740 ] 118 root - INFO - Reading train dataframe
[ 2023-01-08 01:18:00,131 ] 120 root - INFO - Reading test dataframe
[ 2023-01-08 01:18:00,233 ] 123 root - INFO - Drop null values colums from train df
[ 2023-01-08 01:18:00,244 ] 44 root - INFO - selecting column name which contains null above the 0.2
[ 2023-01-08 01:18:00,244 ] 47 root - INFO - Columns to drop: ['ab_000', 'ad_000', 'bk_000', 'bl_000', 'bm_000', 'bn_000', 'bo_000', 'bp_000', 'bq_000', 'br_000', 'cf_000', 'cg_000', 'ch_000', 'co_000', 'cr_000', 'ct_000', 'cu_000', 'cv_000', 'cx_000', 'cy_000', 'cz_000', 'da_000', 'db_000', 'dc_000']
[ 2023-01-08 01:18:00,256 ] 125 root - INFO - Drop null values colums from test df
[ 2023-01-08 01:18:00,260 ] 44 root - INFO - selecting column name which contains null above the 0.2
[ 2023-01-08 01:18:00,261 ] 47 root - INFO - Columns to drop: ['ab_000', 'ad_000', 'bk_000', 'bl_000', 'bm_000', 'bn_000', 'bo_000', 'bp_000', 'bq_000', 'br_000', 'cf_000', 'cg_000', 'ch_000', 'co_000', 'cr_000', 'ct_000', 'cu_000', 'cv_000', 'cx_000', 'cy_000', 'cz_000', 'da_000', 'db_000', 'dc_000']
[ 2023-01-08 01:18:06,341 ] 134 root - INFO - Is all required columns present in train df
[ 2023-01-08 01:18:06,342 ] 136 root - INFO - Is all required columns present in test df
[ 2023-01-08 01:18:06,342 ] 140 root - INFO - As all column are available in train df hence detecting data drift
[ 2023-01-08 01:18:06,342 ] 88 root - INFO - Hypothesis class: object, object 
[ 2023-01-08 01:18:06,478 ] 88 root - INFO - Hypothesis aa_000: float64, float64 
[ 2023-01-08 01:18:06,524 ] 88 root - INFO - Hypothesis ac_000: float64, float64 
[ 2023-01-08 01:18:06,532 ] 88 root - INFO - Hypothesis ae_000: float64, float64 
[ 2023-01-08 01:18:06,569 ] 88 root - INFO - Hypothesis af_000: float64, float64 
[ 2023-01-08 01:18:06,605 ] 88 root - INFO - Hypothesis ag_000: float64, float64 
[ 2023-01-08 01:18:06,641 ] 88 root - INFO - Hypothesis ag_001: float64, float64 
[ 2023-01-08 01:18:06,677 ] 88 root - INFO - Hypothesis ag_002: float64, float64 
[ 2023-01-08 01:18:06,714 ] 88 root - INFO - Hypothesis ag_003: float64, float64 
[ 2023-01-08 01:18:06,752 ] 88 root - INFO - Hypothesis ag_004: float64, float64 
[ 2023-01-08 01:18:06,762 ] 88 root - INFO - Hypothesis ag_005: float64, float64 
[ 2023-01-08 01:18:06,805 ] 88 root - INFO - Hypothesis ag_006: float64, float64 
[ 2023-01-08 01:18:06,849 ] 88 root - INFO - Hypothesis ag_007: float64, float64 
[ 2023-01-08 01:18:06,891 ] 88 root - INFO - Hypothesis ag_008: float64, float64 
[ 2023-01-08 01:18:06,932 ] 88 root - INFO - Hypothesis ag_009: float64, float64 
[ 2023-01-08 01:18:06,939 ] 88 root - INFO - Hypothesis ah_000: float64, float64 
[ 2023-01-08 01:18:06,982 ] 88 root - INFO - Hypothesis ai_000: float64, float64 
[ 2023-01-08 01:18:07,020 ] 88 root - INFO - Hypothesis aj_000: float64, float64 
[ 2023-01-08 01:18:07,059 ] 88 root - INFO - Hypothesis ak_000: float64, float64 
[ 2023-01-08 01:18:07,096 ] 88 root - INFO - Hypothesis al_000: float64, float64 
[ 2023-01-08 01:18:07,136 ] 88 root - INFO - Hypothesis am_0: float64, float64 
[ 2023-01-08 01:18:07,175 ] 88 root - INFO - Hypothesis an_000: float64, float64 
[ 2023-01-08 01:18:07,217 ] 88 root - INFO - Hypothesis ao_000: float64, float64 
[ 2023-01-08 01:18:07,260 ] 88 root - INFO - Hypothesis ap_000: float64, float64 
[ 2023-01-08 01:18:07,303 ] 88 root - INFO - Hypothesis aq_000: float64, float64 
[ 2023-01-08 01:18:07,347 ] 88 root - INFO - Hypothesis ar_000: float64, float64 
[ 2023-01-08 01:18:07,383 ] 88 root - INFO - Hypothesis as_000: float64, float64 
[ 2023-01-08 01:18:07,419 ] 88 root - INFO - Hypothesis at_000: float64, float64 
[ 2023-01-08 01:18:07,457 ] 88 root - INFO - Hypothesis au_000: float64, float64 
[ 2023-01-08 01:18:07,494 ] 88 root - INFO - Hypothesis av_000: float64, float64 
[ 2023-01-08 01:18:07,502 ] 88 root - INFO - Hypothesis ax_000: float64, float64 
[ 2023-01-08 01:18:07,510 ] 88 root - INFO - Hypothesis ay_000: float64, float64 
[ 2023-01-08 01:18:07,546 ] 88 root - INFO - Hypothesis ay_001: float64, float64 
[ 2023-01-08 01:18:07,583 ] 88 root - INFO - Hypothesis ay_002: float64, float64 
[ 2023-01-08 01:18:07,619 ] 88 root - INFO - Hypothesis ay_003: float64, float64 
[ 2023-01-08 01:18:07,654 ] 88 root - INFO - Hypothesis ay_004: float64, float64 
[ 2023-01-08 01:18:07,691 ] 88 root - INFO - Hypothesis ay_005: float64, float64 
[ 2023-01-08 01:18:07,731 ] 88 root - INFO - Hypothesis ay_006: float64, float64 
[ 2023-01-08 01:18:07,773 ] 88 root - INFO - Hypothesis ay_007: float64, float64 
[ 2023-01-08 01:18:07,817 ] 88 root - INFO - Hypothesis ay_008: float64, float64 
[ 2023-01-08 01:18:07,859 ] 88 root - INFO - Hypothesis ay_009: float64, float64 
[ 2023-01-08 01:18:07,895 ] 88 root - INFO - Hypothesis az_000: float64, float64 
[ 2023-01-08 01:18:07,938 ] 88 root - INFO - Hypothesis az_001: float64, float64 
[ 2023-01-08 01:18:07,980 ] 88 root - INFO - Hypothesis az_002: float64, float64 
[ 2023-01-08 01:18:07,989 ] 88 root - INFO - Hypothesis az_003: float64, float64 
[ 2023-01-08 01:18:08,033 ] 88 root - INFO - Hypothesis az_004: float64, float64 
[ 2023-01-08 01:18:08,076 ] 88 root - INFO - Hypothesis az_005: float64, float64 
[ 2023-01-08 01:18:08,119 ] 88 root - INFO - Hypothesis az_006: float64, float64 
[ 2023-01-08 01:18:08,162 ] 88 root - INFO - Hypothesis az_007: float64, float64 
[ 2023-01-08 01:18:08,200 ] 88 root - INFO - Hypothesis az_008: float64, float64 
[ 2023-01-08 01:18:08,237 ] 88 root - INFO - Hypothesis az_009: float64, float64 
[ 2023-01-08 01:18:08,274 ] 88 root - INFO - Hypothesis ba_000: float64, float64 
[ 2023-01-08 01:18:08,317 ] 88 root - INFO - Hypothesis ba_001: float64, float64 
[ 2023-01-08 01:18:08,360 ] 88 root - INFO - Hypothesis ba_002: float64, float64 
[ 2023-01-08 01:18:08,402 ] 88 root - INFO - Hypothesis ba_003: float64, float64 
[ 2023-01-08 01:18:08,445 ] 88 root - INFO - Hypothesis ba_004: float64, float64 
[ 2023-01-08 01:18:08,487 ] 88 root - INFO - Hypothesis ba_005: float64, float64 
[ 2023-01-08 01:18:08,530 ] 88 root - INFO - Hypothesis ba_006: float64, float64 
[ 2023-01-08 01:18:08,573 ] 88 root - INFO - Hypothesis ba_007: float64, float64 
[ 2023-01-08 01:18:08,615 ] 88 root - INFO - Hypothesis ba_008: float64, float64 
[ 2023-01-08 01:18:08,623 ] 88 root - INFO - Hypothesis ba_009: float64, float64 
[ 2023-01-08 01:18:08,630 ] 88 root - INFO - Hypothesis bb_000: float64, float64 
[ 2023-01-08 01:18:08,672 ] 88 root - INFO - Hypothesis bc_000: float64, float64 
[ 2023-01-08 01:18:08,680 ] 88 root - INFO - Hypothesis bd_000: float64, float64 
[ 2023-01-08 01:18:08,722 ] 88 root - INFO - Hypothesis be_000: float64, float64 
[ 2023-01-08 01:18:08,764 ] 88 root - INFO - Hypothesis bf_000: float64, float64 
[ 2023-01-08 01:18:08,804 ] 88 root - INFO - Hypothesis bg_000: float64, float64 
[ 2023-01-08 01:18:08,846 ] 88 root - INFO - Hypothesis bh_000: float64, float64 
[ 2023-01-08 01:18:08,890 ] 88 root - INFO - Hypothesis bi_000: float64, float64 
[ 2023-01-08 01:18:08,933 ] 88 root - INFO - Hypothesis bj_000: float64, float64 
[ 2023-01-08 01:18:08,976 ] 88 root - INFO - Hypothesis bs_000: float64, float64 
[ 2023-01-08 01:18:09,019 ] 88 root - INFO - Hypothesis bt_000: float64, float64 
[ 2023-01-08 01:18:09,062 ] 88 root - INFO - Hypothesis bu_000: float64, float64 
[ 2023-01-08 01:18:09,105 ] 88 root - INFO - Hypothesis bv_000: float64, float64 
[ 2023-01-08 01:18:09,148 ] 88 root - INFO - Hypothesis bx_000: float64, float64 
[ 2023-01-08 01:18:09,195 ] 88 root - INFO - Hypothesis by_000: float64, float64 
[ 2023-01-08 01:18:09,239 ] 88 root - INFO - Hypothesis bz_000: float64, float64 
[ 2023-01-08 01:18:09,281 ] 88 root - INFO - Hypothesis ca_000: float64, float64 
[ 2023-01-08 01:18:09,292 ] 88 root - INFO - Hypothesis cb_000: float64, float64 
[ 2023-01-08 01:18:09,302 ] 88 root - INFO - Hypothesis cc_000: float64, float64 
[ 2023-01-08 01:18:09,346 ] 88 root - INFO - Hypothesis cd_000: float64, float64 
[ 2023-01-08 01:18:09,383 ] 88 root - INFO - Hypothesis ce_000: float64, float64 
[ 2023-01-08 01:18:09,392 ] 88 root - INFO - Hypothesis ci_000: float64, float64 
[ 2023-01-08 01:18:09,435 ] 88 root - INFO - Hypothesis cj_000: float64, float64 
[ 2023-01-08 01:18:09,473 ] 88 root - INFO - Hypothesis ck_000: float64, float64 
[ 2023-01-08 01:18:09,517 ] 88 root - INFO - Hypothesis cl_000: float64, float64 
[ 2023-01-08 01:18:09,555 ] 88 root - INFO - Hypothesis cm_000: float64, float64 
[ 2023-01-08 01:18:09,594 ] 88 root - INFO - Hypothesis cn_000: float64, float64 
[ 2023-01-08 01:18:09,632 ] 88 root - INFO - Hypothesis cn_001: float64, float64 
[ 2023-01-08 01:18:09,638 ] 88 root - INFO - Hypothesis cn_002: float64, float64 
[ 2023-01-08 01:18:09,678 ] 88 root - INFO - Hypothesis cn_003: float64, float64 
[ 2023-01-08 01:18:09,721 ] 88 root - INFO - Hypothesis cn_004: float64, float64 
[ 2023-01-08 01:18:09,764 ] 88 root - INFO - Hypothesis cn_005: float64, float64 
[ 2023-01-08 01:18:09,808 ] 88 root - INFO - Hypothesis cn_006: float64, float64 
[ 2023-01-08 01:18:09,818 ] 88 root - INFO - Hypothesis cn_007: float64, float64 
[ 2023-01-08 01:18:09,828 ] 88 root - INFO - Hypothesis cn_008: float64, float64 
[ 2023-01-08 01:18:09,870 ] 88 root - INFO - Hypothesis cn_009: float64, float64 
[ 2023-01-08 01:18:09,878 ] 88 root - INFO - Hypothesis cp_000: float64, float64 
[ 2023-01-08 01:18:09,919 ] 88 root - INFO - Hypothesis cq_000: float64, float64 
[ 2023-01-08 01:18:09,961 ] 88 root - INFO - Hypothesis cs_000: float64, float64 
[ 2023-01-08 01:18:10,003 ] 88 root - INFO - Hypothesis cs_001: float64, float64 
[ 2023-01-08 01:18:10,044 ] 88 root - INFO - Hypothesis cs_002: float64, float64 
[ 2023-01-08 01:18:10,054 ] 88 root - INFO - Hypothesis cs_003: float64, float64 
[ 2023-01-08 01:18:10,065 ] 88 root - INFO - Hypothesis cs_004: float64, float64 
[ 2023-01-08 01:18:10,108 ] 88 root - INFO - Hypothesis cs_005: float64, float64 
[ 2023-01-08 01:18:10,151 ] 88 root - INFO - Hypothesis cs_006: float64, float64 
[ 2023-01-08 01:18:10,194 ] 88 root - INFO - Hypothesis cs_007: float64, float64 
[ 2023-01-08 01:18:10,237 ] 88 root - INFO - Hypothesis cs_008: float64, float64 
[ 2023-01-08 01:18:10,276 ] 88 root - INFO - Hypothesis cs_009: float64, float64 
[ 2023-01-08 01:18:10,313 ] 88 root - INFO - Hypothesis dd_000: float64, float64 
[ 2023-01-08 01:18:10,354 ] 88 root - INFO - Hypothesis de_000: float64, float64 
[ 2023-01-08 01:18:10,395 ] 88 root - INFO - Hypothesis df_000: float64, float64 
[ 2023-01-08 01:18:10,431 ] 88 root - INFO - Hypothesis dg_000: float64, float64 
[ 2023-01-08 01:18:10,469 ] 88 root - INFO - Hypothesis dh_000: float64, float64 
[ 2023-01-08 01:18:10,506 ] 88 root - INFO - Hypothesis di_000: float64, float64 
[ 2023-01-08 01:18:10,546 ] 88 root - INFO - Hypothesis dj_000: float64, float64 
[ 2023-01-08 01:18:10,583 ] 88 root - INFO - Hypothesis dk_000: float64, float64 
[ 2023-01-08 01:18:10,620 ] 88 root - INFO - Hypothesis dl_000: float64, float64 
[ 2023-01-08 01:18:10,656 ] 88 root - INFO - Hypothesis dm_000: float64, float64 
[ 2023-01-08 01:18:10,693 ] 88 root - INFO - Hypothesis dn_000: float64, float64 
[ 2023-01-08 01:18:10,735 ] 88 root - INFO - Hypothesis do_000: float64, float64 
[ 2023-01-08 01:18:10,778 ] 88 root - INFO - Hypothesis dp_000: float64, float64 
[ 2023-01-08 01:18:10,822 ] 88 root - INFO - Hypothesis dq_000: float64, float64 
[ 2023-01-08 01:18:10,861 ] 88 root - INFO - Hypothesis dr_000: float64, float64 
[ 2023-01-08 01:18:10,899 ] 88 root - INFO - Hypothesis ds_000: float64, float64 
[ 2023-01-08 01:18:10,942 ] 88 root - INFO - Hypothesis dt_000: float64, float64 
[ 2023-01-08 01:18:10,985 ] 88 root - INFO - Hypothesis du_000: float64, float64 
[ 2023-01-08 01:18:11,028 ] 88 root - INFO - Hypothesis dv_000: float64, float64 
[ 2023-01-08 01:18:11,070 ] 88 root - INFO - Hypothesis dx_000: float64, float64 
[ 2023-01-08 01:18:11,110 ] 88 root - INFO - Hypothesis dy_000: float64, float64 
[ 2023-01-08 01:18:11,149 ] 88 root - INFO - Hypothesis dz_000: float64, float64 
[ 2023-01-08 01:18:11,185 ] 88 root - INFO - Hypothesis ea_000: float64, float64 
[ 2023-01-08 01:18:11,221 ] 88 root - INFO - Hypothesis eb_000: float64, float64 
[ 2023-01-08 01:18:11,263 ] 88 root - INFO - Hypothesis ec_00: float64, float64 
[ 2023-01-08 01:18:11,305 ] 88 root - INFO - Hypothesis ed_000: float64, float64 
[ 2023-01-08 01:18:11,348 ] 88 root - INFO - Hypothesis ee_000: float64, float64 
[ 2023-01-08 01:18:11,391 ] 88 root - INFO - Hypothesis ee_001: float64, float64 
[ 2023-01-08 01:18:11,434 ] 88 root - INFO - Hypothesis ee_002: float64, float64 
[ 2023-01-08 01:18:11,477 ] 88 root - INFO - Hypothesis ee_003: float64, float64 
[ 2023-01-08 01:18:11,520 ] 88 root - INFO - Hypothesis ee_004: float64, float64 
[ 2023-01-08 01:18:11,564 ] 88 root - INFO - Hypothesis ee_005: float64, float64 
[ 2023-01-08 01:18:11,575 ] 88 root - INFO - Hypothesis ee_006: float64, float64 
[ 2023-01-08 01:18:11,618 ] 88 root - INFO - Hypothesis ee_007: float64, float64 
[ 2023-01-08 01:18:11,660 ] 88 root - INFO - Hypothesis ee_008: float64, float64 
[ 2023-01-08 01:18:11,702 ] 88 root - INFO - Hypothesis ee_009: float64, float64 
[ 2023-01-08 01:18:11,745 ] 88 root - INFO - Hypothesis ef_000: float64, float64 
[ 2023-01-08 01:18:11,784 ] 88 root - INFO - Hypothesis eg_000: float64, float64 
[ 2023-01-08 01:18:11,823 ] 143 root - INFO - As all column are available in test df hence detecting data drift
[ 2023-01-08 01:18:11,823 ] 88 root - INFO - Hypothesis class: object, object 
[ 2023-01-08 01:18:11,898 ] 88 root - INFO - Hypothesis aa_000: float64, float64 
[ 2023-01-08 01:18:11,905 ] 88 root - INFO - Hypothesis ac_000: float64, float64 
[ 2023-01-08 01:18:11,910 ] 88 root - INFO - Hypothesis ae_000: float64, float64 
[ 2023-01-08 01:18:11,926 ] 88 root - INFO - Hypothesis af_000: float64, float64 
[ 2023-01-08 01:18:11,943 ] 88 root - INFO - Hypothesis ag_000: float64, float64 
[ 2023-01-08 01:18:11,958 ] 88 root - INFO - Hypothesis ag_001: float64, float64 
[ 2023-01-08 01:18:11,975 ] 88 root - INFO - Hypothesis ag_002: float64, float64 
[ 2023-01-08 01:18:11,978 ] 88 root - INFO - Hypothesis ag_003: float64, float64 
[ 2023-01-08 01:18:11,982 ] 88 root - INFO - Hypothesis ag_004: float64, float64 
[ 2023-01-08 01:18:11,989 ] 88 root - INFO - Hypothesis ag_005: float64, float64 
[ 2023-01-08 01:18:11,996 ] 88 root - INFO - Hypothesis ag_006: float64, float64 
[ 2023-01-08 01:18:12,003 ] 88 root - INFO - Hypothesis ag_007: float64, float64 
[ 2023-01-08 01:18:12,010 ] 88 root - INFO - Hypothesis ag_008: float64, float64 
[ 2023-01-08 01:18:12,015 ] 88 root - INFO - Hypothesis ag_009: float64, float64 
[ 2023-01-08 01:18:12,021 ] 88 root - INFO - Hypothesis ah_000: float64, float64 
[ 2023-01-08 01:18:12,030 ] 88 root - INFO - Hypothesis ai_000: float64, float64 
[ 2023-01-08 01:18:12,033 ] 88 root - INFO - Hypothesis aj_000: float64, float64 
[ 2023-01-08 01:18:12,050 ] 88 root - INFO - Hypothesis ak_000: float64, float64 
[ 2023-01-08 01:18:12,067 ] 88 root - INFO - Hypothesis al_000: float64, float64 
[ 2023-01-08 01:18:12,072 ] 88 root - INFO - Hypothesis am_0: float64, float64 
[ 2023-01-08 01:18:12,089 ] 88 root - INFO - Hypothesis an_000: float64, float64 
[ 2023-01-08 01:18:12,096 ] 88 root - INFO - Hypothesis ao_000: float64, float64 
[ 2023-01-08 01:18:12,103 ] 88 root - INFO - Hypothesis ap_000: float64, float64 
[ 2023-01-08 01:18:12,110 ] 88 root - INFO - Hypothesis aq_000: float64, float64 
[ 2023-01-08 01:18:12,118 ] 88 root - INFO - Hypothesis ar_000: float64, float64 
[ 2023-01-08 01:18:12,133 ] 88 root - INFO - Hypothesis as_000: float64, float64 
[ 2023-01-08 01:18:12,150 ] 88 root - INFO - Hypothesis at_000: float64, float64 
[ 2023-01-08 01:18:12,153 ] 88 root - INFO - Hypothesis au_000: float64, float64 
[ 2023-01-08 01:18:12,169 ] 88 root - INFO - Hypothesis av_000: float64, float64 
[ 2023-01-08 01:18:12,175 ] 88 root - INFO - Hypothesis ax_000: float64, float64 
[ 2023-01-08 01:18:12,180 ] 88 root - INFO - Hypothesis ay_000: float64, float64 
[ 2023-01-08 01:18:12,197 ] 88 root - INFO - Hypothesis ay_001: float64, float64 
[ 2023-01-08 01:18:12,212 ] 88 root - INFO - Hypothesis ay_002: float64, float64 
[ 2023-01-08 01:18:12,227 ] 88 root - INFO - Hypothesis ay_003: float64, float64 
[ 2023-01-08 01:18:12,243 ] 88 root - INFO - Hypothesis ay_004: float64, float64 
[ 2023-01-08 01:18:12,258 ] 88 root - INFO - Hypothesis ay_005: float64, float64 
[ 2023-01-08 01:18:12,264 ] 88 root - INFO - Hypothesis ay_006: float64, float64 
[ 2023-01-08 01:18:12,270 ] 88 root - INFO - Hypothesis ay_007: float64, float64 
[ 2023-01-08 01:18:12,277 ] 88 root - INFO - Hypothesis ay_008: float64, float64 
[ 2023-01-08 01:18:12,283 ] 88 root - INFO - Hypothesis ay_009: float64, float64 
[ 2023-01-08 01:18:12,299 ] 88 root - INFO - Hypothesis az_000: float64, float64 
[ 2023-01-08 01:18:12,305 ] 88 root - INFO - Hypothesis az_001: float64, float64 
[ 2023-01-08 01:18:12,312 ] 88 root - INFO - Hypothesis az_002: float64, float64 
[ 2023-01-08 01:18:12,318 ] 88 root - INFO - Hypothesis az_003: float64, float64 
[ 2023-01-08 01:18:12,325 ] 88 root - INFO - Hypothesis az_004: float64, float64 
[ 2023-01-08 01:18:12,332 ] 88 root - INFO - Hypothesis az_005: float64, float64 
[ 2023-01-08 01:18:12,339 ] 88 root - INFO - Hypothesis az_006: float64, float64 
[ 2023-01-08 01:18:12,345 ] 88 root - INFO - Hypothesis az_007: float64, float64 
[ 2023-01-08 01:18:12,362 ] 88 root - INFO - Hypothesis az_008: float64, float64 
[ 2023-01-08 01:18:12,377 ] 88 root - INFO - Hypothesis az_009: float64, float64 
[ 2023-01-08 01:18:12,393 ] 88 root - INFO - Hypothesis ba_000: float64, float64 
[ 2023-01-08 01:18:12,400 ] 88 root - INFO - Hypothesis ba_001: float64, float64 
[ 2023-01-08 01:18:12,407 ] 88 root - INFO - Hypothesis ba_002: float64, float64 
[ 2023-01-08 01:18:12,414 ] 88 root - INFO - Hypothesis ba_003: float64, float64 
[ 2023-01-08 01:18:12,421 ] 88 root - INFO - Hypothesis ba_004: float64, float64 
[ 2023-01-08 01:18:12,428 ] 88 root - INFO - Hypothesis ba_005: float64, float64 
[ 2023-01-08 01:18:12,435 ] 88 root - INFO - Hypothesis ba_006: float64, float64 
[ 2023-01-08 01:18:12,441 ] 88 root - INFO - Hypothesis ba_007: float64, float64 
[ 2023-01-08 01:18:12,448 ] 88 root - INFO - Hypothesis ba_008: float64, float64 
[ 2023-01-08 01:18:12,453 ] 88 root - INFO - Hypothesis ba_009: float64, float64 
[ 2023-01-08 01:18:12,458 ] 88 root - INFO - Hypothesis bb_000: float64, float64 
[ 2023-01-08 01:18:12,465 ] 88 root - INFO - Hypothesis bc_000: float64, float64 
[ 2023-01-08 01:18:12,470 ] 88 root - INFO - Hypothesis bd_000: float64, float64 
[ 2023-01-08 01:18:12,476 ] 88 root - INFO - Hypothesis be_000: float64, float64 
[ 2023-01-08 01:18:12,482 ] 88 root - INFO - Hypothesis bf_000: float64, float64 
[ 2023-01-08 01:18:12,486 ] 88 root - INFO - Hypothesis bg_000: float64, float64 
[ 2023-01-08 01:18:12,494 ] 88 root - INFO - Hypothesis bh_000: float64, float64 
[ 2023-01-08 01:18:12,500 ] 88 root - INFO - Hypothesis bi_000: float64, float64 
[ 2023-01-08 01:18:12,508 ] 88 root - INFO - Hypothesis bj_000: float64, float64 
[ 2023-01-08 01:18:12,515 ] 88 root - INFO - Hypothesis bs_000: float64, float64 
[ 2023-01-08 01:18:12,522 ] 88 root - INFO - Hypothesis bt_000: float64, float64 
[ 2023-01-08 01:18:12,530 ] 88 root - INFO - Hypothesis bu_000: float64, float64 
[ 2023-01-08 01:18:12,537 ] 88 root - INFO - Hypothesis bv_000: float64, float64 
[ 2023-01-08 01:18:12,544 ] 88 root - INFO - Hypothesis bx_000: float64, float64 
[ 2023-01-08 01:18:12,551 ] 88 root - INFO - Hypothesis by_000: float64, float64 
[ 2023-01-08 01:18:12,558 ] 88 root - INFO - Hypothesis bz_000: float64, float64 
[ 2023-01-08 01:18:12,564 ] 88 root - INFO - Hypothesis ca_000: float64, float64 
[ 2023-01-08 01:18:12,570 ] 88 root - INFO - Hypothesis cb_000: float64, float64 
[ 2023-01-08 01:18:12,578 ] 88 root - INFO - Hypothesis cc_000: float64, float64 
[ 2023-01-08 01:18:12,584 ] 88 root - INFO - Hypothesis cd_000: float64, float64 
[ 2023-01-08 01:18:12,600 ] 88 root - INFO - Hypothesis ce_000: float64, float64 
[ 2023-01-08 01:18:12,606 ] 88 root - INFO - Hypothesis ci_000: float64, float64 
[ 2023-01-08 01:18:12,613 ] 88 root - INFO - Hypothesis cj_000: float64, float64 
[ 2023-01-08 01:18:12,617 ] 88 root - INFO - Hypothesis ck_000: float64, float64 
[ 2023-01-08 01:18:12,624 ] 88 root - INFO - Hypothesis cl_000: float64, float64 
[ 2023-01-08 01:18:12,628 ] 88 root - INFO - Hypothesis cm_000: float64, float64 
[ 2023-01-08 01:18:12,633 ] 88 root - INFO - Hypothesis cn_000: float64, float64 
[ 2023-01-08 01:18:12,636 ] 88 root - INFO - Hypothesis cn_001: float64, float64 
[ 2023-01-08 01:18:12,640 ] 88 root - INFO - Hypothesis cn_002: float64, float64 
[ 2023-01-08 01:18:12,645 ] 88 root - INFO - Hypothesis cn_003: float64, float64 
[ 2023-01-08 01:18:12,652 ] 88 root - INFO - Hypothesis cn_004: float64, float64 
[ 2023-01-08 01:18:12,659 ] 88 root - INFO - Hypothesis cn_005: float64, float64 
[ 2023-01-08 01:18:12,666 ] 88 root - INFO - Hypothesis cn_006: float64, float64 
[ 2023-01-08 01:18:12,673 ] 88 root - INFO - Hypothesis cn_007: float64, float64 
[ 2023-01-08 01:18:12,680 ] 88 root - INFO - Hypothesis cn_008: float64, float64 
[ 2023-01-08 01:18:12,686 ] 88 root - INFO - Hypothesis cn_009: float64, float64 
[ 2023-01-08 01:18:12,691 ] 88 root - INFO - Hypothesis cp_000: float64, float64 
[ 2023-01-08 01:18:12,696 ] 88 root - INFO - Hypothesis cq_000: float64, float64 
[ 2023-01-08 01:18:12,703 ] 88 root - INFO - Hypothesis cs_000: float64, float64 
[ 2023-01-08 01:18:12,710 ] 88 root - INFO - Hypothesis cs_001: float64, float64 
[ 2023-01-08 01:18:12,716 ] 88 root - INFO - Hypothesis cs_002: float64, float64 
[ 2023-01-08 01:18:12,722 ] 88 root - INFO - Hypothesis cs_003: float64, float64 
[ 2023-01-08 01:18:12,729 ] 88 root - INFO - Hypothesis cs_004: float64, float64 
[ 2023-01-08 01:18:12,736 ] 88 root - INFO - Hypothesis cs_005: float64, float64 
[ 2023-01-08 01:18:12,743 ] 88 root - INFO - Hypothesis cs_006: float64, float64 
[ 2023-01-08 01:18:12,750 ] 88 root - INFO - Hypothesis cs_007: float64, float64 
[ 2023-01-08 01:18:12,758 ] 88 root - INFO - Hypothesis cs_008: float64, float64 
[ 2023-01-08 01:18:12,763 ] 88 root - INFO - Hypothesis cs_009: float64, float64 
[ 2023-01-08 01:18:12,778 ] 88 root - INFO - Hypothesis dd_000: float64, float64 
[ 2023-01-08 01:18:12,785 ] 88 root - INFO - Hypothesis de_000: float64, float64 
[ 2023-01-08 01:18:12,790 ] 88 root - INFO - Hypothesis df_000: float64, float64 
[ 2023-01-08 01:18:12,806 ] 88 root - INFO - Hypothesis dg_000: float64, float64 
[ 2023-01-08 01:18:12,809 ] 88 root - INFO - Hypothesis dh_000: float64, float64 
[ 2023-01-08 01:18:12,812 ] 88 root - INFO - Hypothesis di_000: float64, float64 
[ 2023-01-08 01:18:12,816 ] 88 root - INFO - Hypothesis dj_000: float64, float64 
[ 2023-01-08 01:18:12,832 ] 88 root - INFO - Hypothesis dk_000: float64, float64 
[ 2023-01-08 01:18:12,847 ] 88 root - INFO - Hypothesis dl_000: float64, float64 
[ 2023-01-08 01:18:12,863 ] 88 root - INFO - Hypothesis dm_000: float64, float64 
[ 2023-01-08 01:18:12,879 ] 88 root - INFO - Hypothesis dn_000: float64, float64 
[ 2023-01-08 01:18:12,886 ] 88 root - INFO - Hypothesis do_000: float64, float64 
[ 2023-01-08 01:18:12,893 ] 88 root - INFO - Hypothesis dp_000: float64, float64 
[ 2023-01-08 01:18:12,899 ] 88 root - INFO - Hypothesis dq_000: float64, float64 
[ 2023-01-08 01:18:12,915 ] 88 root - INFO - Hypothesis dr_000: float64, float64 
[ 2023-01-08 01:18:12,932 ] 88 root - INFO - Hypothesis ds_000: float64, float64 
[ 2023-01-08 01:18:12,938 ] 88 root - INFO - Hypothesis dt_000: float64, float64 
[ 2023-01-08 01:18:12,945 ] 88 root - INFO - Hypothesis du_000: float64, float64 
[ 2023-01-08 01:18:12,952 ] 88 root - INFO - Hypothesis dv_000: float64, float64 
[ 2023-01-08 01:18:12,958 ] 88 root - INFO - Hypothesis dx_000: float64, float64 
[ 2023-01-08 01:18:12,963 ] 88 root - INFO - Hypothesis dy_000: float64, float64 
[ 2023-01-08 01:18:12,968 ] 88 root - INFO - Hypothesis dz_000: float64, float64 
[ 2023-01-08 01:18:12,983 ] 88 root - INFO - Hypothesis ea_000: float64, float64 
[ 2023-01-08 01:18:12,999 ] 88 root - INFO - Hypothesis eb_000: float64, float64 
[ 2023-01-08 01:18:13,005 ] 88 root - INFO - Hypothesis ec_00: float64, float64 
[ 2023-01-08 01:18:13,011 ] 88 root - INFO - Hypothesis ed_000: float64, float64 
[ 2023-01-08 01:18:13,017 ] 88 root - INFO - Hypothesis ee_000: float64, float64 
[ 2023-01-08 01:18:13,024 ] 88 root - INFO - Hypothesis ee_001: float64, float64 
[ 2023-01-08 01:18:13,031 ] 88 root - INFO - Hypothesis ee_002: float64, float64 
[ 2023-01-08 01:18:13,039 ] 88 root - INFO - Hypothesis ee_003: float64, float64 
[ 2023-01-08 01:18:13,046 ] 88 root - INFO - Hypothesis ee_004: float64, float64 
[ 2023-01-08 01:18:13,052 ] 88 root - INFO - Hypothesis ee_005: float64, float64 
[ 2023-01-08 01:18:13,059 ] 88 root - INFO - Hypothesis ee_006: float64, float64 
[ 2023-01-08 01:18:13,066 ] 88 root - INFO - Hypothesis ee_007: float64, float64 
[ 2023-01-08 01:18:13,072 ] 88 root - INFO - Hypothesis ee_008: float64, float64 
[ 2023-01-08 01:18:13,078 ] 88 root - INFO - Hypothesis ee_009: float64, float64 
[ 2023-01-08 01:18:13,083 ] 88 root - INFO - Hypothesis ef_000: float64, float64 
[ 2023-01-08 01:18:13,099 ] 88 root - INFO - Hypothesis eg_000: float64, float64 
[ 2023-01-08 01:18:13,114 ] 147 root - INFO - Write reprt in yaml file
[ 2023-01-08 01:18:13,182 ] 152 root - INFO - Data validation artifact: DataValidationArtifact(report_file_path='/config/workspace/artifact/010823_011745/data_validation/report.yaml')
[ 2023-01-08 01:18:13,185 ] 21 root - INFO - >>>>>>>>>>>>>>>>>>>>>>>>>>>>>>>>>>>>>>>> Data Transformation <<<<<<<<<<<<<<<<<<<<<<<<<<<<<<<<<<<<<<<<
[ 2023-01-08 01:18:14,074 ] 70 root - INFO - Before resampling in training set Input: (28950, 170) Target:(28950,)
[ 2023-01-08 01:18:19,783 ] 72 root - INFO - After resampling in training set Input: (56192, 170) Target:(56192,)
[ 2023-01-08 01:18:19,784 ] 74 root - INFO - Before resampling in testing set Input: (7238, 170) Target:(7238,)
[ 2023-01-08 01:18:20,333 ] 76 root - INFO - After resampling in testing set Input: (14028, 170) Target:(14028,)
[ 2023-01-08 01:18:20,439 ] 56 root - INFO - Entered the save_object method of utils
[ 2023-01-08 01:18:20,442 ] 60 root - INFO - Exited the save_object method of utils
[ 2023-01-08 01:18:20,442 ] 56 root - INFO - Entered the save_object method of utils
[ 2023-01-08 01:18:20,443 ] 60 root - INFO - Exited the save_object method of utils
[ 2023-01-08 01:18:20,443 ] 107 root - INFO - Data transformation object DataTransformationArtifact(transform_object_path='/config/workspace/artifact/010823_011745/data_transformation/transformer/transfromation.pkl', transformed_train_path='/config/workspace/artifact/010823_011745/data_transformation/transformed/train.npz', transformed_test_path='/config/workspace/artifact/010823_011745/data_transformation/transformed/test.npz', target_encoder_path='/config/workspace/artifact/010823_011745/data_transformation/target_encoder/target_encoder.pkl')
[ 2023-01-08 01:18:20,444 ] 18 root - INFO - >>>>>>>>>>>>>>>>>>>>>>>>>>>>>>>>>>>>>>>> Model Trainer <<<<<<<<<<<<<<<<<<<<<<<<<<<<<<<<<<<<<<<<
[ 2023-01-08 01:18:20,444 ] 45 root - INFO - Loading train and test array.
[ 2023-01-08 01:18:20,473 ] 49 root - INFO - Splitting input and target feature from both train and test arr.
[ 2023-01-08 01:18:20,473 ] 53 root - INFO - Train the model
[ 2023-01-08 01:18:29,498 ] 56 root - INFO - Calculating f1 train score
[ 2023-01-08 01:18:29,546 ] 60 root - INFO - Calculating f1 test score
[ 2023-01-08 01:18:29,562 ] 64 root - INFO - train score:0.9999822035557296 and tests score 0.9661835748792271
[ 2023-01-08 01:18:29,562 ] 66 root - INFO - Checking if our model is underfitting or not
[ 2023-01-08 01:18:29,562 ] 71 root - INFO - Checking if our model is overfiiting or not
[ 2023-01-08 01:18:29,562 ] 78 root - INFO - Saving mode object
[ 2023-01-08 01:18:29,562 ] 56 root - INFO - Entered the save_object method of utils
[ 2023-01-08 01:18:29,567 ] 60 root - INFO - Exited the save_object method of utils
[ 2023-01-08 01:18:29,567 ] 82 root - INFO - Prepare the artifact
[ 2023-01-08 01:18:29,567 ] 85 root - INFO - Model trainer artifact: ModelTrainerArtifact(model_path='/config/workspace/artifact/010823_011745/model_trainer/model/model.pkl', f1_train_score=0.9999822035557296, f1_test_score=0.9661835748792271)
[ 2023-01-08 01:18:29,569 ] 19 root - INFO - >>>>>>>>>>>>>>>>>>>>>>>>>>>>>>>>>>>>>>>>  Model Evaluation <<<<<<<<<<<<<<<<<<<<<<<<<<<<<<<<<<<<<<<<
[ 2023-01-08 01:18:29,569 ] 34 root - INFO - if saved model folder has model the we will compare which model is best trained or the model from saved model folder
[ 2023-01-08 01:18:29,569 ] 40 root - INFO - Model evaluation artifact: ModelEvaluationArtifact(is_model_accepted=True, improved_accuracy=None)
[ 2023-01-08 01:18:29,569 ] 14 root - INFO - >>>>>>>>>>>>>>>>>>>>>>>>>>>>>>>>>>>>>>>> Model Pusher <<<<<<<<<<<<<<<<<<<<<<<<<<<<<<<<<<<<<<<<
