[ 2023-01-08 01:00:40,260 ] 16 root - INFO - >>>>>>>>>>>>>>>>>>>>>>>>>>>>>>>>>>>>>>>> Data Ingestion <<<<<<<<<<<<<<<<<<<<<<<<<<<<<<<<<<<<<<<<
[ 2023-01-08 01:00:40,260 ] 23 root - INFO - Exporting collection data as pandas dataframe
[ 2023-01-08 01:00:40,260 ] 22 root - INFO - Reading data from database: aps and collection: sensor
[ 2023-01-08 01:00:43,682 ] 24 root - INFO - Found columns: Index(['_id', 'class', 'aa_000', 'ab_000', 'ac_000', 'ad_000', 'ae_000',
       'af_000', 'ag_000', 'ag_001',
       ...
       'ee_002', 'ee_003', 'ee_004', 'ee_005', 'ee_006', 'ee_007', 'ee_008',
       'ee_009', 'ef_000', 'eg_000'],
      dtype='object', length=172)
[ 2023-01-08 01:00:43,682 ] 26 root - INFO - Dropping column: _id 
[ 2023-01-08 01:00:43,879 ] 28 root - INFO - Row and columns in df: (36188, 171)
[ 2023-01-08 01:00:43,880 ] 29 root - INFO - Save data in feature store
[ 2023-01-08 01:00:44,411 ] 35 root - INFO - Create feature store folder if not available
[ 2023-01-08 01:00:44,411 ] 39 root - INFO - Save df to feature store folder
[ 2023-01-08 01:00:46,789 ] 44 root - INFO - Split dataset into train and test set
[ 2023-01-08 01:00:47,297 ] 48 root - INFO - Create dataset directory folder if not available
[ 2023-01-08 01:00:47,297 ] 53 root - INFO - Save df to feature store folder
[ 2023-01-08 01:00:49,383 ] 65 root - INFO - Data ingestion artifact: DataIngestionArtifact(feature_store_file_path='/config/workspace/artifact/010823_010040/data_ingestion/feature_store/sensor.csv', train_file_path='/config/workspace/artifact/010823_010040/data_ingestion/dataset/train.csv', test_file_path='/config/workspace/artifact/010823_010040/data_ingestion/dataset/test.csv')
[ 2023-01-08 01:00:49,813 ] 22 root - INFO - >>>>>>>>>>>>>>>>>>>>>>>>>>>>>>>>>>>>>>>> Data Validation <<<<<<<<<<<<<<<<<<<<<<<<<<<<<<<<<<<<<<<<
[ 2023-01-08 01:00:49,813 ] 110 root - INFO - Reading base dataframe
[ 2023-01-08 01:00:52,647 ] 113 root - INFO - Replace na value in base df
[ 2023-01-08 01:00:52,648 ] 115 root - INFO - Drop null values colums from base df
[ 2023-01-08 01:00:53,559 ] 44 root - INFO - selecting column name which contains null above the 0.2
[ 2023-01-08 01:00:53,559 ] 47 root - INFO - Columns to drop: ['ab_000', 'ad_000', 'bk_000', 'bl_000', 'bm_000', 'bn_000', 'bo_000', 'bp_000', 'bq_000', 'br_000', 'cf_000', 'cg_000', 'ch_000', 'co_000', 'cr_000', 'ct_000', 'cu_000', 'cv_000', 'cx_000', 'cy_000', 'cz_000', 'da_000', 'db_000', 'dc_000']
[ 2023-01-08 01:00:53,638 ] 118 root - INFO - Reading train dataframe
[ 2023-01-08 01:00:54,032 ] 120 root - INFO - Reading test dataframe
[ 2023-01-08 01:00:54,131 ] 123 root - INFO - Drop null values colums from train df
[ 2023-01-08 01:00:54,142 ] 44 root - INFO - selecting column name which contains null above the 0.2
[ 2023-01-08 01:00:54,143 ] 47 root - INFO - Columns to drop: ['ab_000', 'ad_000', 'bk_000', 'bl_000', 'bm_000', 'bn_000', 'bo_000', 'bp_000', 'bq_000', 'br_000', 'cf_000', 'cg_000', 'ch_000', 'co_000', 'cr_000', 'ct_000', 'cu_000', 'cv_000', 'cx_000', 'cy_000', 'cz_000', 'da_000', 'db_000', 'dc_000']
[ 2023-01-08 01:00:54,155 ] 125 root - INFO - Drop null values colums from test df
[ 2023-01-08 01:00:54,159 ] 44 root - INFO - selecting column name which contains null above the 0.2
[ 2023-01-08 01:00:54,159 ] 47 root - INFO - Columns to drop: ['ab_000', 'ad_000', 'bk_000', 'bl_000', 'bm_000', 'bn_000', 'bo_000', 'bp_000', 'bq_000', 'br_000', 'cf_000', 'cg_000', 'ch_000', 'co_000', 'cr_000', 'ct_000', 'cu_000', 'cv_000', 'cx_000', 'cy_000', 'cz_000', 'da_000', 'db_000', 'dc_000']
[ 2023-01-08 01:00:59,965 ] 134 root - INFO - Is all required columns present in train df
[ 2023-01-08 01:00:59,965 ] 136 root - INFO - Is all required columns present in test df
[ 2023-01-08 01:00:59,966 ] 140 root - INFO - As all column are available in train df hence detecting data drift
[ 2023-01-08 01:00:59,966 ] 88 root - INFO - Hypothesis class: object, object 
[ 2023-01-08 01:01:00,101 ] 88 root - INFO - Hypothesis aa_000: float64, float64 
[ 2023-01-08 01:01:00,144 ] 88 root - INFO - Hypothesis ac_000: float64, float64 
[ 2023-01-08 01:01:00,152 ] 88 root - INFO - Hypothesis ae_000: float64, float64 
[ 2023-01-08 01:01:00,189 ] 88 root - INFO - Hypothesis af_000: float64, float64 
[ 2023-01-08 01:01:00,226 ] 88 root - INFO - Hypothesis ag_000: float64, float64 
[ 2023-01-08 01:01:00,262 ] 88 root - INFO - Hypothesis ag_001: float64, float64 
[ 2023-01-08 01:01:00,298 ] 88 root - INFO - Hypothesis ag_002: float64, float64 
[ 2023-01-08 01:01:00,335 ] 88 root - INFO - Hypothesis ag_003: float64, float64 
[ 2023-01-08 01:01:00,377 ] 88 root - INFO - Hypothesis ag_004: float64, float64 
[ 2023-01-08 01:01:00,420 ] 88 root - INFO - Hypothesis ag_005: float64, float64 
[ 2023-01-08 01:01:00,431 ] 88 root - INFO - Hypothesis ag_006: float64, float64 
[ 2023-01-08 01:01:00,441 ] 88 root - INFO - Hypothesis ag_007: float64, float64 
[ 2023-01-08 01:01:00,484 ] 88 root - INFO - Hypothesis ag_008: float64, float64 
[ 2023-01-08 01:01:00,492 ] 88 root - INFO - Hypothesis ag_009: float64, float64 
[ 2023-01-08 01:01:00,531 ] 88 root - INFO - Hypothesis ah_000: float64, float64 
[ 2023-01-08 01:01:00,542 ] 88 root - INFO - Hypothesis ai_000: float64, float64 
[ 2023-01-08 01:01:00,580 ] 88 root - INFO - Hypothesis aj_000: float64, float64 
[ 2023-01-08 01:01:00,618 ] 88 root - INFO - Hypothesis ak_000: float64, float64 
[ 2023-01-08 01:01:00,655 ] 88 root - INFO - Hypothesis al_000: float64, float64 
[ 2023-01-08 01:01:00,695 ] 88 root - INFO - Hypothesis am_0: float64, float64 
[ 2023-01-08 01:01:00,734 ] 88 root - INFO - Hypothesis an_000: float64, float64 
[ 2023-01-08 01:01:00,745 ] 88 root - INFO - Hypothesis ao_000: float64, float64 
[ 2023-01-08 01:01:00,756 ] 88 root - INFO - Hypothesis ap_000: float64, float64 
[ 2023-01-08 01:01:00,767 ] 88 root - INFO - Hypothesis aq_000: float64, float64 
[ 2023-01-08 01:01:00,778 ] 88 root - INFO - Hypothesis ar_000: float64, float64 
[ 2023-01-08 01:01:00,815 ] 88 root - INFO - Hypothesis as_000: float64, float64 
[ 2023-01-08 01:01:00,851 ] 88 root - INFO - Hypothesis at_000: float64, float64 
[ 2023-01-08 01:01:00,888 ] 88 root - INFO - Hypothesis au_000: float64, float64 
[ 2023-01-08 01:01:00,925 ] 88 root - INFO - Hypothesis av_000: float64, float64 
[ 2023-01-08 01:01:00,933 ] 88 root - INFO - Hypothesis ax_000: float64, float64 
[ 2023-01-08 01:01:00,941 ] 88 root - INFO - Hypothesis ay_000: float64, float64 
[ 2023-01-08 01:01:00,977 ] 88 root - INFO - Hypothesis ay_001: float64, float64 
[ 2023-01-08 01:01:01,013 ] 88 root - INFO - Hypothesis ay_002: float64, float64 
[ 2023-01-08 01:01:01,049 ] 88 root - INFO - Hypothesis ay_003: float64, float64 
[ 2023-01-08 01:01:01,086 ] 88 root - INFO - Hypothesis ay_004: float64, float64 
[ 2023-01-08 01:01:01,122 ] 88 root - INFO - Hypothesis ay_005: float64, float64 
[ 2023-01-08 01:01:01,162 ] 88 root - INFO - Hypothesis ay_006: float64, float64 
[ 2023-01-08 01:01:01,203 ] 88 root - INFO - Hypothesis ay_007: float64, float64 
[ 2023-01-08 01:01:01,246 ] 88 root - INFO - Hypothesis ay_008: float64, float64 
[ 2023-01-08 01:01:01,256 ] 88 root - INFO - Hypothesis ay_009: float64, float64 
[ 2023-01-08 01:01:01,292 ] 88 root - INFO - Hypothesis az_000: float64, float64 
[ 2023-01-08 01:01:01,302 ] 88 root - INFO - Hypothesis az_001: float64, float64 
[ 2023-01-08 01:01:01,344 ] 88 root - INFO - Hypothesis az_002: float64, float64 
[ 2023-01-08 01:01:01,387 ] 88 root - INFO - Hypothesis az_003: float64, float64 
[ 2023-01-08 01:01:01,429 ] 88 root - INFO - Hypothesis az_004: float64, float64 
[ 2023-01-08 01:01:01,439 ] 88 root - INFO - Hypothesis az_005: float64, float64 
[ 2023-01-08 01:01:01,450 ] 88 root - INFO - Hypothesis az_006: float64, float64 
[ 2023-01-08 01:01:01,459 ] 88 root - INFO - Hypothesis az_007: float64, float64 
[ 2023-01-08 01:01:01,498 ] 88 root - INFO - Hypothesis az_008: float64, float64 
[ 2023-01-08 01:01:01,535 ] 88 root - INFO - Hypothesis az_009: float64, float64 
[ 2023-01-08 01:01:01,571 ] 88 root - INFO - Hypothesis ba_000: float64, float64 
[ 2023-01-08 01:01:01,614 ] 88 root - INFO - Hypothesis ba_001: float64, float64 
[ 2023-01-08 01:01:01,625 ] 88 root - INFO - Hypothesis ba_002: float64, float64 
[ 2023-01-08 01:01:01,668 ] 88 root - INFO - Hypothesis ba_003: float64, float64 
[ 2023-01-08 01:01:01,711 ] 88 root - INFO - Hypothesis ba_004: float64, float64 
[ 2023-01-08 01:01:01,754 ] 88 root - INFO - Hypothesis ba_005: float64, float64 
[ 2023-01-08 01:01:01,797 ] 88 root - INFO - Hypothesis ba_006: float64, float64 
[ 2023-01-08 01:01:01,809 ] 88 root - INFO - Hypothesis ba_007: float64, float64 
[ 2023-01-08 01:01:01,820 ] 88 root - INFO - Hypothesis ba_008: float64, float64 
[ 2023-01-08 01:01:01,861 ] 88 root - INFO - Hypothesis ba_009: float64, float64 
[ 2023-01-08 01:01:01,899 ] 88 root - INFO - Hypothesis bb_000: float64, float64 
[ 2023-01-08 01:01:01,909 ] 88 root - INFO - Hypothesis bc_000: float64, float64 
[ 2023-01-08 01:01:01,917 ] 88 root - INFO - Hypothesis bd_000: float64, float64 
[ 2023-01-08 01:01:01,957 ] 88 root - INFO - Hypothesis be_000: float64, float64 
[ 2023-01-08 01:01:01,998 ] 88 root - INFO - Hypothesis bf_000: float64, float64 
[ 2023-01-08 01:01:02,037 ] 88 root - INFO - Hypothesis bg_000: float64, float64 
[ 2023-01-08 01:01:02,048 ] 88 root - INFO - Hypothesis bh_000: float64, float64 
[ 2023-01-08 01:01:02,058 ] 88 root - INFO - Hypothesis bi_000: float64, float64 
[ 2023-01-08 01:01:02,068 ] 88 root - INFO - Hypothesis bj_000: float64, float64 
[ 2023-01-08 01:01:02,079 ] 88 root - INFO - Hypothesis bs_000: float64, float64 
[ 2023-01-08 01:01:02,089 ] 88 root - INFO - Hypothesis bt_000: float64, float64 
[ 2023-01-08 01:01:02,132 ] 88 root - INFO - Hypothesis bu_000: float64, float64 
[ 2023-01-08 01:01:02,142 ] 88 root - INFO - Hypothesis bv_000: float64, float64 
[ 2023-01-08 01:01:02,152 ] 88 root - INFO - Hypothesis bx_000: float64, float64 
[ 2023-01-08 01:01:02,195 ] 88 root - INFO - Hypothesis by_000: float64, float64 
[ 2023-01-08 01:01:02,206 ] 88 root - INFO - Hypothesis bz_000: float64, float64 
[ 2023-01-08 01:01:02,215 ] 88 root - INFO - Hypothesis ca_000: float64, float64 
[ 2023-01-08 01:01:02,257 ] 88 root - INFO - Hypothesis cb_000: float64, float64 
[ 2023-01-08 01:01:02,300 ] 88 root - INFO - Hypothesis cc_000: float64, float64 
[ 2023-01-08 01:01:02,310 ] 88 root - INFO - Hypothesis cd_000: float64, float64 
[ 2023-01-08 01:01:02,347 ] 88 root - INFO - Hypothesis ce_000: float64, float64 
[ 2023-01-08 01:01:02,390 ] 88 root - INFO - Hypothesis ci_000: float64, float64 
[ 2023-01-08 01:01:02,400 ] 88 root - INFO - Hypothesis cj_000: float64, float64 
[ 2023-01-08 01:01:02,406 ] 88 root - INFO - Hypothesis ck_000: float64, float64 
[ 2023-01-08 01:01:02,417 ] 88 root - INFO - Hypothesis cl_000: float64, float64 
[ 2023-01-08 01:01:02,454 ] 88 root - INFO - Hypothesis cm_000: float64, float64 
[ 2023-01-08 01:01:02,461 ] 88 root - INFO - Hypothesis cn_000: float64, float64 
[ 2023-01-08 01:01:02,497 ] 88 root - INFO - Hypothesis cn_001: float64, float64 
[ 2023-01-08 01:01:02,535 ] 88 root - INFO - Hypothesis cn_002: float64, float64 
[ 2023-01-08 01:01:02,576 ] 88 root - INFO - Hypothesis cn_003: float64, float64 
[ 2023-01-08 01:01:02,586 ] 88 root - INFO - Hypothesis cn_004: float64, float64 
[ 2023-01-08 01:01:02,597 ] 88 root - INFO - Hypothesis cn_005: float64, float64 
[ 2023-01-08 01:01:02,607 ] 88 root - INFO - Hypothesis cn_006: float64, float64 
[ 2023-01-08 01:01:02,617 ] 88 root - INFO - Hypothesis cn_007: float64, float64 
[ 2023-01-08 01:01:02,660 ] 88 root - INFO - Hypothesis cn_008: float64, float64 
[ 2023-01-08 01:01:02,669 ] 88 root - INFO - Hypothesis cn_009: float64, float64 
[ 2023-01-08 01:01:02,677 ] 88 root - INFO - Hypothesis cp_000: float64, float64 
[ 2023-01-08 01:01:02,717 ] 88 root - INFO - Hypothesis cq_000: float64, float64 
[ 2023-01-08 01:01:02,727 ] 88 root - INFO - Hypothesis cs_000: float64, float64 
[ 2023-01-08 01:01:02,737 ] 88 root - INFO - Hypothesis cs_001: float64, float64 
[ 2023-01-08 01:01:02,779 ] 88 root - INFO - Hypothesis cs_002: float64, float64 
[ 2023-01-08 01:01:02,822 ] 88 root - INFO - Hypothesis cs_003: float64, float64 
[ 2023-01-08 01:01:02,832 ] 88 root - INFO - Hypothesis cs_004: float64, float64 
[ 2023-01-08 01:01:02,875 ] 88 root - INFO - Hypothesis cs_005: float64, float64 
[ 2023-01-08 01:01:02,885 ] 88 root - INFO - Hypothesis cs_006: float64, float64 
[ 2023-01-08 01:01:02,928 ] 88 root - INFO - Hypothesis cs_007: float64, float64 
[ 2023-01-08 01:01:02,972 ] 88 root - INFO - Hypothesis cs_008: float64, float64 
[ 2023-01-08 01:01:03,011 ] 88 root - INFO - Hypothesis cs_009: float64, float64 
[ 2023-01-08 01:01:03,048 ] 88 root - INFO - Hypothesis dd_000: float64, float64 
[ 2023-01-08 01:01:03,057 ] 88 root - INFO - Hypothesis de_000: float64, float64 
[ 2023-01-08 01:01:03,098 ] 88 root - INFO - Hypothesis df_000: float64, float64 
[ 2023-01-08 01:01:03,135 ] 88 root - INFO - Hypothesis dg_000: float64, float64 
[ 2023-01-08 01:01:03,171 ] 88 root - INFO - Hypothesis dh_000: float64, float64 
[ 2023-01-08 01:01:03,209 ] 88 root - INFO - Hypothesis di_000: float64, float64 
[ 2023-01-08 01:01:03,252 ] 88 root - INFO - Hypothesis dj_000: float64, float64 
[ 2023-01-08 01:01:03,289 ] 88 root - INFO - Hypothesis dk_000: float64, float64 
[ 2023-01-08 01:01:03,325 ] 88 root - INFO - Hypothesis dl_000: float64, float64 
[ 2023-01-08 01:01:03,362 ] 88 root - INFO - Hypothesis dm_000: float64, float64 
[ 2023-01-08 01:01:03,398 ] 88 root - INFO - Hypothesis dn_000: float64, float64 
[ 2023-01-08 01:01:03,408 ] 88 root - INFO - Hypothesis do_000: float64, float64 
[ 2023-01-08 01:01:03,417 ] 88 root - INFO - Hypothesis dp_000: float64, float64 
[ 2023-01-08 01:01:03,427 ] 88 root - INFO - Hypothesis dq_000: float64, float64 
[ 2023-01-08 01:01:03,467 ] 88 root - INFO - Hypothesis dr_000: float64, float64 
[ 2023-01-08 01:01:03,506 ] 88 root - INFO - Hypothesis ds_000: float64, float64 
[ 2023-01-08 01:01:03,516 ] 88 root - INFO - Hypothesis dt_000: float64, float64 
[ 2023-01-08 01:01:03,559 ] 88 root - INFO - Hypothesis du_000: float64, float64 
[ 2023-01-08 01:01:03,569 ] 88 root - INFO - Hypothesis dv_000: float64, float64 
[ 2023-01-08 01:01:03,579 ] 88 root - INFO - Hypothesis dx_000: float64, float64 
[ 2023-01-08 01:01:03,618 ] 88 root - INFO - Hypothesis dy_000: float64, float64 
[ 2023-01-08 01:01:03,657 ] 88 root - INFO - Hypothesis dz_000: float64, float64 
[ 2023-01-08 01:01:03,693 ] 88 root - INFO - Hypothesis ea_000: float64, float64 
[ 2023-01-08 01:01:03,731 ] 88 root - INFO - Hypothesis eb_000: float64, float64 
[ 2023-01-08 01:01:03,772 ] 88 root - INFO - Hypothesis ec_00: float64, float64 
[ 2023-01-08 01:01:03,782 ] 88 root - INFO - Hypothesis ed_000: float64, float64 
[ 2023-01-08 01:01:03,791 ] 88 root - INFO - Hypothesis ee_000: float64, float64 
[ 2023-01-08 01:01:03,802 ] 88 root - INFO - Hypothesis ee_001: float64, float64 
[ 2023-01-08 01:01:03,814 ] 88 root - INFO - Hypothesis ee_002: float64, float64 
[ 2023-01-08 01:01:03,858 ] 88 root - INFO - Hypothesis ee_003: float64, float64 
[ 2023-01-08 01:01:03,901 ] 88 root - INFO - Hypothesis ee_004: float64, float64 
[ 2023-01-08 01:01:03,912 ] 88 root - INFO - Hypothesis ee_005: float64, float64 
[ 2023-01-08 01:01:03,922 ] 88 root - INFO - Hypothesis ee_006: float64, float64 
[ 2023-01-08 01:01:03,964 ] 88 root - INFO - Hypothesis ee_007: float64, float64 
[ 2023-01-08 01:01:04,006 ] 88 root - INFO - Hypothesis ee_008: float64, float64 
[ 2023-01-08 01:01:04,048 ] 88 root - INFO - Hypothesis ee_009: float64, float64 
[ 2023-01-08 01:01:04,088 ] 88 root - INFO - Hypothesis ef_000: float64, float64 
[ 2023-01-08 01:01:04,125 ] 88 root - INFO - Hypothesis eg_000: float64, float64 
[ 2023-01-08 01:01:04,161 ] 143 root - INFO - As all column are available in test df hence detecting data drift
[ 2023-01-08 01:01:04,161 ] 88 root - INFO - Hypothesis class: object, object 
[ 2023-01-08 01:01:04,237 ] 88 root - INFO - Hypothesis aa_000: float64, float64 
[ 2023-01-08 01:01:04,244 ] 88 root - INFO - Hypothesis ac_000: float64, float64 
[ 2023-01-08 01:01:04,249 ] 88 root - INFO - Hypothesis ae_000: float64, float64 
[ 2023-01-08 01:01:04,253 ] 88 root - INFO - Hypothesis af_000: float64, float64 
[ 2023-01-08 01:01:04,269 ] 88 root - INFO - Hypothesis ag_000: float64, float64 
[ 2023-01-08 01:01:04,283 ] 88 root - INFO - Hypothesis ag_001: float64, float64 
[ 2023-01-08 01:01:04,298 ] 88 root - INFO - Hypothesis ag_002: float64, float64 
[ 2023-01-08 01:01:04,314 ] 88 root - INFO - Hypothesis ag_003: float64, float64 
[ 2023-01-08 01:01:04,318 ] 88 root - INFO - Hypothesis ag_004: float64, float64 
[ 2023-01-08 01:01:04,325 ] 88 root - INFO - Hypothesis ag_005: float64, float64 
[ 2023-01-08 01:01:04,332 ] 88 root - INFO - Hypothesis ag_006: float64, float64 
[ 2023-01-08 01:01:04,339 ] 88 root - INFO - Hypothesis ag_007: float64, float64 
[ 2023-01-08 01:01:04,345 ] 88 root - INFO - Hypothesis ag_008: float64, float64 
[ 2023-01-08 01:01:04,350 ] 88 root - INFO - Hypothesis ag_009: float64, float64 
[ 2023-01-08 01:01:04,355 ] 88 root - INFO - Hypothesis ah_000: float64, float64 
[ 2023-01-08 01:01:04,362 ] 88 root - INFO - Hypothesis ai_000: float64, float64 
[ 2023-01-08 01:01:04,366 ] 88 root - INFO - Hypothesis aj_000: float64, float64 
[ 2023-01-08 01:01:04,382 ] 88 root - INFO - Hypothesis ak_000: float64, float64 
[ 2023-01-08 01:01:04,398 ] 88 root - INFO - Hypothesis al_000: float64, float64 
[ 2023-01-08 01:01:04,402 ] 88 root - INFO - Hypothesis am_0: float64, float64 
[ 2023-01-08 01:01:04,407 ] 88 root - INFO - Hypothesis an_000: float64, float64 
[ 2023-01-08 01:01:04,414 ] 88 root - INFO - Hypothesis ao_000: float64, float64 
[ 2023-01-08 01:01:04,421 ] 88 root - INFO - Hypothesis ap_000: float64, float64 
[ 2023-01-08 01:01:04,429 ] 88 root - INFO - Hypothesis aq_000: float64, float64 
[ 2023-01-08 01:01:04,436 ] 88 root - INFO - Hypothesis ar_000: float64, float64 
[ 2023-01-08 01:01:04,451 ] 88 root - INFO - Hypothesis as_000: float64, float64 
[ 2023-01-08 01:01:04,466 ] 88 root - INFO - Hypothesis at_000: float64, float64 
[ 2023-01-08 01:01:04,470 ] 88 root - INFO - Hypothesis au_000: float64, float64 
[ 2023-01-08 01:01:04,485 ] 88 root - INFO - Hypothesis av_000: float64, float64 
[ 2023-01-08 01:01:04,491 ] 88 root - INFO - Hypothesis ax_000: float64, float64 
[ 2023-01-08 01:01:04,497 ] 88 root - INFO - Hypothesis ay_000: float64, float64 
[ 2023-01-08 01:01:04,512 ] 88 root - INFO - Hypothesis ay_001: float64, float64 
[ 2023-01-08 01:01:04,527 ] 88 root - INFO - Hypothesis ay_002: float64, float64 
[ 2023-01-08 01:01:04,542 ] 88 root - INFO - Hypothesis ay_003: float64, float64 
[ 2023-01-08 01:01:04,558 ] 88 root - INFO - Hypothesis ay_004: float64, float64 
[ 2023-01-08 01:01:04,573 ] 88 root - INFO - Hypothesis ay_005: float64, float64 
[ 2023-01-08 01:01:04,579 ] 88 root - INFO - Hypothesis ay_006: float64, float64 
[ 2023-01-08 01:01:04,585 ] 88 root - INFO - Hypothesis ay_007: float64, float64 
[ 2023-01-08 01:01:04,591 ] 88 root - INFO - Hypothesis ay_008: float64, float64 
[ 2023-01-08 01:01:04,598 ] 88 root - INFO - Hypothesis ay_009: float64, float64 
[ 2023-01-08 01:01:04,613 ] 88 root - INFO - Hypothesis az_000: float64, float64 
[ 2023-01-08 01:01:04,620 ] 88 root - INFO - Hypothesis az_001: float64, float64 
[ 2023-01-08 01:01:04,626 ] 88 root - INFO - Hypothesis az_002: float64, float64 
[ 2023-01-08 01:01:04,632 ] 88 root - INFO - Hypothesis az_003: float64, float64 
[ 2023-01-08 01:01:04,639 ] 88 root - INFO - Hypothesis az_004: float64, float64 
[ 2023-01-08 01:01:04,645 ] 88 root - INFO - Hypothesis az_005: float64, float64 
[ 2023-01-08 01:01:04,653 ] 88 root - INFO - Hypothesis az_006: float64, float64 
[ 2023-01-08 01:01:04,659 ] 88 root - INFO - Hypothesis az_007: float64, float64 
[ 2023-01-08 01:01:04,663 ] 88 root - INFO - Hypothesis az_008: float64, float64 
[ 2023-01-08 01:01:04,679 ] 88 root - INFO - Hypothesis az_009: float64, float64 
[ 2023-01-08 01:01:04,695 ] 88 root - INFO - Hypothesis ba_000: float64, float64 
[ 2023-01-08 01:01:04,702 ] 88 root - INFO - Hypothesis ba_001: float64, float64 
[ 2023-01-08 01:01:04,709 ] 88 root - INFO - Hypothesis ba_002: float64, float64 
[ 2023-01-08 01:01:04,716 ] 88 root - INFO - Hypothesis ba_003: float64, float64 
[ 2023-01-08 01:01:04,723 ] 88 root - INFO - Hypothesis ba_004: float64, float64 
[ 2023-01-08 01:01:04,730 ] 88 root - INFO - Hypothesis ba_005: float64, float64 
[ 2023-01-08 01:01:04,737 ] 88 root - INFO - Hypothesis ba_006: float64, float64 
[ 2023-01-08 01:01:04,744 ] 88 root - INFO - Hypothesis ba_007: float64, float64 
[ 2023-01-08 01:01:04,750 ] 88 root - INFO - Hypothesis ba_008: float64, float64 
[ 2023-01-08 01:01:04,756 ] 88 root - INFO - Hypothesis ba_009: float64, float64 
[ 2023-01-08 01:01:04,773 ] 88 root - INFO - Hypothesis bb_000: float64, float64 
[ 2023-01-08 01:01:04,780 ] 88 root - INFO - Hypothesis bc_000: float64, float64 
[ 2023-01-08 01:01:04,788 ] 88 root - INFO - Hypothesis bd_000: float64, float64 
[ 2023-01-08 01:01:04,794 ] 88 root - INFO - Hypothesis be_000: float64, float64 
[ 2023-01-08 01:01:04,800 ] 88 root - INFO - Hypothesis bf_000: float64, float64 
[ 2023-01-08 01:01:04,805 ] 88 root - INFO - Hypothesis bg_000: float64, float64 
[ 2023-01-08 01:01:04,812 ] 88 root - INFO - Hypothesis bh_000: float64, float64 
[ 2023-01-08 01:01:04,818 ] 88 root - INFO - Hypothesis bi_000: float64, float64 
[ 2023-01-08 01:01:04,826 ] 88 root - INFO - Hypothesis bj_000: float64, float64 
[ 2023-01-08 01:01:04,833 ] 88 root - INFO - Hypothesis bs_000: float64, float64 
[ 2023-01-08 01:01:04,840 ] 88 root - INFO - Hypothesis bt_000: float64, float64 
[ 2023-01-08 01:01:04,847 ] 88 root - INFO - Hypothesis bu_000: float64, float64 
[ 2023-01-08 01:01:04,854 ] 88 root - INFO - Hypothesis bv_000: float64, float64 
[ 2023-01-08 01:01:04,861 ] 88 root - INFO - Hypothesis bx_000: float64, float64 
[ 2023-01-08 01:01:04,868 ] 88 root - INFO - Hypothesis by_000: float64, float64 
[ 2023-01-08 01:01:04,875 ] 88 root - INFO - Hypothesis bz_000: float64, float64 
[ 2023-01-08 01:01:04,881 ] 88 root - INFO - Hypothesis ca_000: float64, float64 
[ 2023-01-08 01:01:04,888 ] 88 root - INFO - Hypothesis cb_000: float64, float64 
[ 2023-01-08 01:01:04,895 ] 88 root - INFO - Hypothesis cc_000: float64, float64 
[ 2023-01-08 01:01:04,902 ] 88 root - INFO - Hypothesis cd_000: float64, float64 
[ 2023-01-08 01:01:04,918 ] 88 root - INFO - Hypothesis ce_000: float64, float64 
[ 2023-01-08 01:01:04,924 ] 88 root - INFO - Hypothesis ci_000: float64, float64 
[ 2023-01-08 01:01:04,932 ] 88 root - INFO - Hypothesis cj_000: float64, float64 
[ 2023-01-08 01:01:04,936 ] 88 root - INFO - Hypothesis ck_000: float64, float64 
[ 2023-01-08 01:01:04,943 ] 88 root - INFO - Hypothesis cl_000: float64, float64 
[ 2023-01-08 01:01:04,947 ] 88 root - INFO - Hypothesis cm_000: float64, float64 
[ 2023-01-08 01:01:04,952 ] 88 root - INFO - Hypothesis cn_000: float64, float64 
[ 2023-01-08 01:01:04,967 ] 88 root - INFO - Hypothesis cn_001: float64, float64 
[ 2023-01-08 01:01:04,971 ] 88 root - INFO - Hypothesis cn_002: float64, float64 
[ 2023-01-08 01:01:04,976 ] 88 root - INFO - Hypothesis cn_003: float64, float64 
[ 2023-01-08 01:01:04,983 ] 88 root - INFO - Hypothesis cn_004: float64, float64 
[ 2023-01-08 01:01:04,990 ] 88 root - INFO - Hypothesis cn_005: float64, float64 
[ 2023-01-08 01:01:04,997 ] 88 root - INFO - Hypothesis cn_006: float64, float64 
[ 2023-01-08 01:01:05,005 ] 88 root - INFO - Hypothesis cn_007: float64, float64 
[ 2023-01-08 01:01:05,011 ] 88 root - INFO - Hypothesis cn_008: float64, float64 
[ 2023-01-08 01:01:05,017 ] 88 root - INFO - Hypothesis cn_009: float64, float64 
[ 2023-01-08 01:01:05,023 ] 88 root - INFO - Hypothesis cp_000: float64, float64 
[ 2023-01-08 01:01:05,028 ] 88 root - INFO - Hypothesis cq_000: float64, float64 
[ 2023-01-08 01:01:05,035 ] 88 root - INFO - Hypothesis cs_000: float64, float64 
[ 2023-01-08 01:01:05,042 ] 88 root - INFO - Hypothesis cs_001: float64, float64 
[ 2023-01-08 01:01:05,048 ] 88 root - INFO - Hypothesis cs_002: float64, float64 
[ 2023-01-08 01:01:05,054 ] 88 root - INFO - Hypothesis cs_003: float64, float64 
[ 2023-01-08 01:01:05,061 ] 88 root - INFO - Hypothesis cs_004: float64, float64 
[ 2023-01-08 01:01:05,068 ] 88 root - INFO - Hypothesis cs_005: float64, float64 
[ 2023-01-08 01:01:05,075 ] 88 root - INFO - Hypothesis cs_006: float64, float64 
[ 2023-01-08 01:01:05,083 ] 88 root - INFO - Hypothesis cs_007: float64, float64 
[ 2023-01-08 01:01:05,090 ] 88 root - INFO - Hypothesis cs_008: float64, float64 
[ 2023-01-08 01:01:05,095 ] 88 root - INFO - Hypothesis cs_009: float64, float64 
[ 2023-01-08 01:01:05,111 ] 88 root - INFO - Hypothesis dd_000: float64, float64 
[ 2023-01-08 01:01:05,118 ] 88 root - INFO - Hypothesis de_000: float64, float64 
[ 2023-01-08 01:01:05,124 ] 88 root - INFO - Hypothesis df_000: float64, float64 
[ 2023-01-08 01:01:05,140 ] 88 root - INFO - Hypothesis dg_000: float64, float64 
[ 2023-01-08 01:01:05,156 ] 88 root - INFO - Hypothesis dh_000: float64, float64 
[ 2023-01-08 01:01:05,160 ] 88 root - INFO - Hypothesis di_000: float64, float64 
[ 2023-01-08 01:01:05,164 ] 88 root - INFO - Hypothesis dj_000: float64, float64 
[ 2023-01-08 01:01:05,179 ] 88 root - INFO - Hypothesis dk_000: float64, float64 
[ 2023-01-08 01:01:05,195 ] 88 root - INFO - Hypothesis dl_000: float64, float64 
[ 2023-01-08 01:01:05,210 ] 88 root - INFO - Hypothesis dm_000: float64, float64 
[ 2023-01-08 01:01:05,226 ] 88 root - INFO - Hypothesis dn_000: float64, float64 
[ 2023-01-08 01:01:05,233 ] 88 root - INFO - Hypothesis do_000: float64, float64 
[ 2023-01-08 01:01:05,239 ] 88 root - INFO - Hypothesis dp_000: float64, float64 
[ 2023-01-08 01:01:05,246 ] 88 root - INFO - Hypothesis dq_000: float64, float64 
[ 2023-01-08 01:01:05,250 ] 88 root - INFO - Hypothesis dr_000: float64, float64 
[ 2023-01-08 01:01:05,254 ] 88 root - INFO - Hypothesis ds_000: float64, float64 
[ 2023-01-08 01:01:05,261 ] 88 root - INFO - Hypothesis dt_000: float64, float64 
[ 2023-01-08 01:01:05,268 ] 88 root - INFO - Hypothesis du_000: float64, float64 
[ 2023-01-08 01:01:05,275 ] 88 root - INFO - Hypothesis dv_000: float64, float64 
[ 2023-01-08 01:01:05,282 ] 88 root - INFO - Hypothesis dx_000: float64, float64 
[ 2023-01-08 01:01:05,286 ] 88 root - INFO - Hypothesis dy_000: float64, float64 
[ 2023-01-08 01:01:05,291 ] 88 root - INFO - Hypothesis dz_000: float64, float64 
[ 2023-01-08 01:01:05,306 ] 88 root - INFO - Hypothesis ea_000: float64, float64 
[ 2023-01-08 01:01:05,322 ] 88 root - INFO - Hypothesis eb_000: float64, float64 
[ 2023-01-08 01:01:05,327 ] 88 root - INFO - Hypothesis ec_00: float64, float64 
[ 2023-01-08 01:01:05,334 ] 88 root - INFO - Hypothesis ed_000: float64, float64 
[ 2023-01-08 01:01:05,340 ] 88 root - INFO - Hypothesis ee_000: float64, float64 
[ 2023-01-08 01:01:05,347 ] 88 root - INFO - Hypothesis ee_001: float64, float64 
[ 2023-01-08 01:01:05,354 ] 88 root - INFO - Hypothesis ee_002: float64, float64 
[ 2023-01-08 01:01:05,361 ] 88 root - INFO - Hypothesis ee_003: float64, float64 
[ 2023-01-08 01:01:05,368 ] 88 root - INFO - Hypothesis ee_004: float64, float64 
[ 2023-01-08 01:01:05,374 ] 88 root - INFO - Hypothesis ee_005: float64, float64 
[ 2023-01-08 01:01:05,381 ] 88 root - INFO - Hypothesis ee_006: float64, float64 
[ 2023-01-08 01:01:05,388 ] 88 root - INFO - Hypothesis ee_007: float64, float64 
[ 2023-01-08 01:01:05,394 ] 88 root - INFO - Hypothesis ee_008: float64, float64 
[ 2023-01-08 01:01:05,400 ] 88 root - INFO - Hypothesis ee_009: float64, float64 
[ 2023-01-08 01:01:05,405 ] 88 root - INFO - Hypothesis ef_000: float64, float64 
[ 2023-01-08 01:01:05,420 ] 88 root - INFO - Hypothesis eg_000: float64, float64 
[ 2023-01-08 01:01:05,435 ] 147 root - INFO - Write reprt in yaml file
[ 2023-01-08 01:01:05,503 ] 152 root - INFO - Data validation artifact: DataValidationArtifact(report_file_path='/config/workspace/artifact/010823_010040/data_validation/report.yaml')
[ 2023-01-08 01:01:05,506 ] 21 root - INFO - >>>>>>>>>>>>>>>>>>>>>>>>>>>>>>>>>>>>>>>> Data Transformation <<<<<<<<<<<<<<<<<<<<<<<<<<<<<<<<<<<<<<<<
[ 2023-01-08 01:01:06,396 ] 70 root - INFO - Before resampling in training set Input: (28950, 170) Target:(28950,)
[ 2023-01-08 01:01:12,676 ] 72 root - INFO - After resampling in training set Input: (56194, 170) Target:(56194,)
[ 2023-01-08 01:01:12,677 ] 74 root - INFO - Before resampling in testing set Input: (7238, 170) Target:(7238,)
[ 2023-01-08 01:01:13,232 ] 76 root - INFO - After resampling in testing set Input: (13992, 170) Target:(13992,)
[ 2023-01-08 01:01:13,340 ] 56 root - INFO - Entered the save_object method of utils
[ 2023-01-08 01:01:13,342 ] 60 root - INFO - Exited the save_object method of utils
[ 2023-01-08 01:01:13,342 ] 56 root - INFO - Entered the save_object method of utils
[ 2023-01-08 01:01:13,343 ] 60 root - INFO - Exited the save_object method of utils
[ 2023-01-08 01:01:13,343 ] 107 root - INFO - Data transformation object DataTransformationArtifact(transform_object_path='/config/workspace/artifact/010823_010040/data_transformation/transformer/transfromation.pkl', transformed_train_path='/config/workspace/artifact/010823_010040/data_transformation/transformed/train.npz', transformed_test_path='/config/workspace/artifact/010823_010040/data_transformation/transformed/test.npz', target_encoder_path='/config/workspace/artifact/010823_010040/data_transformation/target_encoder/target_encoder.pkl')
[ 2023-01-08 01:01:13,344 ] 18 root - INFO - >>>>>>>>>>>>>>>>>>>>>>>>>>>>>>>>>>>>>>>> Model Trainer <<<<<<<<<<<<<<<<<<<<<<<<<<<<<<<<<<<<<<<<
[ 2023-01-08 01:01:13,344 ] 45 root - INFO - Loading train and test array.
[ 2023-01-08 01:01:13,373 ] 49 root - INFO - Splitting input and target feature from both train and test arr.
[ 2023-01-08 01:01:13,374 ] 53 root - INFO - Train the model
[ 2023-01-08 01:01:23,573 ] 56 root - INFO - Calculating f1 train score
[ 2023-01-08 01:01:23,620 ] 60 root - INFO - Calculating f1 test score
[ 2023-01-08 01:01:23,635 ] 64 root - INFO - train score:1.0 and tests score 0.9763012503634778
[ 2023-01-08 01:01:23,635 ] 66 root - INFO - Checking if our model is underfitting or not
[ 2023-01-08 01:01:23,635 ] 71 root - INFO - Checking if our model is overfiiting or not
[ 2023-01-08 01:01:23,635 ] 78 root - INFO - Saving mode object
[ 2023-01-08 01:01:23,635 ] 56 root - INFO - Entered the save_object method of utils
[ 2023-01-08 01:01:23,641 ] 60 root - INFO - Exited the save_object method of utils
[ 2023-01-08 01:01:23,641 ] 82 root - INFO - Prepare the artifact
[ 2023-01-08 01:01:23,641 ] 85 root - INFO - Model trainer artifact: ModelTrainerArtifact(model_path='/config/workspace/artifact/010823_010040/model_trainer/model/model.pkl', f1_train_score=1.0, f1_test_score=0.9763012503634778)
[ 2023-01-08 01:01:23,643 ] 14 root - INFO - >>>>>>>>>>>>>>>>>>>>>>>>>>>>>>>>>>>>>>>> Model Evaluation <<<<<<<<<<<<<<<<<<<<<<<<<<<<<<<<<<<<<<<<
[ 2023-01-08 01:01:23,643 ] 28 root - INFO - If saved model folder has model the we will compare which model is best trained or the model from saved model folder
[ 2023-01-08 01:01:23,643 ] 34 root - INFO - Model evaluation artifact: ModelEvaluationArtifact(is_model_accepted=True, improved_accuracy=None)
[ 2023-01-08 01:01:23,643 ] 14 root - INFO - >>>>>>>>>>>>>>>>>>>>>>>>>>>>>>>>>>>>>>>> Model Pusher <<<<<<<<<<<<<<<<<<<<<<<<<<<<<<<<<<<<<<<<
