[ 2023-01-08 01:11:52,990 ] 16 root - INFO - >>>>>>>>>>>>>>>>>>>>>>>>>>>>>>>>>>>>>>>> Data Ingestion <<<<<<<<<<<<<<<<<<<<<<<<<<<<<<<<<<<<<<<<
[ 2023-01-08 01:11:52,990 ] 23 root - INFO - Exporting collection data as pandas dataframe
[ 2023-01-08 01:11:52,990 ] 22 root - INFO - Reading data from database: aps and collection: sensor
[ 2023-01-08 01:11:56,485 ] 24 root - INFO - Found columns: Index(['_id', 'class', 'aa_000', 'ab_000', 'ac_000', 'ad_000', 'ae_000',
       'af_000', 'ag_000', 'ag_001',
       ...
       'ee_002', 'ee_003', 'ee_004', 'ee_005', 'ee_006', 'ee_007', 'ee_008',
       'ee_009', 'ef_000', 'eg_000'],
      dtype='object', length=172)
[ 2023-01-08 01:11:56,486 ] 26 root - INFO - Dropping column: _id 
[ 2023-01-08 01:11:56,690 ] 28 root - INFO - Row and columns in df: (36188, 171)
[ 2023-01-08 01:11:56,690 ] 29 root - INFO - Save data in feature store
[ 2023-01-08 01:11:57,219 ] 35 root - INFO - Create feature store folder if not available
[ 2023-01-08 01:11:57,220 ] 39 root - INFO - Save df to feature store folder
[ 2023-01-08 01:11:59,535 ] 44 root - INFO - Split dataset into train and test set
[ 2023-01-08 01:12:00,082 ] 48 root - INFO - Create dataset directory folder if not available
[ 2023-01-08 01:12:00,082 ] 53 root - INFO - Save df to feature store folder
[ 2023-01-08 01:12:02,190 ] 65 root - INFO - Data ingestion artifact: DataIngestionArtifact(feature_store_file_path='/config/workspace/artifact/010823_011152/data_ingestion/feature_store/sensor.csv', train_file_path='/config/workspace/artifact/010823_011152/data_ingestion/dataset/train.csv', test_file_path='/config/workspace/artifact/010823_011152/data_ingestion/dataset/test.csv')
[ 2023-01-08 01:12:02,637 ] 22 root - INFO - >>>>>>>>>>>>>>>>>>>>>>>>>>>>>>>>>>>>>>>> Data Validation <<<<<<<<<<<<<<<<<<<<<<<<<<<<<<<<<<<<<<<<
[ 2023-01-08 01:12:02,637 ] 110 root - INFO - Reading base dataframe
[ 2023-01-08 01:12:05,554 ] 113 root - INFO - Replace na value in base df
[ 2023-01-08 01:12:05,554 ] 115 root - INFO - Drop null values colums from base df
[ 2023-01-08 01:12:06,473 ] 44 root - INFO - selecting column name which contains null above the 0.2
[ 2023-01-08 01:12:06,473 ] 47 root - INFO - Columns to drop: ['ab_000', 'ad_000', 'bk_000', 'bl_000', 'bm_000', 'bn_000', 'bo_000', 'bp_000', 'bq_000', 'br_000', 'cf_000', 'cg_000', 'ch_000', 'co_000', 'cr_000', 'ct_000', 'cu_000', 'cv_000', 'cx_000', 'cy_000', 'cz_000', 'da_000', 'db_000', 'dc_000']
[ 2023-01-08 01:12:06,565 ] 118 root - INFO - Reading train dataframe
[ 2023-01-08 01:12:06,958 ] 120 root - INFO - Reading test dataframe
[ 2023-01-08 01:12:07,058 ] 123 root - INFO - Drop null values colums from train df
[ 2023-01-08 01:12:07,069 ] 44 root - INFO - selecting column name which contains null above the 0.2
[ 2023-01-08 01:12:07,069 ] 47 root - INFO - Columns to drop: ['ab_000', 'ad_000', 'bk_000', 'bl_000', 'bm_000', 'bn_000', 'bo_000', 'bp_000', 'bq_000', 'br_000', 'cf_000', 'cg_000', 'ch_000', 'co_000', 'cr_000', 'ct_000', 'cu_000', 'cv_000', 'cx_000', 'cy_000', 'cz_000', 'da_000', 'db_000', 'dc_000']
[ 2023-01-08 01:12:07,081 ] 125 root - INFO - Drop null values colums from test df
[ 2023-01-08 01:12:07,086 ] 44 root - INFO - selecting column name which contains null above the 0.2
[ 2023-01-08 01:12:07,086 ] 47 root - INFO - Columns to drop: ['ab_000', 'ad_000', 'bk_000', 'bl_000', 'bm_000', 'bn_000', 'bo_000', 'bp_000', 'bq_000', 'br_000', 'cf_000', 'cg_000', 'ch_000', 'co_000', 'cr_000', 'ct_000', 'cu_000', 'cv_000', 'cx_000', 'cy_000', 'cz_000', 'da_000', 'db_000', 'dc_000']
[ 2023-01-08 01:12:13,208 ] 134 root - INFO - Is all required columns present in train df
[ 2023-01-08 01:12:13,208 ] 136 root - INFO - Is all required columns present in test df
[ 2023-01-08 01:12:13,208 ] 140 root - INFO - As all column are available in train df hence detecting data drift
[ 2023-01-08 01:12:13,209 ] 88 root - INFO - Hypothesis class: object, object 
[ 2023-01-08 01:12:13,342 ] 88 root - INFO - Hypothesis aa_000: float64, float64 
[ 2023-01-08 01:12:13,353 ] 88 root - INFO - Hypothesis ac_000: float64, float64 
[ 2023-01-08 01:12:13,396 ] 88 root - INFO - Hypothesis ae_000: float64, float64 
[ 2023-01-08 01:12:13,433 ] 88 root - INFO - Hypothesis af_000: float64, float64 
[ 2023-01-08 01:12:13,470 ] 88 root - INFO - Hypothesis ag_000: float64, float64 
[ 2023-01-08 01:12:13,506 ] 88 root - INFO - Hypothesis ag_001: float64, float64 
[ 2023-01-08 01:12:13,541 ] 88 root - INFO - Hypothesis ag_002: float64, float64 
[ 2023-01-08 01:12:13,577 ] 88 root - INFO - Hypothesis ag_003: float64, float64 
[ 2023-01-08 01:12:13,614 ] 88 root - INFO - Hypothesis ag_004: float64, float64 
[ 2023-01-08 01:12:13,624 ] 88 root - INFO - Hypothesis ag_005: float64, float64 
[ 2023-01-08 01:12:13,668 ] 88 root - INFO - Hypothesis ag_006: float64, float64 
[ 2023-01-08 01:12:13,678 ] 88 root - INFO - Hypothesis ag_007: float64, float64 
[ 2023-01-08 01:12:13,687 ] 88 root - INFO - Hypothesis ag_008: float64, float64 
[ 2023-01-08 01:12:13,696 ] 88 root - INFO - Hypothesis ag_009: float64, float64 
[ 2023-01-08 01:12:13,703 ] 88 root - INFO - Hypothesis ah_000: float64, float64 
[ 2023-01-08 01:12:13,714 ] 88 root - INFO - Hypothesis ai_000: float64, float64 
[ 2023-01-08 01:12:13,754 ] 88 root - INFO - Hypothesis aj_000: float64, float64 
[ 2023-01-08 01:12:13,796 ] 88 root - INFO - Hypothesis ak_000: float64, float64 
[ 2023-01-08 01:12:13,835 ] 88 root - INFO - Hypothesis al_000: float64, float64 
[ 2023-01-08 01:12:13,874 ] 88 root - INFO - Hypothesis am_0: float64, float64 
[ 2023-01-08 01:12:13,913 ] 88 root - INFO - Hypothesis an_000: float64, float64 
[ 2023-01-08 01:12:13,924 ] 88 root - INFO - Hypothesis ao_000: float64, float64 
[ 2023-01-08 01:12:13,934 ] 88 root - INFO - Hypothesis ap_000: float64, float64 
[ 2023-01-08 01:12:13,978 ] 88 root - INFO - Hypothesis aq_000: float64, float64 
[ 2023-01-08 01:12:14,021 ] 88 root - INFO - Hypothesis ar_000: float64, float64 
[ 2023-01-08 01:12:14,056 ] 88 root - INFO - Hypothesis as_000: float64, float64 
[ 2023-01-08 01:12:14,092 ] 88 root - INFO - Hypothesis at_000: float64, float64 
[ 2023-01-08 01:12:14,130 ] 88 root - INFO - Hypothesis au_000: float64, float64 
[ 2023-01-08 01:12:14,165 ] 88 root - INFO - Hypothesis av_000: float64, float64 
[ 2023-01-08 01:12:14,205 ] 88 root - INFO - Hypothesis ax_000: float64, float64 
[ 2023-01-08 01:12:14,246 ] 88 root - INFO - Hypothesis ay_000: float64, float64 
[ 2023-01-08 01:12:14,281 ] 88 root - INFO - Hypothesis ay_001: float64, float64 
[ 2023-01-08 01:12:14,317 ] 88 root - INFO - Hypothesis ay_002: float64, float64 
[ 2023-01-08 01:12:14,353 ] 88 root - INFO - Hypothesis ay_003: float64, float64 
[ 2023-01-08 01:12:14,388 ] 88 root - INFO - Hypothesis ay_004: float64, float64 
[ 2023-01-08 01:12:14,423 ] 88 root - INFO - Hypothesis ay_005: float64, float64 
[ 2023-01-08 01:12:14,432 ] 88 root - INFO - Hypothesis ay_006: float64, float64 
[ 2023-01-08 01:12:14,441 ] 88 root - INFO - Hypothesis ay_007: float64, float64 
[ 2023-01-08 01:12:14,451 ] 88 root - INFO - Hypothesis ay_008: float64, float64 
[ 2023-01-08 01:12:14,461 ] 88 root - INFO - Hypothesis ay_009: float64, float64 
[ 2023-01-08 01:12:14,497 ] 88 root - INFO - Hypothesis az_000: float64, float64 
[ 2023-01-08 01:12:14,539 ] 88 root - INFO - Hypothesis az_001: float64, float64 
[ 2023-01-08 01:12:14,548 ] 88 root - INFO - Hypothesis az_002: float64, float64 
[ 2023-01-08 01:12:14,558 ] 88 root - INFO - Hypothesis az_003: float64, float64 
[ 2023-01-08 01:12:14,568 ] 88 root - INFO - Hypothesis az_004: float64, float64 
[ 2023-01-08 01:12:14,578 ] 88 root - INFO - Hypothesis az_005: float64, float64 
[ 2023-01-08 01:12:14,589 ] 88 root - INFO - Hypothesis az_006: float64, float64 
[ 2023-01-08 01:12:14,598 ] 88 root - INFO - Hypothesis az_007: float64, float64 
[ 2023-01-08 01:12:14,635 ] 88 root - INFO - Hypothesis az_008: float64, float64 
[ 2023-01-08 01:12:14,672 ] 88 root - INFO - Hypothesis az_009: float64, float64 
[ 2023-01-08 01:12:14,707 ] 88 root - INFO - Hypothesis ba_000: float64, float64 
[ 2023-01-08 01:12:14,718 ] 88 root - INFO - Hypothesis ba_001: float64, float64 
[ 2023-01-08 01:12:14,729 ] 88 root - INFO - Hypothesis ba_002: float64, float64 
[ 2023-01-08 01:12:14,772 ] 88 root - INFO - Hypothesis ba_003: float64, float64 
[ 2023-01-08 01:12:14,782 ] 88 root - INFO - Hypothesis ba_004: float64, float64 
[ 2023-01-08 01:12:14,792 ] 88 root - INFO - Hypothesis ba_005: float64, float64 
[ 2023-01-08 01:12:14,802 ] 88 root - INFO - Hypothesis ba_006: float64, float64 
[ 2023-01-08 01:12:14,845 ] 88 root - INFO - Hypothesis ba_007: float64, float64 
[ 2023-01-08 01:12:14,854 ] 88 root - INFO - Hypothesis ba_008: float64, float64 
[ 2023-01-08 01:12:14,895 ] 88 root - INFO - Hypothesis ba_009: float64, float64 
[ 2023-01-08 01:12:14,934 ] 88 root - INFO - Hypothesis bb_000: float64, float64 
[ 2023-01-08 01:12:14,944 ] 88 root - INFO - Hypothesis bc_000: float64, float64 
[ 2023-01-08 01:12:14,983 ] 88 root - INFO - Hypothesis bd_000: float64, float64 
[ 2023-01-08 01:12:15,023 ] 88 root - INFO - Hypothesis be_000: float64, float64 
[ 2023-01-08 01:12:15,064 ] 88 root - INFO - Hypothesis bf_000: float64, float64 
[ 2023-01-08 01:12:15,070 ] 88 root - INFO - Hypothesis bg_000: float64, float64 
[ 2023-01-08 01:12:15,081 ] 88 root - INFO - Hypothesis bh_000: float64, float64 
[ 2023-01-08 01:12:15,091 ] 88 root - INFO - Hypothesis bi_000: float64, float64 
[ 2023-01-08 01:12:15,135 ] 88 root - INFO - Hypothesis bj_000: float64, float64 
[ 2023-01-08 01:12:15,145 ] 88 root - INFO - Hypothesis bs_000: float64, float64 
[ 2023-01-08 01:12:15,156 ] 88 root - INFO - Hypothesis bt_000: float64, float64 
[ 2023-01-08 01:12:15,167 ] 88 root - INFO - Hypothesis bu_000: float64, float64 
[ 2023-01-08 01:12:15,177 ] 88 root - INFO - Hypothesis bv_000: float64, float64 
[ 2023-01-08 01:12:15,187 ] 88 root - INFO - Hypothesis bx_000: float64, float64 
[ 2023-01-08 01:12:15,197 ] 88 root - INFO - Hypothesis by_000: float64, float64 
[ 2023-01-08 01:12:15,207 ] 88 root - INFO - Hypothesis bz_000: float64, float64 
[ 2023-01-08 01:12:15,249 ] 88 root - INFO - Hypothesis ca_000: float64, float64 
[ 2023-01-08 01:12:15,259 ] 88 root - INFO - Hypothesis cb_000: float64, float64 
[ 2023-01-08 01:12:15,270 ] 88 root - INFO - Hypothesis cc_000: float64, float64 
[ 2023-01-08 01:12:15,280 ] 88 root - INFO - Hypothesis cd_000: float64, float64 
[ 2023-01-08 01:12:15,316 ] 88 root - INFO - Hypothesis ce_000: float64, float64 
[ 2023-01-08 01:12:15,326 ] 88 root - INFO - Hypothesis ci_000: float64, float64 
[ 2023-01-08 01:12:15,336 ] 88 root - INFO - Hypothesis cj_000: float64, float64 
[ 2023-01-08 01:12:15,374 ] 88 root - INFO - Hypothesis ck_000: float64, float64 
[ 2023-01-08 01:12:15,384 ] 88 root - INFO - Hypothesis cl_000: float64, float64 
[ 2023-01-08 01:12:15,422 ] 88 root - INFO - Hypothesis cm_000: float64, float64 
[ 2023-01-08 01:12:15,429 ] 88 root - INFO - Hypothesis cn_000: float64, float64 
[ 2023-01-08 01:12:15,466 ] 88 root - INFO - Hypothesis cn_001: float64, float64 
[ 2023-01-08 01:12:15,502 ] 88 root - INFO - Hypothesis cn_002: float64, float64 
[ 2023-01-08 01:12:15,542 ] 88 root - INFO - Hypothesis cn_003: float64, float64 
[ 2023-01-08 01:12:15,585 ] 88 root - INFO - Hypothesis cn_004: float64, float64 
[ 2023-01-08 01:12:15,596 ] 88 root - INFO - Hypothesis cn_005: float64, float64 
[ 2023-01-08 01:12:15,606 ] 88 root - INFO - Hypothesis cn_006: float64, float64 
[ 2023-01-08 01:12:15,616 ] 88 root - INFO - Hypothesis cn_007: float64, float64 
[ 2023-01-08 01:12:15,626 ] 88 root - INFO - Hypothesis cn_008: float64, float64 
[ 2023-01-08 01:12:15,635 ] 88 root - INFO - Hypothesis cn_009: float64, float64 
[ 2023-01-08 01:12:15,674 ] 88 root - INFO - Hypothesis cp_000: float64, float64 
[ 2023-01-08 01:12:15,714 ] 88 root - INFO - Hypothesis cq_000: float64, float64 
[ 2023-01-08 01:12:15,724 ] 88 root - INFO - Hypothesis cs_000: float64, float64 
[ 2023-01-08 01:12:15,734 ] 88 root - INFO - Hypothesis cs_001: float64, float64 
[ 2023-01-08 01:12:15,743 ] 88 root - INFO - Hypothesis cs_002: float64, float64 
[ 2023-01-08 01:12:15,753 ] 88 root - INFO - Hypothesis cs_003: float64, float64 
[ 2023-01-08 01:12:15,763 ] 88 root - INFO - Hypothesis cs_004: float64, float64 
[ 2023-01-08 01:12:15,774 ] 88 root - INFO - Hypothesis cs_005: float64, float64 
[ 2023-01-08 01:12:15,784 ] 88 root - INFO - Hypothesis cs_006: float64, float64 
[ 2023-01-08 01:12:15,795 ] 88 root - INFO - Hypothesis cs_007: float64, float64 
[ 2023-01-08 01:12:15,807 ] 88 root - INFO - Hypothesis cs_008: float64, float64 
[ 2023-01-08 01:12:15,847 ] 88 root - INFO - Hypothesis cs_009: float64, float64 
[ 2023-01-08 01:12:15,883 ] 88 root - INFO - Hypothesis dd_000: float64, float64 
[ 2023-01-08 01:12:15,892 ] 88 root - INFO - Hypothesis de_000: float64, float64 
[ 2023-01-08 01:12:15,932 ] 88 root - INFO - Hypothesis df_000: float64, float64 
[ 2023-01-08 01:12:15,968 ] 88 root - INFO - Hypothesis dg_000: float64, float64 
[ 2023-01-08 01:12:16,003 ] 88 root - INFO - Hypothesis dh_000: float64, float64 
[ 2023-01-08 01:12:16,039 ] 88 root - INFO - Hypothesis di_000: float64, float64 
[ 2023-01-08 01:12:16,077 ] 88 root - INFO - Hypothesis dj_000: float64, float64 
[ 2023-01-08 01:12:16,113 ] 88 root - INFO - Hypothesis dk_000: float64, float64 
[ 2023-01-08 01:12:16,149 ] 88 root - INFO - Hypothesis dl_000: float64, float64 
[ 2023-01-08 01:12:16,186 ] 88 root - INFO - Hypothesis dm_000: float64, float64 
[ 2023-01-08 01:12:16,221 ] 88 root - INFO - Hypothesis dn_000: float64, float64 
[ 2023-01-08 01:12:16,232 ] 88 root - INFO - Hypothesis do_000: float64, float64 
[ 2023-01-08 01:12:16,277 ] 88 root - INFO - Hypothesis dp_000: float64, float64 
[ 2023-01-08 01:12:16,287 ] 88 root - INFO - Hypothesis dq_000: float64, float64 
[ 2023-01-08 01:12:16,325 ] 88 root - INFO - Hypothesis dr_000: float64, float64 
[ 2023-01-08 01:12:16,363 ] 88 root - INFO - Hypothesis ds_000: float64, float64 
[ 2023-01-08 01:12:16,406 ] 88 root - INFO - Hypothesis dt_000: float64, float64 
[ 2023-01-08 01:12:16,416 ] 88 root - INFO - Hypothesis du_000: float64, float64 
[ 2023-01-08 01:12:16,458 ] 88 root - INFO - Hypothesis dv_000: float64, float64 
[ 2023-01-08 01:12:16,500 ] 88 root - INFO - Hypothesis dx_000: float64, float64 
[ 2023-01-08 01:12:16,507 ] 88 root - INFO - Hypothesis dy_000: float64, float64 
[ 2023-01-08 01:12:16,514 ] 88 root - INFO - Hypothesis dz_000: float64, float64 
[ 2023-01-08 01:12:16,550 ] 88 root - INFO - Hypothesis ea_000: float64, float64 
[ 2023-01-08 01:12:16,585 ] 88 root - INFO - Hypothesis eb_000: float64, float64 
[ 2023-01-08 01:12:16,626 ] 88 root - INFO - Hypothesis ec_00: float64, float64 
[ 2023-01-08 01:12:16,635 ] 88 root - INFO - Hypothesis ed_000: float64, float64 
[ 2023-01-08 01:12:16,644 ] 88 root - INFO - Hypothesis ee_000: float64, float64 
[ 2023-01-08 01:12:16,654 ] 88 root - INFO - Hypothesis ee_001: float64, float64 
[ 2023-01-08 01:12:16,665 ] 88 root - INFO - Hypothesis ee_002: float64, float64 
[ 2023-01-08 01:12:16,675 ] 88 root - INFO - Hypothesis ee_003: float64, float64 
[ 2023-01-08 01:12:16,685 ] 88 root - INFO - Hypothesis ee_004: float64, float64 
[ 2023-01-08 01:12:16,696 ] 88 root - INFO - Hypothesis ee_005: float64, float64 
[ 2023-01-08 01:12:16,706 ] 88 root - INFO - Hypothesis ee_006: float64, float64 
[ 2023-01-08 01:12:16,716 ] 88 root - INFO - Hypothesis ee_007: float64, float64 
[ 2023-01-08 01:12:16,726 ] 88 root - INFO - Hypothesis ee_008: float64, float64 
[ 2023-01-08 01:12:16,735 ] 88 root - INFO - Hypothesis ee_009: float64, float64 
[ 2023-01-08 01:12:16,742 ] 88 root - INFO - Hypothesis ef_000: float64, float64 
[ 2023-01-08 01:12:16,780 ] 88 root - INFO - Hypothesis eg_000: float64, float64 
[ 2023-01-08 01:12:16,816 ] 143 root - INFO - As all column are available in test df hence detecting data drift
[ 2023-01-08 01:12:16,816 ] 88 root - INFO - Hypothesis class: object, object 
[ 2023-01-08 01:12:16,894 ] 88 root - INFO - Hypothesis aa_000: float64, float64 
[ 2023-01-08 01:12:16,901 ] 88 root - INFO - Hypothesis ac_000: float64, float64 
[ 2023-01-08 01:12:16,906 ] 88 root - INFO - Hypothesis ae_000: float64, float64 
[ 2023-01-08 01:12:16,921 ] 88 root - INFO - Hypothesis af_000: float64, float64 
[ 2023-01-08 01:12:16,937 ] 88 root - INFO - Hypothesis ag_000: float64, float64 
[ 2023-01-08 01:12:16,952 ] 88 root - INFO - Hypothesis ag_001: float64, float64 
[ 2023-01-08 01:12:16,967 ] 88 root - INFO - Hypothesis ag_002: float64, float64 
[ 2023-01-08 01:12:16,983 ] 88 root - INFO - Hypothesis ag_003: float64, float64 
[ 2023-01-08 01:12:16,999 ] 88 root - INFO - Hypothesis ag_004: float64, float64 
[ 2023-01-08 01:12:17,006 ] 88 root - INFO - Hypothesis ag_005: float64, float64 
[ 2023-01-08 01:12:17,013 ] 88 root - INFO - Hypothesis ag_006: float64, float64 
[ 2023-01-08 01:12:17,020 ] 88 root - INFO - Hypothesis ag_007: float64, float64 
[ 2023-01-08 01:12:17,026 ] 88 root - INFO - Hypothesis ag_008: float64, float64 
[ 2023-01-08 01:12:17,032 ] 88 root - INFO - Hypothesis ag_009: float64, float64 
[ 2023-01-08 01:12:17,037 ] 88 root - INFO - Hypothesis ah_000: float64, float64 
[ 2023-01-08 01:12:17,044 ] 88 root - INFO - Hypothesis ai_000: float64, float64 
[ 2023-01-08 01:12:17,047 ] 88 root - INFO - Hypothesis aj_000: float64, float64 
[ 2023-01-08 01:12:17,051 ] 88 root - INFO - Hypothesis ak_000: float64, float64 
[ 2023-01-08 01:12:17,066 ] 88 root - INFO - Hypothesis al_000: float64, float64 
[ 2023-01-08 01:12:17,071 ] 88 root - INFO - Hypothesis am_0: float64, float64 
[ 2023-01-08 01:12:17,076 ] 88 root - INFO - Hypothesis an_000: float64, float64 
[ 2023-01-08 01:12:17,083 ] 88 root - INFO - Hypothesis ao_000: float64, float64 
[ 2023-01-08 01:12:17,090 ] 88 root - INFO - Hypothesis ap_000: float64, float64 
[ 2023-01-08 01:12:17,097 ] 88 root - INFO - Hypothesis aq_000: float64, float64 
[ 2023-01-08 01:12:17,104 ] 88 root - INFO - Hypothesis ar_000: float64, float64 
[ 2023-01-08 01:12:17,120 ] 88 root - INFO - Hypothesis as_000: float64, float64 
[ 2023-01-08 01:12:17,135 ] 88 root - INFO - Hypothesis at_000: float64, float64 
[ 2023-01-08 01:12:17,138 ] 88 root - INFO - Hypothesis au_000: float64, float64 
[ 2023-01-08 01:12:17,153 ] 88 root - INFO - Hypothesis av_000: float64, float64 
[ 2023-01-08 01:12:17,159 ] 88 root - INFO - Hypothesis ax_000: float64, float64 
[ 2023-01-08 01:12:17,164 ] 88 root - INFO - Hypothesis ay_000: float64, float64 
[ 2023-01-08 01:12:17,179 ] 88 root - INFO - Hypothesis ay_001: float64, float64 
[ 2023-01-08 01:12:17,194 ] 88 root - INFO - Hypothesis ay_002: float64, float64 
[ 2023-01-08 01:12:17,209 ] 88 root - INFO - Hypothesis ay_003: float64, float64 
[ 2023-01-08 01:12:17,224 ] 88 root - INFO - Hypothesis ay_004: float64, float64 
[ 2023-01-08 01:12:17,240 ] 88 root - INFO - Hypothesis ay_005: float64, float64 
[ 2023-01-08 01:12:17,245 ] 88 root - INFO - Hypothesis ay_006: float64, float64 
[ 2023-01-08 01:12:17,251 ] 88 root - INFO - Hypothesis ay_007: float64, float64 
[ 2023-01-08 01:12:17,258 ] 88 root - INFO - Hypothesis ay_008: float64, float64 
[ 2023-01-08 01:12:17,265 ] 88 root - INFO - Hypothesis ay_009: float64, float64 
[ 2023-01-08 01:12:17,280 ] 88 root - INFO - Hypothesis az_000: float64, float64 
[ 2023-01-08 01:12:17,287 ] 88 root - INFO - Hypothesis az_001: float64, float64 
[ 2023-01-08 01:12:17,293 ] 88 root - INFO - Hypothesis az_002: float64, float64 
[ 2023-01-08 01:12:17,299 ] 88 root - INFO - Hypothesis az_003: float64, float64 
[ 2023-01-08 01:12:17,306 ] 88 root - INFO - Hypothesis az_004: float64, float64 
[ 2023-01-08 01:12:17,313 ] 88 root - INFO - Hypothesis az_005: float64, float64 
[ 2023-01-08 01:12:17,320 ] 88 root - INFO - Hypothesis az_006: float64, float64 
[ 2023-01-08 01:12:17,326 ] 88 root - INFO - Hypothesis az_007: float64, float64 
[ 2023-01-08 01:12:17,330 ] 88 root - INFO - Hypothesis az_008: float64, float64 
[ 2023-01-08 01:12:17,345 ] 88 root - INFO - Hypothesis az_009: float64, float64 
[ 2023-01-08 01:12:17,360 ] 88 root - INFO - Hypothesis ba_000: float64, float64 
[ 2023-01-08 01:12:17,367 ] 88 root - INFO - Hypothesis ba_001: float64, float64 
[ 2023-01-08 01:12:17,374 ] 88 root - INFO - Hypothesis ba_002: float64, float64 
[ 2023-01-08 01:12:17,381 ] 88 root - INFO - Hypothesis ba_003: float64, float64 
[ 2023-01-08 01:12:17,388 ] 88 root - INFO - Hypothesis ba_004: float64, float64 
[ 2023-01-08 01:12:17,395 ] 88 root - INFO - Hypothesis ba_005: float64, float64 
[ 2023-01-08 01:12:17,402 ] 88 root - INFO - Hypothesis ba_006: float64, float64 
[ 2023-01-08 01:12:17,408 ] 88 root - INFO - Hypothesis ba_007: float64, float64 
[ 2023-01-08 01:12:17,415 ] 88 root - INFO - Hypothesis ba_008: float64, float64 
[ 2023-01-08 01:12:17,420 ] 88 root - INFO - Hypothesis ba_009: float64, float64 
[ 2023-01-08 01:12:17,425 ] 88 root - INFO - Hypothesis bb_000: float64, float64 
[ 2023-01-08 01:12:17,432 ] 88 root - INFO - Hypothesis bc_000: float64, float64 
[ 2023-01-08 01:12:17,437 ] 88 root - INFO - Hypothesis bd_000: float64, float64 
[ 2023-01-08 01:12:17,443 ] 88 root - INFO - Hypothesis be_000: float64, float64 
[ 2023-01-08 01:12:17,448 ] 88 root - INFO - Hypothesis bf_000: float64, float64 
[ 2023-01-08 01:12:17,453 ] 88 root - INFO - Hypothesis bg_000: float64, float64 
[ 2023-01-08 01:12:17,460 ] 88 root - INFO - Hypothesis bh_000: float64, float64 
[ 2023-01-08 01:12:17,467 ] 88 root - INFO - Hypothesis bi_000: float64, float64 
[ 2023-01-08 01:12:17,474 ] 88 root - INFO - Hypothesis bj_000: float64, float64 
[ 2023-01-08 01:12:17,481 ] 88 root - INFO - Hypothesis bs_000: float64, float64 
[ 2023-01-08 01:12:17,488 ] 88 root - INFO - Hypothesis bt_000: float64, float64 
[ 2023-01-08 01:12:17,495 ] 88 root - INFO - Hypothesis bu_000: float64, float64 
[ 2023-01-08 01:12:17,502 ] 88 root - INFO - Hypothesis bv_000: float64, float64 
[ 2023-01-08 01:12:17,509 ] 88 root - INFO - Hypothesis bx_000: float64, float64 
[ 2023-01-08 01:12:17,517 ] 88 root - INFO - Hypothesis by_000: float64, float64 
[ 2023-01-08 01:12:17,524 ] 88 root - INFO - Hypothesis bz_000: float64, float64 
[ 2023-01-08 01:12:17,530 ] 88 root - INFO - Hypothesis ca_000: float64, float64 
[ 2023-01-08 01:12:17,537 ] 88 root - INFO - Hypothesis cb_000: float64, float64 
[ 2023-01-08 01:12:17,544 ] 88 root - INFO - Hypothesis cc_000: float64, float64 
[ 2023-01-08 01:12:17,551 ] 88 root - INFO - Hypothesis cd_000: float64, float64 
[ 2023-01-08 01:12:17,566 ] 88 root - INFO - Hypothesis ce_000: float64, float64 
[ 2023-01-08 01:12:17,573 ] 88 root - INFO - Hypothesis ci_000: float64, float64 
[ 2023-01-08 01:12:17,580 ] 88 root - INFO - Hypothesis cj_000: float64, float64 
[ 2023-01-08 01:12:17,584 ] 88 root - INFO - Hypothesis ck_000: float64, float64 
[ 2023-01-08 01:12:17,591 ] 88 root - INFO - Hypothesis cl_000: float64, float64 
[ 2023-01-08 01:12:17,607 ] 88 root - INFO - Hypothesis cm_000: float64, float64 
[ 2023-01-08 01:12:17,612 ] 88 root - INFO - Hypothesis cn_000: float64, float64 
[ 2023-01-08 01:12:17,627 ] 88 root - INFO - Hypothesis cn_001: float64, float64 
[ 2023-01-08 01:12:17,643 ] 88 root - INFO - Hypothesis cn_002: float64, float64 
[ 2023-01-08 01:12:17,648 ] 88 root - INFO - Hypothesis cn_003: float64, float64 
[ 2023-01-08 01:12:17,655 ] 88 root - INFO - Hypothesis cn_004: float64, float64 
[ 2023-01-08 01:12:17,662 ] 88 root - INFO - Hypothesis cn_005: float64, float64 
[ 2023-01-08 01:12:17,669 ] 88 root - INFO - Hypothesis cn_006: float64, float64 
[ 2023-01-08 01:12:17,676 ] 88 root - INFO - Hypothesis cn_007: float64, float64 
[ 2023-01-08 01:12:17,683 ] 88 root - INFO - Hypothesis cn_008: float64, float64 
[ 2023-01-08 01:12:17,690 ] 88 root - INFO - Hypothesis cn_009: float64, float64 
[ 2023-01-08 01:12:17,695 ] 88 root - INFO - Hypothesis cp_000: float64, float64 
[ 2023-01-08 01:12:17,700 ] 88 root - INFO - Hypothesis cq_000: float64, float64 
[ 2023-01-08 01:12:17,707 ] 88 root - INFO - Hypothesis cs_000: float64, float64 
[ 2023-01-08 01:12:17,714 ] 88 root - INFO - Hypothesis cs_001: float64, float64 
[ 2023-01-08 01:12:17,720 ] 88 root - INFO - Hypothesis cs_002: float64, float64 
[ 2023-01-08 01:12:17,726 ] 88 root - INFO - Hypothesis cs_003: float64, float64 
[ 2023-01-08 01:12:17,733 ] 88 root - INFO - Hypothesis cs_004: float64, float64 
[ 2023-01-08 01:12:17,740 ] 88 root - INFO - Hypothesis cs_005: float64, float64 
[ 2023-01-08 01:12:17,748 ] 88 root - INFO - Hypothesis cs_006: float64, float64 
[ 2023-01-08 01:12:17,755 ] 88 root - INFO - Hypothesis cs_007: float64, float64 
[ 2023-01-08 01:12:17,762 ] 88 root - INFO - Hypothesis cs_008: float64, float64 
[ 2023-01-08 01:12:17,767 ] 88 root - INFO - Hypothesis cs_009: float64, float64 
[ 2023-01-08 01:12:17,784 ] 88 root - INFO - Hypothesis dd_000: float64, float64 
[ 2023-01-08 01:12:17,791 ] 88 root - INFO - Hypothesis de_000: float64, float64 
[ 2023-01-08 01:12:17,796 ] 88 root - INFO - Hypothesis df_000: float64, float64 
[ 2023-01-08 01:12:17,812 ] 88 root - INFO - Hypothesis dg_000: float64, float64 
[ 2023-01-08 01:12:17,827 ] 88 root - INFO - Hypothesis dh_000: float64, float64 
[ 2023-01-08 01:12:17,831 ] 88 root - INFO - Hypothesis di_000: float64, float64 
[ 2023-01-08 01:12:17,835 ] 88 root - INFO - Hypothesis dj_000: float64, float64 
[ 2023-01-08 01:12:17,850 ] 88 root - INFO - Hypothesis dk_000: float64, float64 
[ 2023-01-08 01:12:17,865 ] 88 root - INFO - Hypothesis dl_000: float64, float64 
[ 2023-01-08 01:12:17,881 ] 88 root - INFO - Hypothesis dm_000: float64, float64 
[ 2023-01-08 01:12:17,896 ] 88 root - INFO - Hypothesis dn_000: float64, float64 
[ 2023-01-08 01:12:17,903 ] 88 root - INFO - Hypothesis do_000: float64, float64 
[ 2023-01-08 01:12:17,910 ] 88 root - INFO - Hypothesis dp_000: float64, float64 
[ 2023-01-08 01:12:17,916 ] 88 root - INFO - Hypothesis dq_000: float64, float64 
[ 2023-01-08 01:12:17,920 ] 88 root - INFO - Hypothesis dr_000: float64, float64 
[ 2023-01-08 01:12:17,924 ] 88 root - INFO - Hypothesis ds_000: float64, float64 
[ 2023-01-08 01:12:17,931 ] 88 root - INFO - Hypothesis dt_000: float64, float64 
[ 2023-01-08 01:12:17,938 ] 88 root - INFO - Hypothesis du_000: float64, float64 
[ 2023-01-08 01:12:17,944 ] 88 root - INFO - Hypothesis dv_000: float64, float64 
[ 2023-01-08 01:12:17,951 ] 88 root - INFO - Hypothesis dx_000: float64, float64 
[ 2023-01-08 01:12:17,956 ] 88 root - INFO - Hypothesis dy_000: float64, float64 
[ 2023-01-08 01:12:17,960 ] 88 root - INFO - Hypothesis dz_000: float64, float64 
[ 2023-01-08 01:12:17,975 ] 88 root - INFO - Hypothesis ea_000: float64, float64 
[ 2023-01-08 01:12:17,991 ] 88 root - INFO - Hypothesis eb_000: float64, float64 
[ 2023-01-08 01:12:17,997 ] 88 root - INFO - Hypothesis ec_00: float64, float64 
[ 2023-01-08 01:12:18,003 ] 88 root - INFO - Hypothesis ed_000: float64, float64 
[ 2023-01-08 01:12:18,009 ] 88 root - INFO - Hypothesis ee_000: float64, float64 
[ 2023-01-08 01:12:18,016 ] 88 root - INFO - Hypothesis ee_001: float64, float64 
[ 2023-01-08 01:12:18,023 ] 88 root - INFO - Hypothesis ee_002: float64, float64 
[ 2023-01-08 01:12:18,030 ] 88 root - INFO - Hypothesis ee_003: float64, float64 
[ 2023-01-08 01:12:18,037 ] 88 root - INFO - Hypothesis ee_004: float64, float64 
[ 2023-01-08 01:12:18,044 ] 88 root - INFO - Hypothesis ee_005: float64, float64 
[ 2023-01-08 01:12:18,051 ] 88 root - INFO - Hypothesis ee_006: float64, float64 
[ 2023-01-08 01:12:18,057 ] 88 root - INFO - Hypothesis ee_007: float64, float64 
[ 2023-01-08 01:12:18,064 ] 88 root - INFO - Hypothesis ee_008: float64, float64 
[ 2023-01-08 01:12:18,070 ] 88 root - INFO - Hypothesis ee_009: float64, float64 
[ 2023-01-08 01:12:18,075 ] 88 root - INFO - Hypothesis ef_000: float64, float64 
[ 2023-01-08 01:12:18,090 ] 88 root - INFO - Hypothesis eg_000: float64, float64 
[ 2023-01-08 01:12:18,105 ] 147 root - INFO - Write reprt in yaml file
[ 2023-01-08 01:12:18,173 ] 152 root - INFO - Data validation artifact: DataValidationArtifact(report_file_path='/config/workspace/artifact/010823_011152/data_validation/report.yaml')
[ 2023-01-08 01:12:18,175 ] 21 root - INFO - >>>>>>>>>>>>>>>>>>>>>>>>>>>>>>>>>>>>>>>> Data Transformation <<<<<<<<<<<<<<<<<<<<<<<<<<<<<<<<<<<<<<<<
[ 2023-01-08 01:12:19,066 ] 70 root - INFO - Before resampling in training set Input: (28950, 170) Target:(28950,)
[ 2023-01-08 01:12:24,406 ] 72 root - INFO - After resampling in training set Input: (56190, 170) Target:(56190,)
[ 2023-01-08 01:12:24,406 ] 74 root - INFO - Before resampling in testing set Input: (7238, 170) Target:(7238,)
[ 2023-01-08 01:12:25,003 ] 76 root - INFO - After resampling in testing set Input: (14020, 170) Target:(14020,)
[ 2023-01-08 01:12:25,106 ] 56 root - INFO - Entered the save_object method of utils
[ 2023-01-08 01:12:25,109 ] 60 root - INFO - Exited the save_object method of utils
[ 2023-01-08 01:12:25,109 ] 56 root - INFO - Entered the save_object method of utils
[ 2023-01-08 01:12:25,109 ] 60 root - INFO - Exited the save_object method of utils
[ 2023-01-08 01:12:25,109 ] 107 root - INFO - Data transformation object DataTransformationArtifact(transform_object_path='/config/workspace/artifact/010823_011152/data_transformation/transformer/transfromation.pkl', transformed_train_path='/config/workspace/artifact/010823_011152/data_transformation/transformed/train.npz', transformed_test_path='/config/workspace/artifact/010823_011152/data_transformation/transformed/test.npz', target_encoder_path='/config/workspace/artifact/010823_011152/data_transformation/target_encoder/target_encoder.pkl')
[ 2023-01-08 01:12:25,111 ] 18 root - INFO - >>>>>>>>>>>>>>>>>>>>>>>>>>>>>>>>>>>>>>>> Model Trainer <<<<<<<<<<<<<<<<<<<<<<<<<<<<<<<<<<<<<<<<
[ 2023-01-08 01:12:25,111 ] 45 root - INFO - Loading train and test array.
[ 2023-01-08 01:12:25,140 ] 49 root - INFO - Splitting input and target feature from both train and test arr.
[ 2023-01-08 01:12:25,140 ] 53 root - INFO - Train the model
[ 2023-01-08 01:12:33,376 ] 56 root - INFO - Calculating f1 train score
[ 2023-01-08 01:12:33,423 ] 60 root - INFO - Calculating f1 test score
[ 2023-01-08 01:12:33,439 ] 64 root - INFO - train score:0.9999822029222802 and tests score 0.9782026214787458
[ 2023-01-08 01:12:33,440 ] 66 root - INFO - Checking if our model is underfitting or not
[ 2023-01-08 01:12:33,440 ] 71 root - INFO - Checking if our model is overfiiting or not
[ 2023-01-08 01:12:33,440 ] 78 root - INFO - Saving mode object
[ 2023-01-08 01:12:33,440 ] 56 root - INFO - Entered the save_object method of utils
[ 2023-01-08 01:12:33,445 ] 60 root - INFO - Exited the save_object method of utils
[ 2023-01-08 01:12:33,445 ] 82 root - INFO - Prepare the artifact
[ 2023-01-08 01:12:33,445 ] 85 root - INFO - Model trainer artifact: ModelTrainerArtifact(model_path='/config/workspace/artifact/010823_011152/model_trainer/model/model.pkl', f1_train_score=0.9999822029222802, f1_test_score=0.9782026214787458)
