[ 2022-12-12 23:45:17,800 ] 16 root - INFO - >>>>>>>>>>>>>>>>>>>>>>>>>>>>>>>>>>>>>>>> Data Ingestion <<<<<<<<<<<<<<<<<<<<<<<<<<<<<<<<<<<<<<<<
[ 2022-12-12 23:45:17,800 ] 23 root - INFO - Exporting collection data as pandas dataframe
[ 2022-12-12 23:45:17,800 ] 19 root - INFO - Reading data from database: aps and collection: sensor
[ 2022-12-12 23:45:21,879 ] 21 root - INFO - Found columns: Index(['_id', 'class', 'aa_000', 'ab_000', 'ac_000', 'ad_000', 'ae_000',
       'af_000', 'ag_000', 'ag_001',
       ...
       'ee_002', 'ee_003', 'ee_004', 'ee_005', 'ee_006', 'ee_007', 'ee_008',
       'ee_009', 'ef_000', 'eg_000'],
      dtype='object', length=172)
[ 2022-12-12 23:45:21,880 ] 23 root - INFO - Dropping column: _id 
[ 2022-12-12 23:45:22,426 ] 25 root - INFO - Row and columns in df: (36188, 171)
[ 2022-12-12 23:45:22,426 ] 29 root - INFO - Save data in feature store
[ 2022-12-12 23:45:23,078 ] 35 root - INFO - Create feature store folder if not available
[ 2022-12-12 23:45:23,079 ] 39 root - INFO - Save df to feature store folder
[ 2022-12-12 23:45:25,519 ] 44 root - INFO - Split dataset into train and test set
[ 2022-12-12 23:45:26,200 ] 48 root - INFO - Create dataset directory folder if not available
[ 2022-12-12 23:45:26,200 ] 53 root - INFO - Save df to feature store folder
[ 2022-12-12 23:45:28,342 ] 65 root - INFO - Data ingestion artifact: DataIngestionArtifact(feature_store_file_path='/config/workspace/artifact/121222_234517/data_ingestion/feature_store/sensor.csv', train_file_path='/config/workspace/artifact/121222_234517/data_ingestion/dataset/train.csv', test_file_path='/config/workspace/artifact/121222_234517/data_ingestion/dataset/test.csv')
[ 2022-12-12 23:45:28,809 ] 22 root - INFO - >>>>>>>>>>>>>>>>>>>>>>>>>>>>>>>>>>>>>>>> Data Validation <<<<<<<<<<<<<<<<<<<<<<<<<<<<<<<<<<<<<<<<
[ 2022-12-12 23:45:28,809 ] 110 root - INFO - Reading base dataframe
[ 2022-12-12 23:45:31,734 ] 113 root - INFO - Replace na value in base df
[ 2022-12-12 23:45:31,734 ] 115 root - INFO - Drop null values colums from base df
[ 2022-12-12 23:45:32,615 ] 44 root - INFO - selecting column name which contains null above the 0.2
[ 2022-12-12 23:45:32,616 ] 47 root - INFO - Columns to drop: ['ab_000', 'ad_000', 'bk_000', 'bl_000', 'bm_000', 'bn_000', 'bo_000', 'bp_000', 'bq_000', 'br_000', 'cf_000', 'cg_000', 'ch_000', 'co_000', 'cr_000', 'ct_000', 'cu_000', 'cv_000', 'cx_000', 'cy_000', 'cz_000', 'da_000', 'db_000', 'dc_000']
[ 2022-12-12 23:45:32,724 ] 118 root - INFO - Reading train dataframe
[ 2022-12-12 23:45:33,117 ] 120 root - INFO - Reading test dataframe
[ 2022-12-12 23:45:33,218 ] 123 root - INFO - Drop null values colums from train df
[ 2022-12-12 23:45:33,230 ] 44 root - INFO - selecting column name which contains null above the 0.2
[ 2022-12-12 23:45:33,230 ] 47 root - INFO - Columns to drop: ['ab_000', 'ad_000', 'bk_000', 'bl_000', 'bm_000', 'bn_000', 'bo_000', 'bp_000', 'bq_000', 'br_000', 'cf_000', 'cg_000', 'ch_000', 'co_000', 'cr_000', 'ct_000', 'cu_000', 'cv_000', 'cx_000', 'cy_000', 'cz_000', 'da_000', 'db_000', 'dc_000']
[ 2022-12-12 23:45:33,239 ] 125 root - INFO - Drop null values colums from test df
[ 2022-12-12 23:45:33,243 ] 44 root - INFO - selecting column name which contains null above the 0.2
[ 2022-12-12 23:45:33,244 ] 47 root - INFO - Columns to drop: ['ab_000', 'ad_000', 'bk_000', 'bl_000', 'bm_000', 'bn_000', 'bo_000', 'bp_000', 'bq_000', 'br_000', 'cf_000', 'cg_000', 'ch_000', 'co_000', 'cr_000', 'ct_000', 'cu_000', 'cv_000', 'cx_000', 'cy_000', 'cz_000', 'da_000', 'db_000', 'dc_000']
