[ 2022-12-12 23:57:30,392 ] 16 root - INFO - >>>>>>>>>>>>>>>>>>>>>>>>>>>>>>>>>>>>>>>> Data Ingestion <<<<<<<<<<<<<<<<<<<<<<<<<<<<<<<<<<<<<<<<
[ 2022-12-12 23:57:30,392 ] 23 root - INFO - Exporting collection data as pandas dataframe
[ 2022-12-12 23:57:30,392 ] 19 root - INFO - Reading data from database: aps and collection: sensor
[ 2022-12-12 23:57:33,740 ] 21 root - INFO - Found columns: Index(['_id', 'class', 'aa_000', 'ab_000', 'ac_000', 'ad_000', 'ae_000',
       'af_000', 'ag_000', 'ag_001',
       ...
       'ee_002', 'ee_003', 'ee_004', 'ee_005', 'ee_006', 'ee_007', 'ee_008',
       'ee_009', 'ef_000', 'eg_000'],
      dtype='object', length=172)
[ 2022-12-12 23:57:33,740 ] 23 root - INFO - Dropping column: _id 
[ 2022-12-12 23:57:33,956 ] 25 root - INFO - Row and columns in df: (36188, 171)
[ 2022-12-12 23:57:33,956 ] 29 root - INFO - Save data in feature store
[ 2022-12-12 23:57:34,471 ] 35 root - INFO - Create feature store folder if not available
[ 2022-12-12 23:57:34,472 ] 39 root - INFO - Save df to feature store folder
[ 2022-12-12 23:57:36,855 ] 44 root - INFO - Split dataset into train and test set
[ 2022-12-12 23:57:37,408 ] 48 root - INFO - Create dataset directory folder if not available
[ 2022-12-12 23:57:37,408 ] 53 root - INFO - Save df to feature store folder
[ 2022-12-12 23:57:39,625 ] 65 root - INFO - Data ingestion artifact: DataIngestionArtifact(feature_store_file_path='/config/workspace/artifact/121222_235730/data_ingestion/feature_store/sensor.csv', train_file_path='/config/workspace/artifact/121222_235730/data_ingestion/dataset/train.csv', test_file_path='/config/workspace/artifact/121222_235730/data_ingestion/dataset/test.csv')
[ 2022-12-12 23:57:39,983 ] 22 root - INFO - >>>>>>>>>>>>>>>>>>>>>>>>>>>>>>>>>>>>>>>> Data Validation <<<<<<<<<<<<<<<<<<<<<<<<<<<<<<<<<<<<<<<<
[ 2022-12-12 23:57:39,983 ] 110 root - INFO - Reading base dataframe
[ 2022-12-12 23:57:43,038 ] 113 root - INFO - Replace na value in base df
[ 2022-12-12 23:57:43,038 ] 115 root - INFO - Drop null values colums from base df
[ 2022-12-12 23:57:44,099 ] 44 root - INFO - selecting column name which contains null above the 0.2
[ 2022-12-12 23:57:44,100 ] 47 root - INFO - Columns to drop: ['ab_000', 'ad_000', 'bk_000', 'bl_000', 'bm_000', 'bn_000', 'bo_000', 'bp_000', 'bq_000', 'br_000', 'cf_000', 'cg_000', 'ch_000', 'co_000', 'cr_000', 'ct_000', 'cu_000', 'cv_000', 'cx_000', 'cy_000', 'cz_000', 'da_000', 'db_000', 'dc_000']
[ 2022-12-12 23:57:44,186 ] 118 root - INFO - Reading train dataframe
[ 2022-12-12 23:57:44,587 ] 120 root - INFO - Reading test dataframe
[ 2022-12-12 23:57:44,690 ] 123 root - INFO - Drop null values colums from train df
[ 2022-12-12 23:57:44,702 ] 44 root - INFO - selecting column name which contains null above the 0.2
[ 2022-12-12 23:57:44,702 ] 47 root - INFO - Columns to drop: ['ab_000', 'ad_000', 'bk_000', 'bl_000', 'bm_000', 'bn_000', 'bo_000', 'bp_000', 'bq_000', 'br_000', 'cf_000', 'cg_000', 'ch_000', 'co_000', 'cr_000', 'ct_000', 'cu_000', 'cv_000', 'cx_000', 'cy_000', 'cz_000', 'da_000', 'db_000', 'dc_000']
[ 2022-12-12 23:57:44,711 ] 125 root - INFO - Drop null values colums from test df
[ 2022-12-12 23:57:44,715 ] 44 root - INFO - selecting column name which contains null above the 0.2
[ 2022-12-12 23:57:44,716 ] 47 root - INFO - Columns to drop: ['ab_000', 'ad_000', 'bk_000', 'bl_000', 'bm_000', 'bn_000', 'bo_000', 'bp_000', 'bq_000', 'br_000', 'cf_000', 'cg_000', 'ch_000', 'co_000', 'cr_000', 'ct_000', 'cu_000', 'cv_000', 'cx_000', 'cy_000', 'cz_000', 'da_000', 'db_000', 'dc_000']
[ 2022-12-12 23:57:50,642 ] 134 root - INFO - Is all required columns present in train df
[ 2022-12-12 23:57:50,642 ] 136 root - INFO - Is all required columns present in test df
[ 2022-12-12 23:57:50,642 ] 140 root - INFO - As all column are available in train df hence detecting data drift
[ 2022-12-12 23:57:50,643 ] 88 root - INFO - Hypothesis class: object, object 
[ 2022-12-12 23:57:50,746 ] 88 root - INFO - Hypothesis aa_000: float64, float64 
[ 2022-12-12 23:57:50,756 ] 88 root - INFO - Hypothesis ac_000: float64, float64 
[ 2022-12-12 23:57:50,764 ] 88 root - INFO - Hypothesis ae_000: float64, float64 
[ 2022-12-12 23:57:50,799 ] 88 root - INFO - Hypothesis af_000: float64, float64 
[ 2022-12-12 23:57:50,835 ] 88 root - INFO - Hypothesis ag_000: float64, float64 
[ 2022-12-12 23:57:50,870 ] 88 root - INFO - Hypothesis ag_001: float64, float64 
[ 2022-12-12 23:57:50,905 ] 88 root - INFO - Hypothesis ag_002: float64, float64 
[ 2022-12-12 23:57:50,941 ] 88 root - INFO - Hypothesis ag_003: float64, float64 
[ 2022-12-12 23:57:50,948 ] 88 root - INFO - Hypothesis ag_004: float64, float64 
[ 2022-12-12 23:57:50,990 ] 88 root - INFO - Hypothesis ag_005: float64, float64 
[ 2022-12-12 23:57:51,000 ] 88 root - INFO - Hypothesis ag_006: float64, float64 
[ 2022-12-12 23:57:51,011 ] 88 root - INFO - Hypothesis ag_007: float64, float64 
[ 2022-12-12 23:57:51,020 ] 88 root - INFO - Hypothesis ag_008: float64, float64 
[ 2022-12-12 23:57:51,061 ] 88 root - INFO - Hypothesis ag_009: float64, float64 
[ 2022-12-12 23:57:51,098 ] 88 root - INFO - Hypothesis ah_000: float64, float64 
[ 2022-12-12 23:57:51,109 ] 88 root - INFO - Hypothesis ai_000: float64, float64 
[ 2022-12-12 23:57:51,145 ] 88 root - INFO - Hypothesis aj_000: float64, float64 
[ 2022-12-12 23:57:51,186 ] 88 root - INFO - Hypothesis ak_000: float64, float64 
[ 2022-12-12 23:57:51,222 ] 88 root - INFO - Hypothesis al_000: float64, float64 
[ 2022-12-12 23:57:51,230 ] 88 root - INFO - Hypothesis am_0: float64, float64 
[ 2022-12-12 23:57:51,237 ] 88 root - INFO - Hypothesis an_000: float64, float64 
[ 2022-12-12 23:57:51,248 ] 88 root - INFO - Hypothesis ao_000: float64, float64 
[ 2022-12-12 23:57:51,258 ] 88 root - INFO - Hypothesis ap_000: float64, float64 
[ 2022-12-12 23:57:51,269 ] 88 root - INFO - Hypothesis aq_000: float64, float64 
[ 2022-12-12 23:57:51,280 ] 88 root - INFO - Hypothesis ar_000: float64, float64 
[ 2022-12-12 23:57:51,315 ] 88 root - INFO - Hypothesis as_000: float64, float64 
[ 2022-12-12 23:57:51,351 ] 88 root - INFO - Hypothesis at_000: float64, float64 
[ 2022-12-12 23:57:51,387 ] 88 root - INFO - Hypothesis au_000: float64, float64 
[ 2022-12-12 23:57:51,422 ] 88 root - INFO - Hypothesis av_000: float64, float64 
[ 2022-12-12 23:57:51,461 ] 88 root - INFO - Hypothesis ax_000: float64, float64 
[ 2022-12-12 23:57:51,501 ] 88 root - INFO - Hypothesis ay_000: float64, float64 
[ 2022-12-12 23:57:51,535 ] 88 root - INFO - Hypothesis ay_001: float64, float64 
[ 2022-12-12 23:57:51,572 ] 88 root - INFO - Hypothesis ay_002: float64, float64 
[ 2022-12-12 23:57:51,607 ] 88 root - INFO - Hypothesis ay_003: float64, float64 
[ 2022-12-12 23:57:51,642 ] 88 root - INFO - Hypothesis ay_004: float64, float64 
[ 2022-12-12 23:57:51,678 ] 88 root - INFO - Hypothesis ay_005: float64, float64 
[ 2022-12-12 23:57:51,686 ] 88 root - INFO - Hypothesis ay_006: float64, float64 
[ 2022-12-12 23:57:51,726 ] 88 root - INFO - Hypothesis ay_007: float64, float64 
[ 2022-12-12 23:57:51,736 ] 88 root - INFO - Hypothesis ay_008: float64, float64 
[ 2022-12-12 23:57:51,747 ] 88 root - INFO - Hypothesis ay_009: float64, float64 
[ 2022-12-12 23:57:51,781 ] 88 root - INFO - Hypothesis az_000: float64, float64 
[ 2022-12-12 23:57:51,822 ] 88 root - INFO - Hypothesis az_001: float64, float64 
[ 2022-12-12 23:57:51,831 ] 88 root - INFO - Hypothesis az_002: float64, float64 
[ 2022-12-12 23:57:51,841 ] 88 root - INFO - Hypothesis az_003: float64, float64 
[ 2022-12-12 23:57:51,882 ] 88 root - INFO - Hypothesis az_004: float64, float64 
[ 2022-12-12 23:57:51,892 ] 88 root - INFO - Hypothesis az_005: float64, float64 
[ 2022-12-12 23:57:51,903 ] 88 root - INFO - Hypothesis az_006: float64, float64 
[ 2022-12-12 23:57:51,912 ] 88 root - INFO - Hypothesis az_007: float64, float64 
[ 2022-12-12 23:57:51,950 ] 88 root - INFO - Hypothesis az_008: float64, float64 
[ 2022-12-12 23:57:51,987 ] 88 root - INFO - Hypothesis az_009: float64, float64 
[ 2022-12-12 23:57:52,023 ] 88 root - INFO - Hypothesis ba_000: float64, float64 
[ 2022-12-12 23:57:52,034 ] 88 root - INFO - Hypothesis ba_001: float64, float64 
[ 2022-12-12 23:57:52,047 ] 88 root - INFO - Hypothesis ba_002: float64, float64 
[ 2022-12-12 23:57:52,060 ] 88 root - INFO - Hypothesis ba_003: float64, float64 
[ 2022-12-12 23:57:52,072 ] 88 root - INFO - Hypothesis ba_004: float64, float64 
[ 2022-12-12 23:57:52,083 ] 88 root - INFO - Hypothesis ba_005: float64, float64 
[ 2022-12-12 23:57:52,093 ] 88 root - INFO - Hypothesis ba_006: float64, float64 
[ 2022-12-12 23:57:52,103 ] 88 root - INFO - Hypothesis ba_007: float64, float64 
[ 2022-12-12 23:57:52,112 ] 88 root - INFO - Hypothesis ba_008: float64, float64 
[ 2022-12-12 23:57:52,151 ] 88 root - INFO - Hypothesis ba_009: float64, float64 
[ 2022-12-12 23:57:52,188 ] 88 root - INFO - Hypothesis bb_000: float64, float64 
[ 2022-12-12 23:57:52,199 ] 88 root - INFO - Hypothesis bc_000: float64, float64 
[ 2022-12-12 23:57:52,237 ] 88 root - INFO - Hypothesis bd_000: float64, float64 
[ 2022-12-12 23:57:52,277 ] 88 root - INFO - Hypothesis be_000: float64, float64 
[ 2022-12-12 23:57:52,286 ] 88 root - INFO - Hypothesis bf_000: float64, float64 
[ 2022-12-12 23:57:52,324 ] 88 root - INFO - Hypothesis bg_000: float64, float64 
[ 2022-12-12 23:57:52,335 ] 88 root - INFO - Hypothesis bh_000: float64, float64 
[ 2022-12-12 23:57:52,345 ] 88 root - INFO - Hypothesis bi_000: float64, float64 
[ 2022-12-12 23:57:52,356 ] 88 root - INFO - Hypothesis bj_000: float64, float64 
[ 2022-12-12 23:57:52,369 ] 88 root - INFO - Hypothesis bs_000: float64, float64 
[ 2022-12-12 23:57:52,380 ] 88 root - INFO - Hypothesis bt_000: float64, float64 
[ 2022-12-12 23:57:52,391 ] 88 root - INFO - Hypothesis bu_000: float64, float64 
[ 2022-12-12 23:57:52,401 ] 88 root - INFO - Hypothesis bv_000: float64, float64 
[ 2022-12-12 23:57:52,412 ] 88 root - INFO - Hypothesis bx_000: float64, float64 
[ 2022-12-12 23:57:52,422 ] 88 root - INFO - Hypothesis by_000: float64, float64 
[ 2022-12-12 23:57:52,432 ] 88 root - INFO - Hypothesis bz_000: float64, float64 
[ 2022-12-12 23:57:52,442 ] 88 root - INFO - Hypothesis ca_000: float64, float64 
[ 2022-12-12 23:57:52,452 ] 88 root - INFO - Hypothesis cb_000: float64, float64 
[ 2022-12-12 23:57:52,463 ] 88 root - INFO - Hypothesis cc_000: float64, float64 
[ 2022-12-12 23:57:52,473 ] 88 root - INFO - Hypothesis cd_000: float64, float64 
[ 2022-12-12 23:57:52,509 ] 88 root - INFO - Hypothesis ce_000: float64, float64 
[ 2022-12-12 23:57:52,550 ] 88 root - INFO - Hypothesis ci_000: float64, float64 
[ 2022-12-12 23:57:52,560 ] 88 root - INFO - Hypothesis cj_000: float64, float64 
[ 2022-12-12 23:57:52,597 ] 88 root - INFO - Hypothesis ck_000: float64, float64 
[ 2022-12-12 23:57:52,608 ] 88 root - INFO - Hypothesis cl_000: float64, float64 
[ 2022-12-12 23:57:52,644 ] 88 root - INFO - Hypothesis cm_000: float64, float64 
[ 2022-12-12 23:57:52,651 ] 88 root - INFO - Hypothesis cn_000: float64, float64 
[ 2022-12-12 23:57:52,687 ] 88 root - INFO - Hypothesis cn_001: float64, float64 
[ 2022-12-12 23:57:52,692 ] 88 root - INFO - Hypothesis cn_002: float64, float64 
[ 2022-12-12 23:57:52,700 ] 88 root - INFO - Hypothesis cn_003: float64, float64 
[ 2022-12-12 23:57:52,743 ] 88 root - INFO - Hypothesis cn_004: float64, float64 
[ 2022-12-12 23:57:52,753 ] 88 root - INFO - Hypothesis cn_005: float64, float64 
[ 2022-12-12 23:57:52,763 ] 88 root - INFO - Hypothesis cn_006: float64, float64 
[ 2022-12-12 23:57:52,773 ] 88 root - INFO - Hypothesis cn_007: float64, float64 
[ 2022-12-12 23:57:52,783 ] 88 root - INFO - Hypothesis cn_008: float64, float64 
[ 2022-12-12 23:57:52,823 ] 88 root - INFO - Hypothesis cn_009: float64, float64 
[ 2022-12-12 23:57:52,862 ] 88 root - INFO - Hypothesis cp_000: float64, float64 
[ 2022-12-12 23:57:52,870 ] 88 root - INFO - Hypothesis cq_000: float64, float64 
[ 2022-12-12 23:57:52,880 ] 88 root - INFO - Hypothesis cs_000: float64, float64 
[ 2022-12-12 23:57:52,890 ] 88 root - INFO - Hypothesis cs_001: float64, float64 
[ 2022-12-12 23:57:52,930 ] 88 root - INFO - Hypothesis cs_002: float64, float64 
[ 2022-12-12 23:57:52,940 ] 88 root - INFO - Hypothesis cs_003: float64, float64 
[ 2022-12-12 23:57:52,950 ] 88 root - INFO - Hypothesis cs_004: float64, float64 
[ 2022-12-12 23:57:52,960 ] 88 root - INFO - Hypothesis cs_005: float64, float64 
[ 2022-12-12 23:57:52,971 ] 88 root - INFO - Hypothesis cs_006: float64, float64 
[ 2022-12-12 23:57:52,981 ] 88 root - INFO - Hypothesis cs_007: float64, float64 
[ 2022-12-12 23:57:52,992 ] 88 root - INFO - Hypothesis cs_008: float64, float64 
[ 2022-12-12 23:57:53,000 ] 88 root - INFO - Hypothesis cs_009: float64, float64 
[ 2022-12-12 23:57:53,038 ] 88 root - INFO - Hypothesis dd_000: float64, float64 
[ 2022-12-12 23:57:53,080 ] 88 root - INFO - Hypothesis de_000: float64, float64 
[ 2022-12-12 23:57:53,088 ] 88 root - INFO - Hypothesis df_000: float64, float64 
[ 2022-12-12 23:57:53,124 ] 88 root - INFO - Hypothesis dg_000: float64, float64 
[ 2022-12-12 23:57:53,160 ] 88 root - INFO - Hypothesis dh_000: float64, float64 
[ 2022-12-12 23:57:53,197 ] 88 root - INFO - Hypothesis di_000: float64, float64 
[ 2022-12-12 23:57:53,233 ] 88 root - INFO - Hypothesis dj_000: float64, float64 
[ 2022-12-12 23:57:53,270 ] 88 root - INFO - Hypothesis dk_000: float64, float64 
[ 2022-12-12 23:57:53,306 ] 88 root - INFO - Hypothesis dl_000: float64, float64 
[ 2022-12-12 23:57:53,344 ] 88 root - INFO - Hypothesis dm_000: float64, float64 
[ 2022-12-12 23:57:53,379 ] 88 root - INFO - Hypothesis dn_000: float64, float64 
[ 2022-12-12 23:57:53,390 ] 88 root - INFO - Hypothesis do_000: float64, float64 
[ 2022-12-12 23:57:53,435 ] 88 root - INFO - Hypothesis dp_000: float64, float64 
[ 2022-12-12 23:57:53,445 ] 88 root - INFO - Hypothesis dq_000: float64, float64 
[ 2022-12-12 23:57:53,482 ] 88 root - INFO - Hypothesis dr_000: float64, float64 
[ 2022-12-12 23:57:53,520 ] 88 root - INFO - Hypothesis ds_000: float64, float64 
[ 2022-12-12 23:57:53,562 ] 88 root - INFO - Hypothesis dt_000: float64, float64 
[ 2022-12-12 23:57:53,573 ] 88 root - INFO - Hypothesis du_000: float64, float64 
[ 2022-12-12 23:57:53,583 ] 88 root - INFO - Hypothesis dv_000: float64, float64 
[ 2022-12-12 23:57:53,593 ] 88 root - INFO - Hypothesis dx_000: float64, float64 
[ 2022-12-12 23:57:53,631 ] 88 root - INFO - Hypothesis dy_000: float64, float64 
[ 2022-12-12 23:57:53,668 ] 88 root - INFO - Hypothesis dz_000: float64, float64 
[ 2022-12-12 23:57:53,704 ] 88 root - INFO - Hypothesis ea_000: float64, float64 
[ 2022-12-12 23:57:53,739 ] 88 root - INFO - Hypothesis eb_000: float64, float64 
[ 2022-12-12 23:57:53,748 ] 88 root - INFO - Hypothesis ec_00: float64, float64 
[ 2022-12-12 23:57:53,757 ] 88 root - INFO - Hypothesis ed_000: float64, float64 
[ 2022-12-12 23:57:53,797 ] 88 root - INFO - Hypothesis ee_000: float64, float64 
[ 2022-12-12 23:57:53,808 ] 88 root - INFO - Hypothesis ee_001: float64, float64 
[ 2022-12-12 23:57:53,818 ] 88 root - INFO - Hypothesis ee_002: float64, float64 
[ 2022-12-12 23:57:53,829 ] 88 root - INFO - Hypothesis ee_003: float64, float64 
[ 2022-12-12 23:57:53,839 ] 88 root - INFO - Hypothesis ee_004: float64, float64 
[ 2022-12-12 23:57:53,849 ] 88 root - INFO - Hypothesis ee_005: float64, float64 
[ 2022-12-12 23:57:53,859 ] 88 root - INFO - Hypothesis ee_006: float64, float64 
[ 2022-12-12 23:57:53,869 ] 88 root - INFO - Hypothesis ee_007: float64, float64 
[ 2022-12-12 23:57:53,879 ] 88 root - INFO - Hypothesis ee_008: float64, float64 
[ 2022-12-12 23:57:53,920 ] 88 root - INFO - Hypothesis ee_009: float64, float64 
[ 2022-12-12 23:57:53,958 ] 88 root - INFO - Hypothesis ef_000: float64, float64 
[ 2022-12-12 23:57:53,994 ] 88 root - INFO - Hypothesis eg_000: float64, float64 
[ 2022-12-12 23:57:54,031 ] 143 root - INFO - As all column are available in test df hence detecting data drift
[ 2022-12-12 23:57:54,031 ] 88 root - INFO - Hypothesis class: object, object 
[ 2022-12-12 23:57:54,098 ] 88 root - INFO - Hypothesis aa_000: float64, float64 
[ 2022-12-12 23:57:54,106 ] 88 root - INFO - Hypothesis ac_000: float64, float64 
[ 2022-12-12 23:57:54,111 ] 88 root - INFO - Hypothesis ae_000: float64, float64 
[ 2022-12-12 23:57:54,126 ] 88 root - INFO - Hypothesis af_000: float64, float64 
[ 2022-12-12 23:57:54,141 ] 88 root - INFO - Hypothesis ag_000: float64, float64 
[ 2022-12-12 23:57:54,156 ] 88 root - INFO - Hypothesis ag_001: float64, float64 
[ 2022-12-12 23:57:54,171 ] 88 root - INFO - Hypothesis ag_002: float64, float64 
[ 2022-12-12 23:57:54,186 ] 88 root - INFO - Hypothesis ag_003: float64, float64 
[ 2022-12-12 23:57:54,190 ] 88 root - INFO - Hypothesis ag_004: float64, float64 
[ 2022-12-12 23:57:54,197 ] 88 root - INFO - Hypothesis ag_005: float64, float64 
[ 2022-12-12 23:57:54,204 ] 88 root - INFO - Hypothesis ag_006: float64, float64 
[ 2022-12-12 23:57:54,211 ] 88 root - INFO - Hypothesis ag_007: float64, float64 
[ 2022-12-12 23:57:54,217 ] 88 root - INFO - Hypothesis ag_008: float64, float64 
[ 2022-12-12 23:57:54,223 ] 88 root - INFO - Hypothesis ag_009: float64, float64 
[ 2022-12-12 23:57:54,227 ] 88 root - INFO - Hypothesis ah_000: float64, float64 
[ 2022-12-12 23:57:54,234 ] 88 root - INFO - Hypothesis ai_000: float64, float64 
[ 2022-12-12 23:57:54,250 ] 88 root - INFO - Hypothesis aj_000: float64, float64 
[ 2022-12-12 23:57:54,254 ] 88 root - INFO - Hypothesis ak_000: float64, float64 
[ 2022-12-12 23:57:54,269 ] 88 root - INFO - Hypothesis al_000: float64, float64 
[ 2022-12-12 23:57:54,274 ] 88 root - INFO - Hypothesis am_0: float64, float64 
[ 2022-12-12 23:57:54,279 ] 88 root - INFO - Hypothesis an_000: float64, float64 
[ 2022-12-12 23:57:54,286 ] 88 root - INFO - Hypothesis ao_000: float64, float64 
[ 2022-12-12 23:57:54,293 ] 88 root - INFO - Hypothesis ap_000: float64, float64 
[ 2022-12-12 23:57:54,300 ] 88 root - INFO - Hypothesis aq_000: float64, float64 
[ 2022-12-12 23:57:54,308 ] 88 root - INFO - Hypothesis ar_000: float64, float64 
[ 2022-12-12 23:57:54,324 ] 88 root - INFO - Hypothesis as_000: float64, float64 
[ 2022-12-12 23:57:54,339 ] 88 root - INFO - Hypothesis at_000: float64, float64 
[ 2022-12-12 23:57:54,427 ] 88 root - INFO - Hypothesis au_000: float64, float64 
[ 2022-12-12 23:57:54,442 ] 88 root - INFO - Hypothesis av_000: float64, float64 
[ 2022-12-12 23:57:54,448 ] 88 root - INFO - Hypothesis ax_000: float64, float64 
[ 2022-12-12 23:57:54,453 ] 88 root - INFO - Hypothesis ay_000: float64, float64 
[ 2022-12-12 23:57:54,468 ] 88 root - INFO - Hypothesis ay_001: float64, float64 
[ 2022-12-12 23:57:54,471 ] 88 root - INFO - Hypothesis ay_002: float64, float64 
[ 2022-12-12 23:57:54,474 ] 88 root - INFO - Hypothesis ay_003: float64, float64 
[ 2022-12-12 23:57:54,477 ] 88 root - INFO - Hypothesis ay_004: float64, float64 
[ 2022-12-12 23:57:54,481 ] 88 root - INFO - Hypothesis ay_005: float64, float64 
[ 2022-12-12 23:57:54,486 ] 88 root - INFO - Hypothesis ay_006: float64, float64 
[ 2022-12-12 23:57:54,493 ] 88 root - INFO - Hypothesis ay_007: float64, float64 
[ 2022-12-12 23:57:54,499 ] 88 root - INFO - Hypothesis ay_008: float64, float64 
[ 2022-12-12 23:57:54,508 ] 88 root - INFO - Hypothesis ay_009: float64, float64 
[ 2022-12-12 23:57:54,523 ] 88 root - INFO - Hypothesis az_000: float64, float64 
[ 2022-12-12 23:57:54,529 ] 88 root - INFO - Hypothesis az_001: float64, float64 
[ 2022-12-12 23:57:54,536 ] 88 root - INFO - Hypothesis az_002: float64, float64 
[ 2022-12-12 23:57:54,542 ] 88 root - INFO - Hypothesis az_003: float64, float64 
[ 2022-12-12 23:57:54,549 ] 88 root - INFO - Hypothesis az_004: float64, float64 
[ 2022-12-12 23:57:54,556 ] 88 root - INFO - Hypothesis az_005: float64, float64 
[ 2022-12-12 23:57:54,563 ] 88 root - INFO - Hypothesis az_006: float64, float64 
[ 2022-12-12 23:57:54,569 ] 88 root - INFO - Hypothesis az_007: float64, float64 
[ 2022-12-12 23:57:54,573 ] 88 root - INFO - Hypothesis az_008: float64, float64 
[ 2022-12-12 23:57:54,588 ] 88 root - INFO - Hypothesis az_009: float64, float64 
[ 2022-12-12 23:57:54,603 ] 88 root - INFO - Hypothesis ba_000: float64, float64 
[ 2022-12-12 23:57:54,610 ] 88 root - INFO - Hypothesis ba_001: float64, float64 
[ 2022-12-12 23:57:54,617 ] 88 root - INFO - Hypothesis ba_002: float64, float64 
[ 2022-12-12 23:57:54,624 ] 88 root - INFO - Hypothesis ba_003: float64, float64 
[ 2022-12-12 23:57:54,631 ] 88 root - INFO - Hypothesis ba_004: float64, float64 
[ 2022-12-12 23:57:54,637 ] 88 root - INFO - Hypothesis ba_005: float64, float64 
[ 2022-12-12 23:57:54,644 ] 88 root - INFO - Hypothesis ba_006: float64, float64 
[ 2022-12-12 23:57:54,651 ] 88 root - INFO - Hypothesis ba_007: float64, float64 
[ 2022-12-12 23:57:54,657 ] 88 root - INFO - Hypothesis ba_008: float64, float64 
[ 2022-12-12 23:57:54,663 ] 88 root - INFO - Hypothesis ba_009: float64, float64 
[ 2022-12-12 23:57:54,667 ] 88 root - INFO - Hypothesis bb_000: float64, float64 
[ 2022-12-12 23:57:54,674 ] 88 root - INFO - Hypothesis bc_000: float64, float64 
[ 2022-12-12 23:57:54,680 ] 88 root - INFO - Hypothesis bd_000: float64, float64 
[ 2022-12-12 23:57:54,685 ] 88 root - INFO - Hypothesis be_000: float64, float64 
[ 2022-12-12 23:57:54,691 ] 88 root - INFO - Hypothesis bf_000: float64, float64 
[ 2022-12-12 23:57:54,696 ] 88 root - INFO - Hypothesis bg_000: float64, float64 
[ 2022-12-12 23:57:54,703 ] 88 root - INFO - Hypothesis bh_000: float64, float64 
[ 2022-12-12 23:57:54,710 ] 88 root - INFO - Hypothesis bi_000: float64, float64 
[ 2022-12-12 23:57:54,717 ] 88 root - INFO - Hypothesis bj_000: float64, float64 
[ 2022-12-12 23:57:54,724 ] 88 root - INFO - Hypothesis bs_000: float64, float64 
[ 2022-12-12 23:57:54,731 ] 88 root - INFO - Hypothesis bt_000: float64, float64 
[ 2022-12-12 23:57:54,738 ] 88 root - INFO - Hypothesis bu_000: float64, float64 
[ 2022-12-12 23:57:54,745 ] 88 root - INFO - Hypothesis bv_000: float64, float64 
[ 2022-12-12 23:57:54,752 ] 88 root - INFO - Hypothesis bx_000: float64, float64 
[ 2022-12-12 23:57:54,759 ] 88 root - INFO - Hypothesis by_000: float64, float64 
[ 2022-12-12 23:57:54,766 ] 88 root - INFO - Hypothesis bz_000: float64, float64 
[ 2022-12-12 23:57:54,772 ] 88 root - INFO - Hypothesis ca_000: float64, float64 
[ 2022-12-12 23:57:54,778 ] 88 root - INFO - Hypothesis cb_000: float64, float64 
[ 2022-12-12 23:57:54,786 ] 88 root - INFO - Hypothesis cc_000: float64, float64 
[ 2022-12-12 23:57:54,792 ] 88 root - INFO - Hypothesis cd_000: float64, float64 
[ 2022-12-12 23:57:54,807 ] 88 root - INFO - Hypothesis ce_000: float64, float64 
[ 2022-12-12 23:57:54,813 ] 88 root - INFO - Hypothesis ci_000: float64, float64 
[ 2022-12-12 23:57:54,820 ] 88 root - INFO - Hypothesis cj_000: float64, float64 
[ 2022-12-12 23:57:54,824 ] 88 root - INFO - Hypothesis ck_000: float64, float64 
[ 2022-12-12 23:57:54,831 ] 88 root - INFO - Hypothesis cl_000: float64, float64 
[ 2022-12-12 23:57:54,835 ] 88 root - INFO - Hypothesis cm_000: float64, float64 
[ 2022-12-12 23:57:54,840 ] 88 root - INFO - Hypothesis cn_000: float64, float64 
[ 2022-12-12 23:57:54,856 ] 88 root - INFO - Hypothesis cn_001: float64, float64 
[ 2022-12-12 23:57:54,860 ] 88 root - INFO - Hypothesis cn_002: float64, float64 
[ 2022-12-12 23:57:54,866 ] 88 root - INFO - Hypothesis cn_003: float64, float64 
[ 2022-12-12 23:57:54,873 ] 88 root - INFO - Hypothesis cn_004: float64, float64 
[ 2022-12-12 23:57:54,880 ] 88 root - INFO - Hypothesis cn_005: float64, float64 
[ 2022-12-12 23:57:54,887 ] 88 root - INFO - Hypothesis cn_006: float64, float64 
[ 2022-12-12 23:57:54,893 ] 88 root - INFO - Hypothesis cn_007: float64, float64 
[ 2022-12-12 23:57:54,900 ] 88 root - INFO - Hypothesis cn_008: float64, float64 
[ 2022-12-12 23:57:54,906 ] 88 root - INFO - Hypothesis cn_009: float64, float64 
[ 2022-12-12 23:57:54,911 ] 88 root - INFO - Hypothesis cp_000: float64, float64 
[ 2022-12-12 23:57:54,916 ] 88 root - INFO - Hypothesis cq_000: float64, float64 
[ 2022-12-12 23:57:54,923 ] 88 root - INFO - Hypothesis cs_000: float64, float64 
[ 2022-12-12 23:57:54,930 ] 88 root - INFO - Hypothesis cs_001: float64, float64 
[ 2022-12-12 23:57:54,936 ] 88 root - INFO - Hypothesis cs_002: float64, float64 
[ 2022-12-12 23:57:54,942 ] 88 root - INFO - Hypothesis cs_003: float64, float64 
[ 2022-12-12 23:57:54,949 ] 88 root - INFO - Hypothesis cs_004: float64, float64 
[ 2022-12-12 23:57:54,956 ] 88 root - INFO - Hypothesis cs_005: float64, float64 
[ 2022-12-12 23:57:54,963 ] 88 root - INFO - Hypothesis cs_006: float64, float64 
[ 2022-12-12 23:57:54,970 ] 88 root - INFO - Hypothesis cs_007: float64, float64 
[ 2022-12-12 23:57:54,977 ] 88 root - INFO - Hypothesis cs_008: float64, float64 
[ 2022-12-12 23:57:54,982 ] 88 root - INFO - Hypothesis cs_009: float64, float64 
[ 2022-12-12 23:57:54,997 ] 88 root - INFO - Hypothesis dd_000: float64, float64 
[ 2022-12-12 23:57:55,004 ] 88 root - INFO - Hypothesis de_000: float64, float64 
[ 2022-12-12 23:57:55,009 ] 88 root - INFO - Hypothesis df_000: float64, float64 
[ 2022-12-12 23:57:55,024 ] 88 root - INFO - Hypothesis dg_000: float64, float64 
[ 2022-12-12 23:57:55,039 ] 88 root - INFO - Hypothesis dh_000: float64, float64 
[ 2022-12-12 23:57:55,043 ] 88 root - INFO - Hypothesis di_000: float64, float64 
[ 2022-12-12 23:57:55,047 ] 88 root - INFO - Hypothesis dj_000: float64, float64 
[ 2022-12-12 23:57:55,062 ] 88 root - INFO - Hypothesis dk_000: float64, float64 
[ 2022-12-12 23:57:55,077 ] 88 root - INFO - Hypothesis dl_000: float64, float64 
[ 2022-12-12 23:57:55,092 ] 88 root - INFO - Hypothesis dm_000: float64, float64 
[ 2022-12-12 23:57:55,107 ] 88 root - INFO - Hypothesis dn_000: float64, float64 
[ 2022-12-12 23:57:55,114 ] 88 root - INFO - Hypothesis do_000: float64, float64 
[ 2022-12-12 23:57:55,120 ] 88 root - INFO - Hypothesis dp_000: float64, float64 
[ 2022-12-12 23:57:55,127 ] 88 root - INFO - Hypothesis dq_000: float64, float64 
[ 2022-12-12 23:57:55,131 ] 88 root - INFO - Hypothesis dr_000: float64, float64 
[ 2022-12-12 23:57:55,136 ] 88 root - INFO - Hypothesis ds_000: float64, float64 
[ 2022-12-12 23:57:55,143 ] 88 root - INFO - Hypothesis dt_000: float64, float64 
[ 2022-12-12 23:57:55,150 ] 88 root - INFO - Hypothesis du_000: float64, float64 
[ 2022-12-12 23:57:55,157 ] 88 root - INFO - Hypothesis dv_000: float64, float64 
[ 2022-12-12 23:57:55,163 ] 88 root - INFO - Hypothesis dx_000: float64, float64 
[ 2022-12-12 23:57:55,168 ] 88 root - INFO - Hypothesis dy_000: float64, float64 
[ 2022-12-12 23:57:55,185 ] 88 root - INFO - Hypothesis dz_000: float64, float64 
[ 2022-12-12 23:57:55,199 ] 88 root - INFO - Hypothesis ea_000: float64, float64 
[ 2022-12-12 23:57:55,215 ] 88 root - INFO - Hypothesis eb_000: float64, float64 
[ 2022-12-12 23:57:55,220 ] 88 root - INFO - Hypothesis ec_00: float64, float64 
[ 2022-12-12 23:57:55,227 ] 88 root - INFO - Hypothesis ed_000: float64, float64 
[ 2022-12-12 23:57:55,233 ] 88 root - INFO - Hypothesis ee_000: float64, float64 
[ 2022-12-12 23:57:55,240 ] 88 root - INFO - Hypothesis ee_001: float64, float64 
[ 2022-12-12 23:57:55,247 ] 88 root - INFO - Hypothesis ee_002: float64, float64 
[ 2022-12-12 23:57:55,254 ] 88 root - INFO - Hypothesis ee_003: float64, float64 
[ 2022-12-12 23:57:55,261 ] 88 root - INFO - Hypothesis ee_004: float64, float64 
[ 2022-12-12 23:57:55,268 ] 88 root - INFO - Hypothesis ee_005: float64, float64 
[ 2022-12-12 23:57:55,274 ] 88 root - INFO - Hypothesis ee_006: float64, float64 
[ 2022-12-12 23:57:55,282 ] 88 root - INFO - Hypothesis ee_007: float64, float64 
[ 2022-12-12 23:57:55,288 ] 88 root - INFO - Hypothesis ee_008: float64, float64 
[ 2022-12-12 23:57:55,294 ] 88 root - INFO - Hypothesis ee_009: float64, float64 
[ 2022-12-12 23:57:55,300 ] 88 root - INFO - Hypothesis ef_000: float64, float64 
[ 2022-12-12 23:57:55,315 ] 88 root - INFO - Hypothesis eg_000: float64, float64 
[ 2022-12-12 23:57:55,330 ] 147 root - INFO - Write reprt in yaml file
